2020-07-21 09:15:36.578  WARN 14804 --- [HikariPool-1 housekeeper] com.zaxxer.hikari.pool.HikariPool        : HikariPool-1 - Thread starvation or clock leap detected (housekeeper delta=10h2m26s996ms159µs100ns).
2020-07-21 12:46:17.541  INFO 13352 --- [restartedMain] com.alvis.exam.ExamApplication           : Starting ExamApplication on LAPTOP-DA32CNEO with PID 13352 (E:\uexam_project\uexam\source\exam\source\exam\target\classes started by 10983 in E:\uexam_project\uexam\source\exam\source\exam)
2020-07-21 12:46:17.543  INFO 13352 --- [restartedMain] com.alvis.exam.ExamApplication           : The following profiles are active: dev
2020-07-21 12:46:17.604  INFO 13352 --- [restartedMain] .e.DevToolsPropertyDefaultsPostProcessor : Devtools property defaults active! Set 'spring.devtools.add-properties' to 'false' to disable
2020-07-21 12:46:17.605  INFO 13352 --- [restartedMain] .e.DevToolsPropertyDefaultsPostProcessor : For additional web related logging consider setting the 'logging.level.web' property to 'DEBUG'
2020-07-21 12:46:18.267  INFO 13352 --- [restartedMain] .s.d.r.c.RepositoryConfigurationDelegate : Multiple Spring Data modules found, entering strict repository configuration mode!
2020-07-21 12:46:18.269  INFO 13352 --- [restartedMain] .s.d.r.c.RepositoryConfigurationDelegate : Bootstrapping Spring Data repositories in DEFAULT mode.
2020-07-21 12:46:18.309  INFO 13352 --- [restartedMain] .s.d.r.c.RepositoryConfigurationDelegate : Finished Spring Data repository scanning in 31ms. Found 0 repository interfaces.
2020-07-21 12:46:18.629  INFO 13352 --- [restartedMain] trationDelegate$BeanPostProcessorChecker : Bean 'cacheConfig' of type [com.alvis.exam.configuration.spring.cache.CacheConfig$$EnhancerBySpringCGLIB$$3f42d89d] is not eligible for getting processed by all BeanPostProcessors (for example: not eligible for auto-proxying)
2020-07-21 12:46:18.635  INFO 13352 --- [restartedMain] trationDelegate$BeanPostProcessorChecker : Bean 'org.springframework.transaction.annotation.ProxyTransactionManagementConfiguration' of type [org.springframework.transaction.annotation.ProxyTransactionManagementConfiguration$$EnhancerBySpringCGLIB$$d71f23e0] is not eligible for getting processed by all BeanPostProcessors (for example: not eligible for auto-proxying)
2020-07-21 12:46:18.902  WARN 13352 --- [restartedMain] io.undertow.websockets.jsr               : UT026010: Buffer pool was not set on WebSocketDeploymentInfo, the default pool will be used
2020-07-21 12:46:18.922  INFO 13352 --- [restartedMain] io.undertow.servlet                      : Initializing Spring embedded WebApplicationContext
2020-07-21 12:46:18.922  INFO 13352 --- [restartedMain] o.s.web.context.ContextLoader            : Root WebApplicationContext: initialization completed in 1317 ms
2020-07-21 12:46:19.897  INFO 13352 --- [restartedMain] o.s.s.web.DefaultSecurityFilterChain     : Creating filter chain: any request, [org.springframework.security.web.context.request.async.WebAsyncManagerIntegrationFilter@332d0e90, org.springframework.security.web.context.SecurityContextPersistenceFilter@285ea723, org.springframework.security.web.header.HeaderWriterFilter@5e605aef, org.springframework.web.filter.CorsFilter@57f6144c, org.springframework.security.web.authentication.logout.LogoutFilter@294b9439, com.alvis.exam.configuration.spring.security.RestLoginAuthenticationFilter@49fdb3da, org.springframework.security.web.authentication.UsernamePasswordAuthenticationFilter@313d68be, org.springframework.security.web.savedrequest.RequestCacheAwareFilter@73e6b366, org.springframework.security.web.servletapi.SecurityContextHolderAwareRequestFilter@5c01743a, org.springframework.security.web.authentication.rememberme.RememberMeAuthenticationFilter@2d31976e, org.springframework.security.web.authentication.AnonymousAuthenticationFilter@49cf9468, org.springframework.security.web.session.SessionManagementFilter@29e331fa, org.springframework.security.web.access.ExceptionTranslationFilter@74a41039, org.springframework.security.web.access.intercept.FilterSecurityInterceptor@38fb0c9]
2020-07-21 12:46:20.249  INFO 13352 --- [restartedMain] io.lettuce.core.EpollProvider            : Starting without optional epoll library
2020-07-21 12:46:20.250  INFO 13352 --- [restartedMain] io.lettuce.core.KqueueProvider           : Starting without optional kqueue library
2020-07-21 12:46:22.542  WARN 13352 --- [restartedMain] ConfigServletWebServerApplicationContext : Exception encountered during context initialization - cancelling refresh attempt: org.springframework.beans.factory.BeanCreationException: Error creating bean with name 'enableRedisKeyspaceNotificationsInitializer' defined in class path resource [org/springframework/boot/autoconfigure/session/RedisSessionConfiguration$SpringBootRedisHttpSessionConfiguration.class]: Invocation of init method failed; nested exception is org.springframework.data.redis.connection.PoolException: Could not get a resource from the pool; nested exception is io.lettuce.core.RedisConnectionException: Unable to connect to localhost:6379
2020-07-21 12:46:23.673  INFO 13352 --- [restartedMain] ConditionEvaluationReportLoggingListener : 

Error starting ApplicationContext. To display the conditions report re-run your application with 'debug' enabled.
2020-07-21 12:46:23.678 ERROR 13352 --- [restartedMain] o.s.boot.SpringApplication               : Application run failed

org.springframework.beans.factory.BeanCreationException: Error creating bean with name 'enableRedisKeyspaceNotificationsInitializer' defined in class path resource [org/springframework/boot/autoconfigure/session/RedisSessionConfiguration$SpringBootRedisHttpSessionConfiguration.class]: Invocation of init method failed; nested exception is org.springframework.data.redis.connection.PoolException: Could not get a resource from the pool; nested exception is io.lettuce.core.RedisConnectionException: Unable to connect to localhost:6379
	at org.springframework.beans.factory.support.AbstractAutowireCapableBeanFactory.initializeBean(AbstractAutowireCapableBeanFactory.java:1778)
	at org.springframework.beans.factory.support.AbstractAutowireCapableBeanFactory.doCreateBean(AbstractAutowireCapableBeanFactory.java:593)
	at org.springframework.beans.factory.support.AbstractAutowireCapableBeanFactory.createBean(AbstractAutowireCapableBeanFactory.java:515)
	at org.springframework.beans.factory.support.AbstractBeanFactory.lambda$doGetBean$0(AbstractBeanFactory.java:320)
	at org.springframework.beans.factory.support.DefaultSingletonBeanRegistry.getSingleton(DefaultSingletonBeanRegistry.java:222)
	at org.springframework.beans.factory.support.AbstractBeanFactory.doGetBean(AbstractBeanFactory.java:318)
	at org.springframework.beans.factory.support.AbstractBeanFactory.getBean(AbstractBeanFactory.java:199)
	at org.springframework.beans.factory.support.DefaultListableBeanFactory.preInstantiateSingletons(DefaultListableBeanFactory.java:845)
	at org.springframework.context.support.AbstractApplicationContext.finishBeanFactoryInitialization(AbstractApplicationContext.java:877)
	at org.springframework.context.support.AbstractApplicationContext.refresh(AbstractApplicationContext.java:549)
	at org.springframework.boot.web.servlet.context.ServletWebServerApplicationContext.refresh(ServletWebServerApplicationContext.java:140)
	at org.springframework.boot.SpringApplication.refresh(SpringApplication.java:742)
	at org.springframework.boot.SpringApplication.refreshContext(SpringApplication.java:389)
	at org.springframework.boot.SpringApplication.run(SpringApplication.java:311)
	at org.springframework.boot.SpringApplication.run(SpringApplication.java:1213)
	at org.springframework.boot.SpringApplication.run(SpringApplication.java:1202)
	at com.alvis.exam.ExamApplication.main(ExamApplication.java:20)
	at sun.reflect.NativeMethodAccessorImpl.invoke0(Native Method)
	at sun.reflect.NativeMethodAccessorImpl.invoke(NativeMethodAccessorImpl.java:62)
	at sun.reflect.DelegatingMethodAccessorImpl.invoke(DelegatingMethodAccessorImpl.java:43)
	at java.lang.reflect.Method.invoke(Method.java:498)
	at org.springframework.boot.devtools.restart.RestartLauncher.run(RestartLauncher.java:49)
Caused by: org.springframework.data.redis.connection.PoolException: Could not get a resource from the pool; nested exception is io.lettuce.core.RedisConnectionException: Unable to connect to localhost:6379
	at org.springframework.data.redis.connection.lettuce.LettucePoolingConnectionProvider.getConnection(LettucePoolingConnectionProvider.java:86)
	at org.springframework.data.redis.connection.lettuce.LettuceConnectionFactory$SharedConnection.getNativeConnection(LettuceConnectionFactory.java:1104)
	at org.springframework.data.redis.connection.lettuce.LettuceConnectionFactory$SharedConnection.getConnection(LettuceConnectionFactory.java:1085)
	at org.springframework.data.redis.connection.lettuce.LettuceConnectionFactory.getSharedConnection(LettuceConnectionFactory.java:866)
	at org.springframework.data.redis.connection.lettuce.LettuceConnectionFactory.getConnection(LettuceConnectionFactory.java:341)
	at org.springframework.session.data.redis.config.annotation.web.http.RedisHttpSessionConfiguration$EnableRedisKeyspaceNotificationsInitializer.afterPropertiesSet(RedisHttpSessionConfiguration.java:302)
	at org.springframework.beans.factory.support.AbstractAutowireCapableBeanFactory.invokeInitMethods(AbstractAutowireCapableBeanFactory.java:1837)
	at org.springframework.beans.factory.support.AbstractAutowireCapableBeanFactory.initializeBean(AbstractAutowireCapableBeanFactory.java:1774)
	... 21 common frames omitted
Caused by: io.lettuce.core.RedisConnectionException: Unable to connect to localhost:6379
	at io.lettuce.core.RedisConnectionException.create(RedisConnectionException.java:78)
	at io.lettuce.core.RedisConnectionException.create(RedisConnectionException.java:56)
	at io.lettuce.core.AbstractRedisClient.getConnection(AbstractRedisClient.java:235)
	at io.lettuce.core.RedisClient.connect(RedisClient.java:204)
	at org.springframework.data.redis.connection.lettuce.StandaloneConnectionProvider.lambda$getConnection$1(StandaloneConnectionProvider.java:113)
	at java.util.Optional.orElseGet(Optional.java:267)
	at org.springframework.data.redis.connection.lettuce.StandaloneConnectionProvider.getConnection(StandaloneConnectionProvider.java:113)
	at org.springframework.data.redis.connection.lettuce.LettucePoolingConnectionProvider.lambda$null$0(LettucePoolingConnectionProvider.java:74)
	at io.lettuce.core.support.ConnectionPoolSupport$RedisPooledObjectFactory.create(ConnectionPoolSupport.java:209)
	at io.lettuce.core.support.ConnectionPoolSupport$RedisPooledObjectFactory.create(ConnectionPoolSupport.java:199)
	at org.apache.commons.pool2.BasePooledObjectFactory.makeObject(BasePooledObjectFactory.java:58)
	at org.apache.commons.pool2.impl.GenericObjectPool.create(GenericObjectPool.java:874)
	at org.apache.commons.pool2.impl.GenericObjectPool.borrowObject(GenericObjectPool.java:417)
	at org.apache.commons.pool2.impl.GenericObjectPool.borrowObject(GenericObjectPool.java:346)
	at io.lettuce.core.support.ConnectionPoolSupport$1.borrowObject(ConnectionPoolSupport.java:122)
	at io.lettuce.core.support.ConnectionPoolSupport$1.borrowObject(ConnectionPoolSupport.java:117)
	at org.springframework.data.redis.connection.lettuce.LettucePoolingConnectionProvider.getConnection(LettucePoolingConnectionProvider.java:80)
	... 28 common frames omitted
Caused by: io.netty.channel.AbstractChannel$AnnotatedConnectException: Connection refused: no further information: localhost/127.0.0.1:6379
	at sun.nio.ch.SocketChannelImpl.checkConnect(Native Method)
	at sun.nio.ch.SocketChannelImpl.finishConnect(SocketChannelImpl.java:717)
	at io.netty.channel.socket.nio.NioSocketChannel.doFinishConnect(NioSocketChannel.java:327)
	at io.netty.channel.nio.AbstractNioChannel$AbstractNioUnsafe.finishConnect(AbstractNioChannel.java:340)
	at io.netty.channel.nio.NioEventLoop.processSelectedKey(NioEventLoop.java:670)
	at io.netty.channel.nio.NioEventLoop.processSelectedKeysOptimized(NioEventLoop.java:617)
	at io.netty.channel.nio.NioEventLoop.processSelectedKeys(NioEventLoop.java:534)
	at io.netty.channel.nio.NioEventLoop.run(NioEventLoop.java:496)
	at io.netty.util.concurrent.SingleThreadEventExecutor$5.run(SingleThreadEventExecutor.java:906)
	at io.netty.util.internal.ThreadExecutorMap$2.run(ThreadExecutorMap.java:74)
	at io.netty.util.concurrent.FastThreadLocalRunnable.run(FastThreadLocalRunnable.java:30)
	at java.lang.Thread.run(Thread.java:748)
Caused by: java.net.ConnectException: Connection refused: no further information
	... 12 common frames omitted

2020-07-21 13:21:02.171  INFO 2636 --- [restartedMain] com.alvis.exam.ExamApplication           : Starting ExamApplication on LAPTOP-DA32CNEO with PID 2636 (E:\uexam_project\uexam\source\exam\source\exam\target\classes started by 10983 in E:\uexam_project\uexam\source\exam\source\exam)
2020-07-21 13:21:02.172  INFO 2636 --- [restartedMain] com.alvis.exam.ExamApplication           : The following profiles are active: dev
2020-07-21 13:21:02.231  INFO 2636 --- [restartedMain] .e.DevToolsPropertyDefaultsPostProcessor : Devtools property defaults active! Set 'spring.devtools.add-properties' to 'false' to disable
2020-07-21 13:21:02.231  INFO 2636 --- [restartedMain] .e.DevToolsPropertyDefaultsPostProcessor : For additional web related logging consider setting the 'logging.level.web' property to 'DEBUG'
2020-07-21 13:21:02.898  INFO 2636 --- [restartedMain] .s.d.r.c.RepositoryConfigurationDelegate : Multiple Spring Data modules found, entering strict repository configuration mode!
2020-07-21 13:21:02.900  INFO 2636 --- [restartedMain] .s.d.r.c.RepositoryConfigurationDelegate : Bootstrapping Spring Data repositories in DEFAULT mode.
2020-07-21 13:21:02.936  INFO 2636 --- [restartedMain] .s.d.r.c.RepositoryConfigurationDelegate : Finished Spring Data repository scanning in 27ms. Found 0 repository interfaces.
2020-07-21 13:21:03.255  INFO 2636 --- [restartedMain] trationDelegate$BeanPostProcessorChecker : Bean 'cacheConfig' of type [com.alvis.exam.configuration.spring.cache.CacheConfig$$EnhancerBySpringCGLIB$$7396b200] is not eligible for getting processed by all BeanPostProcessors (for example: not eligible for auto-proxying)
2020-07-21 13:21:03.262  INFO 2636 --- [restartedMain] trationDelegate$BeanPostProcessorChecker : Bean 'org.springframework.transaction.annotation.ProxyTransactionManagementConfiguration' of type [org.springframework.transaction.annotation.ProxyTransactionManagementConfiguration$$EnhancerBySpringCGLIB$$b72fd43] is not eligible for getting processed by all BeanPostProcessors (for example: not eligible for auto-proxying)
2020-07-21 13:21:03.494  WARN 2636 --- [restartedMain] io.undertow.websockets.jsr               : UT026010: Buffer pool was not set on WebSocketDeploymentInfo, the default pool will be used
2020-07-21 13:21:03.510  INFO 2636 --- [restartedMain] io.undertow.servlet                      : Initializing Spring embedded WebApplicationContext
2020-07-21 13:21:03.510  INFO 2636 --- [restartedMain] o.s.web.context.ContextLoader            : Root WebApplicationContext: initialization completed in 1278 ms
2020-07-21 13:21:04.465  INFO 2636 --- [restartedMain] o.s.s.web.DefaultSecurityFilterChain     : Creating filter chain: any request, [org.springframework.security.web.context.request.async.WebAsyncManagerIntegrationFilter@6cf44aee, org.springframework.security.web.context.SecurityContextPersistenceFilter@195f3fe7, org.springframework.security.web.header.HeaderWriterFilter@5c0faa3e, org.springframework.web.filter.CorsFilter@186c23bf, org.springframework.security.web.authentication.logout.LogoutFilter@277ed8a8, com.alvis.exam.configuration.spring.security.RestLoginAuthenticationFilter@3f30b7ad, org.springframework.security.web.authentication.UsernamePasswordAuthenticationFilter@2585e898, org.springframework.security.web.savedrequest.RequestCacheAwareFilter@4ecc925e, org.springframework.security.web.servletapi.SecurityContextHolderAwareRequestFilter@2c263bdb, org.springframework.security.web.authentication.rememberme.RememberMeAuthenticationFilter@31d131ca, org.springframework.security.web.authentication.AnonymousAuthenticationFilter@6d6659f5, org.springframework.security.web.session.SessionManagementFilter@bcbb436, org.springframework.security.web.access.ExceptionTranslationFilter@58deb792, org.springframework.security.web.access.intercept.FilterSecurityInterceptor@4062dd83]
2020-07-21 13:21:04.803  INFO 2636 --- [restartedMain] io.lettuce.core.EpollProvider            : Starting without optional epoll library
2020-07-21 13:21:04.804  INFO 2636 --- [restartedMain] io.lettuce.core.KqueueProvider           : Starting without optional kqueue library
2020-07-21 13:21:05.199  INFO 2636 --- [restartedMain] o.s.b.d.a.OptionalLiveReloadServer       : LiveReload server is running on port 35729
2020-07-21 13:21:05.776  INFO 2636 --- [restartedMain] s.a.ScheduledAnnotationBeanPostProcessor : No TaskScheduler/ScheduledExecutorService bean found for scheduled processing
2020-07-21 13:21:05.802  INFO 2636 --- [restartedMain] org.xnio                                 : XNIO version 3.3.8.Final
2020-07-21 13:21:05.811  INFO 2636 --- [restartedMain] org.xnio.nio                             : XNIO NIO Implementation Version 3.3.8.Final
2020-07-21 13:21:05.854  INFO 2636 --- [restartedMain] o.s.b.w.e.u.UndertowServletWebServer     : Undertow started on port(s) 8000 (http) with context path ''
2020-07-21 13:21:05.858  INFO 2636 --- [restartedMain] com.alvis.exam.ExamApplication           : Started ExamApplication in 4.018 seconds (JVM running for 4.673)
2020-07-21 13:22:28.726  INFO 2636 --- [XNIO-1 task-1] io.undertow.servlet                      : Initializing Spring DispatcherServlet 'dispatcherServlet'
2020-07-21 13:22:28.726  INFO 2636 --- [XNIO-1 task-1] o.s.web.servlet.DispatcherServlet        : Initializing Servlet 'dispatcherServlet'
2020-07-21 13:22:28.736  INFO 2636 --- [XNIO-1 task-1] o.s.web.servlet.DispatcherServlet        : Completed initialization in 9 ms
2020-07-21 13:22:38.222  INFO 2636 --- [XNIO-1 task-3] com.zaxxer.hikari.HikariDataSource       : HikariPool-1 - Starting...
2020-07-21 13:22:38.321  INFO 2636 --- [XNIO-1 task-3] com.zaxxer.hikari.HikariDataSource       : HikariPool-1 - Start completed.
2020-07-21 13:22:38.325 DEBUG 2636 --- [XNIO-1 task-3] r.c.a.e.r.UserMapper.getUserByUserName   : ==>  Preparing: select id, user_uuid, user_name, password, real_name, age, sex, birth_day, user_level, phone, role, status, image_path, create_time, modify_time, last_active_time, deleted, wx_open_id from t_user where deleted=0 and user_name=? limit 1 
2020-07-21 13:22:38.342 DEBUG 2636 --- [XNIO-1 task-3] r.c.a.e.r.UserMapper.getUserByUserName   : ==> Parameters: admin(String)
2020-07-21 13:22:38.364 DEBUG 2636 --- [XNIO-1 task-3] r.c.a.e.r.UserMapper.getUserByUserName   : <==      Total: 1
2020-07-21 13:22:38.612 DEBUG 2636 --- [XNIO-1 task-3] r.c.a.e.r.U.insertSelective              : ==>  Preparing: insert into t_user_event_log ( user_id, user_name, real_name, content, create_time ) values ( ?, ?, ?, ?, ? ) 
2020-07-21 13:22:38.614 DEBUG 2636 --- [XNIO-1 task-3] r.c.a.e.r.U.insertSelective              : ==> Parameters: 2(Integer), admin(String), 管理员(String), admin 登录了学之思考试系统(String), 2020-07-21 13:22:38.596(Timestamp)
2020-07-21 13:22:38.619 DEBUG 2636 --- [XNIO-1 task-3] r.c.a.e.r.U.insertSelective              : <==    Updates: 1
2020-07-21 13:22:38.724 DEBUG 2636 --- [XNIO-1 task-4] r.c.a.e.r.E.selectAllCount               : ==>  Preparing: SELECT count(*) from t_exam_paper where deleted=0 
2020-07-21 13:22:38.724 DEBUG 2636 --- [XNIO-1 task-4] r.c.a.e.r.E.selectAllCount               : ==> Parameters: 
2020-07-21 13:22:38.726 DEBUG 2636 --- [XNIO-1 task-4] r.c.a.e.r.E.selectAllCount               : <==      Total: 1
2020-07-21 13:22:38.727 DEBUG 2636 --- [XNIO-1 task-4] r.c.a.e.r.QuestionMapper.selectAllCount  : ==>  Preparing: SELECT count(*) from t_question where deleted=0 
2020-07-21 13:22:38.727 DEBUG 2636 --- [XNIO-1 task-4] r.c.a.e.r.QuestionMapper.selectAllCount  : ==> Parameters: 
2020-07-21 13:22:38.728 DEBUG 2636 --- [XNIO-1 task-4] r.c.a.e.r.QuestionMapper.selectAllCount  : <==      Total: 1
2020-07-21 13:22:38.729 DEBUG 2636 --- [XNIO-1 task-4] r.c.a.e.r.E.selectAllCount               : ==>  Preparing: SELECT count(*) from t_exam_paper_answer 
2020-07-21 13:22:38.730 DEBUG 2636 --- [XNIO-1 task-4] r.c.a.e.r.E.selectAllCount               : ==> Parameters: 
2020-07-21 13:22:38.731 DEBUG 2636 --- [XNIO-1 task-4] r.c.a.e.r.E.selectAllCount               : <==      Total: 1
2020-07-21 13:22:38.732 DEBUG 2636 --- [XNIO-1 task-4] r.c.a.e.r.E.selectAllCount               : ==>  Preparing: SELECT count(*) from t_exam_paper_question_customer_answer 
2020-07-21 13:22:38.732 DEBUG 2636 --- [XNIO-1 task-4] r.c.a.e.r.E.selectAllCount               : ==> Parameters: 
2020-07-21 13:22:38.734 DEBUG 2636 --- [XNIO-1 task-4] r.c.a.e.r.E.selectAllCount               : <==      Total: 1
2020-07-21 13:22:38.736 DEBUG 2636 --- [XNIO-1 task-4] r.c.a.e.r.U.selectCountByDate            : ==>  Preparing: SELECT create_time as name,COUNT(create_time) as value from ( SELECT DATE_FORMAT(create_time,'%Y-%m-%d') as create_time from t_user_event_log WHERE create_time between ? and ? ) a GROUP BY create_time 
2020-07-21 13:22:38.737 DEBUG 2636 --- [XNIO-1 task-4] r.c.a.e.r.U.selectCountByDate            : ==> Parameters: 2020-07-01 00:00:00.0(Timestamp), 2020-07-31 23:59:59.0(Timestamp)
2020-07-21 13:22:38.739 DEBUG 2636 --- [XNIO-1 task-4] r.c.a.e.r.U.selectCountByDate            : <==      Total: 7
2020-07-21 13:22:38.741 DEBUG 2636 --- [XNIO-1 task-4] r.c.a.e.r.E.selectCountByDate            : ==>  Preparing: SELECT create_time as name,COUNT(create_time) as value from ( SELECT DATE_FORMAT(create_time,'%Y-%m-%d') as create_time from t_exam_paper_question_customer_answer WHERE create_time between ? and ? ) a GROUP BY create_time 
2020-07-21 13:22:38.742 DEBUG 2636 --- [XNIO-1 task-4] r.c.a.e.r.E.selectCountByDate            : ==> Parameters: 2020-07-01 00:00:00.0(Timestamp), 2020-07-31 23:59:59.0(Timestamp)
2020-07-21 13:22:38.743 DEBUG 2636 --- [XNIO-1 task-4] r.c.a.e.r.E.selectCountByDate            : <==      Total: 1
2020-07-21 14:47:06.218  WARN 2636 --- [redisMessageListenerContainer-4] s.s.d.r.RedisOperationsSessionRepository : Unable to publish SessionDestroyedEvent for session 177ff071-5c92-4dfb-84e0-579905ba411e
2020-07-21 14:47:08.572  WARN 2636 --- [HikariPool-1 housekeeper] com.zaxxer.hikari.pool.HikariPool        : HikariPool-1 - Thread starvation or clock leap detected (housekeeper delta=1h1m107ms67µs301ns).
2020-07-21 14:54:10.073 DEBUG 2636 --- [XNIO-1 task-6] r.c.a.e.r.U.insertSelective              : ==>  Preparing: insert into t_user_event_log ( user_id, user_name, real_name, content, create_time ) values ( ?, ?, ?, ?, ? ) 
2020-07-21 14:54:10.074 DEBUG 2636 --- [XNIO-1 task-6] r.c.a.e.r.U.insertSelective              : ==> Parameters: 2(Integer), admin(String), 管理员(String), admin 登录了学之思考试系统(String), 2020-07-21 14:54:10.07(Timestamp)
2020-07-21 14:54:10.086 DEBUG 2636 --- [XNIO-1 task-6] r.c.a.e.r.U.insertSelective              : <==    Updates: 1
2020-07-21 14:54:10.168 DEBUG 2636 --- [XNIO-1 task-7] r.c.a.e.r.E.selectAllCount               : ==>  Preparing: SELECT count(*) from t_exam_paper where deleted=0 
2020-07-21 14:54:10.169 DEBUG 2636 --- [XNIO-1 task-7] r.c.a.e.r.E.selectAllCount               : ==> Parameters: 
2020-07-21 14:54:10.170 DEBUG 2636 --- [XNIO-1 task-7] r.c.a.e.r.E.selectAllCount               : <==      Total: 1
2020-07-21 14:54:10.170 DEBUG 2636 --- [XNIO-1 task-7] r.c.a.e.r.QuestionMapper.selectAllCount  : ==>  Preparing: SELECT count(*) from t_question where deleted=0 
2020-07-21 14:54:10.171 DEBUG 2636 --- [XNIO-1 task-7] r.c.a.e.r.QuestionMapper.selectAllCount  : ==> Parameters: 
2020-07-21 14:54:10.171 DEBUG 2636 --- [XNIO-1 task-7] r.c.a.e.r.QuestionMapper.selectAllCount  : <==      Total: 1
2020-07-21 14:54:10.172 DEBUG 2636 --- [XNIO-1 task-7] r.c.a.e.r.E.selectAllCount               : ==>  Preparing: SELECT count(*) from t_exam_paper_answer 
2020-07-21 14:54:10.173 DEBUG 2636 --- [XNIO-1 task-7] r.c.a.e.r.E.selectAllCount               : ==> Parameters: 
2020-07-21 14:54:10.175 DEBUG 2636 --- [XNIO-1 task-7] r.c.a.e.r.E.selectAllCount               : <==      Total: 1
2020-07-21 14:54:10.176 DEBUG 2636 --- [XNIO-1 task-7] r.c.a.e.r.E.selectAllCount               : ==>  Preparing: SELECT count(*) from t_exam_paper_question_customer_answer 
2020-07-21 14:54:10.176 DEBUG 2636 --- [XNIO-1 task-7] r.c.a.e.r.E.selectAllCount               : ==> Parameters: 
2020-07-21 14:54:10.178 DEBUG 2636 --- [XNIO-1 task-7] r.c.a.e.r.E.selectAllCount               : <==      Total: 1
2020-07-21 14:54:10.179 DEBUG 2636 --- [XNIO-1 task-7] r.c.a.e.r.U.selectCountByDate            : ==>  Preparing: SELECT create_time as name,COUNT(create_time) as value from ( SELECT DATE_FORMAT(create_time,'%Y-%m-%d') as create_time from t_user_event_log WHERE create_time between ? and ? ) a GROUP BY create_time 
2020-07-21 14:54:10.180 DEBUG 2636 --- [XNIO-1 task-7] r.c.a.e.r.U.selectCountByDate            : ==> Parameters: 2020-07-01 00:00:00.0(Timestamp), 2020-07-31 23:59:59.0(Timestamp)
2020-07-21 14:54:10.182 DEBUG 2636 --- [XNIO-1 task-7] r.c.a.e.r.U.selectCountByDate            : <==      Total: 7
2020-07-21 14:54:10.183 DEBUG 2636 --- [XNIO-1 task-7] r.c.a.e.r.E.selectCountByDate            : ==>  Preparing: SELECT create_time as name,COUNT(create_time) as value from ( SELECT DATE_FORMAT(create_time,'%Y-%m-%d') as create_time from t_exam_paper_question_customer_answer WHERE create_time between ? and ? ) a GROUP BY create_time 
2020-07-21 14:54:10.183 DEBUG 2636 --- [XNIO-1 task-7] r.c.a.e.r.E.selectCountByDate            : ==> Parameters: 2020-07-01 00:00:00.0(Timestamp), 2020-07-31 23:59:59.0(Timestamp)
2020-07-21 14:54:10.185 DEBUG 2636 --- [XNIO-1 task-7] r.c.a.e.r.E.selectCountByDate            : <==      Total: 1
2020-07-21 14:56:43.093 DEBUG 2636 --- [XNIO-1 task-8] r.c.a.e.r.SubjectMapper.allSubject       : ==>  Preparing: select id, name, level, level_name, item_order, deleted from t_subject WHERE deleted=0 
2020-07-21 14:56:43.093 DEBUG 2636 --- [XNIO-1 task-8] r.c.a.e.r.SubjectMapper.allSubject       : ==> Parameters: 
2020-07-21 14:56:43.095 DEBUG 2636 --- [XNIO-1 task-8] r.c.a.e.r.SubjectMapper.allSubject       : <==      Total: 1
2020-07-21 14:56:43.136 DEBUG 2636 --- [XNIO-1 task-9] r.c.a.e.r.ExamPaperMapper.page_COUNT     : ==>  Preparing: SELECT count(0) FROM t_exam_paper WHERE deleted = 0 
2020-07-21 14:56:43.136 DEBUG 2636 --- [XNIO-1 task-9] r.c.a.e.r.ExamPaperMapper.page_COUNT     : ==> Parameters: 
2020-07-21 14:56:43.137 DEBUG 2636 --- [XNIO-1 task-9] r.c.a.e.r.ExamPaperMapper.page_COUNT     : <==      Total: 1
2020-07-21 14:56:43.141 DEBUG 2636 --- [XNIO-1 task-9] r.c.a.e.repository.ExamPaperMapper.page  : ==>  Preparing: SELECT id, name, subject_id, paper_type, grade_level, score, question_count, suggest_time, limit_start_time, limit_end_time, frame_text_content_id, create_user, create_time, deleted, task_exam_id FROM t_exam_paper WHERE deleted = 0 order by id desc LIMIT ? 
2020-07-21 14:56:43.142 DEBUG 2636 --- [XNIO-1 task-9] r.c.a.e.repository.ExamPaperMapper.page  : ==> Parameters: 10(Integer)
2020-07-21 14:56:43.144 DEBUG 2636 --- [XNIO-1 task-9] r.c.a.e.repository.ExamPaperMapper.page  : <==      Total: 2
2020-07-21 15:09:07.618  INFO 7808 --- [restartedMain] com.alvis.exam.ExamApplication           : Starting ExamApplication on LAPTOP-DA32CNEO with PID 7808 (E:\uexam_project\uexam\source\exam\source\exam\target\classes started by 10983 in E:\uexam_project\uexam\source\exam\source\exam)
2020-07-21 15:09:07.618  INFO 7808 --- [restartedMain] com.alvis.exam.ExamApplication           : The following profiles are active: dev
2020-07-21 15:09:07.681  INFO 7808 --- [restartedMain] .e.DevToolsPropertyDefaultsPostProcessor : Devtools property defaults active! Set 'spring.devtools.add-properties' to 'false' to disable
2020-07-21 15:09:07.681  INFO 7808 --- [restartedMain] .e.DevToolsPropertyDefaultsPostProcessor : For additional web related logging consider setting the 'logging.level.web' property to 'DEBUG'
2020-07-21 15:09:08.353  INFO 7808 --- [restartedMain] .s.d.r.c.RepositoryConfigurationDelegate : Multiple Spring Data modules found, entering strict repository configuration mode!
2020-07-21 15:09:08.353  INFO 7808 --- [restartedMain] .s.d.r.c.RepositoryConfigurationDelegate : Bootstrapping Spring Data repositories in DEFAULT mode.
2020-07-21 15:09:08.400  INFO 7808 --- [restartedMain] .s.d.r.c.RepositoryConfigurationDelegate : Finished Spring Data repository scanning in 32ms. Found 0 repository interfaces.
2020-07-21 15:09:08.712  INFO 7808 --- [restartedMain] trationDelegate$BeanPostProcessorChecker : Bean 'cacheConfig' of type [com.alvis.exam.configuration.spring.cache.CacheConfig$$EnhancerBySpringCGLIB$$8ee94717] is not eligible for getting processed by all BeanPostProcessors (for example: not eligible for auto-proxying)
2020-07-21 15:09:08.712  INFO 7808 --- [restartedMain] trationDelegate$BeanPostProcessorChecker : Bean 'org.springframework.transaction.annotation.ProxyTransactionManagementConfiguration' of type [org.springframework.transaction.annotation.ProxyTransactionManagementConfiguration$$EnhancerBySpringCGLIB$$26c5925a] is not eligible for getting processed by all BeanPostProcessors (for example: not eligible for auto-proxying)
2020-07-21 15:09:08.962  WARN 7808 --- [restartedMain] io.undertow.websockets.jsr               : UT026010: Buffer pool was not set on WebSocketDeploymentInfo, the default pool will be used
2020-07-21 15:09:08.978  INFO 7808 --- [restartedMain] io.undertow.servlet                      : Initializing Spring embedded WebApplicationContext
2020-07-21 15:09:08.978  INFO 7808 --- [restartedMain] o.s.web.context.ContextLoader            : Root WebApplicationContext: initialization completed in 1297 ms
2020-07-21 15:09:10.077  INFO 7808 --- [restartedMain] o.s.s.web.DefaultSecurityFilterChain     : Creating filter chain: any request, [org.springframework.security.web.context.request.async.WebAsyncManagerIntegrationFilter@3d152535, org.springframework.security.web.context.SecurityContextPersistenceFilter@60df9ba4, org.springframework.security.web.header.HeaderWriterFilter@5c3f614d, org.springframework.web.filter.CorsFilter@6b5e3cea, org.springframework.security.web.authentication.logout.LogoutFilter@1ff1fd22, com.alvis.exam.configuration.spring.security.RestLoginAuthenticationFilter@1e95fe90, org.springframework.security.web.authentication.UsernamePasswordAuthenticationFilter@7db21af0, org.springframework.security.web.savedrequest.RequestCacheAwareFilter@2aba44d4, org.springframework.security.web.servletapi.SecurityContextHolderAwareRequestFilter@35439d42, org.springframework.security.web.authentication.rememberme.RememberMeAuthenticationFilter@46e2988e, org.springframework.security.web.authentication.AnonymousAuthenticationFilter@49231bdc, org.springframework.security.web.session.SessionManagementFilter@205576ed, org.springframework.security.web.access.ExceptionTranslationFilter@238716c0, org.springframework.security.web.access.intercept.FilterSecurityInterceptor@5b512d23]
2020-07-21 15:09:10.421  INFO 7808 --- [restartedMain] io.lettuce.core.EpollProvider            : Starting without optional epoll library
2020-07-21 15:09:10.421  INFO 7808 --- [restartedMain] io.lettuce.core.KqueueProvider           : Starting without optional kqueue library
2020-07-21 15:09:10.828  INFO 7808 --- [restartedMain] o.s.b.d.a.OptionalLiveReloadServer       : LiveReload server is running on port 35729
2020-07-21 15:09:11.440  INFO 7808 --- [restartedMain] s.a.ScheduledAnnotationBeanPostProcessor : No TaskScheduler/ScheduledExecutorService bean found for scheduled processing
2020-07-21 15:09:11.459  INFO 7808 --- [restartedMain] org.xnio                                 : XNIO version 3.3.8.Final
2020-07-21 15:09:11.474  INFO 7808 --- [restartedMain] org.xnio.nio                             : XNIO NIO Implementation Version 3.3.8.Final
2020-07-21 15:09:11.506  INFO 7808 --- [restartedMain] o.s.b.w.e.u.UndertowServletWebServer     : Undertow started on port(s) 8000 (http) with context path ''
2020-07-21 15:09:11.521  INFO 7808 --- [restartedMain] com.alvis.exam.ExamApplication           : Started ExamApplication in 4.233 seconds (JVM running for 4.903)
2020-07-21 15:26:12.106  INFO 7808 --- [XNIO-1 task-1] io.undertow.servlet                      : Initializing Spring DispatcherServlet 'dispatcherServlet'
2020-07-21 15:26:12.106  INFO 7808 --- [XNIO-1 task-1] o.s.web.servlet.DispatcherServlet        : Initializing Servlet 'dispatcherServlet'
2020-07-21 15:26:12.116  INFO 7808 --- [XNIO-1 task-1] o.s.web.servlet.DispatcherServlet        : Completed initialization in 10 ms
2020-07-21 15:26:14.503  INFO 7808 --- [XNIO-1 task-3] com.zaxxer.hikari.HikariDataSource       : HikariPool-1 - Starting...
2020-07-21 15:26:14.599  INFO 7808 --- [XNIO-1 task-3] com.zaxxer.hikari.HikariDataSource       : HikariPool-1 - Start completed.
2020-07-21 15:26:14.604 DEBUG 7808 --- [XNIO-1 task-3] r.c.a.e.r.U.insertSelective              : ==>  Preparing: insert into t_user_event_log ( user_id, user_name, real_name, content, create_time ) values ( ?, ?, ?, ?, ? ) 
2020-07-21 15:26:14.622 DEBUG 7808 --- [XNIO-1 task-3] r.c.a.e.r.U.insertSelective              : ==> Parameters: 2(Integer), admin(String), 管理员(String), admin 登录了学之思考试系统(String), 2020-07-21 15:26:14.475(Timestamp)
2020-07-21 15:26:14.637 DEBUG 7808 --- [XNIO-1 task-3] r.c.a.e.r.U.insertSelective              : <==    Updates: 1
2020-07-21 15:26:14.739 DEBUG 7808 --- [XNIO-1 task-4] r.c.a.e.r.E.selectAllCount               : ==>  Preparing: SELECT count(*) from t_exam_paper where deleted=0 
2020-07-21 15:26:14.739 DEBUG 7808 --- [XNIO-1 task-4] r.c.a.e.r.E.selectAllCount               : ==> Parameters: 
2020-07-21 15:26:14.742 DEBUG 7808 --- [XNIO-1 task-4] r.c.a.e.r.E.selectAllCount               : <==      Total: 1
2020-07-21 15:26:14.742 DEBUG 7808 --- [XNIO-1 task-4] r.c.a.e.r.QuestionMapper.selectAllCount  : ==>  Preparing: SELECT count(*) from t_question where deleted=0 
2020-07-21 15:26:14.742 DEBUG 7808 --- [XNIO-1 task-4] r.c.a.e.r.QuestionMapper.selectAllCount  : ==> Parameters: 
2020-07-21 15:26:14.742 DEBUG 7808 --- [XNIO-1 task-4] r.c.a.e.r.QuestionMapper.selectAllCount  : <==      Total: 1
2020-07-21 15:26:14.757 DEBUG 7808 --- [XNIO-1 task-4] r.c.a.e.r.E.selectAllCount               : ==>  Preparing: SELECT count(*) from t_exam_paper_answer 
2020-07-21 15:26:14.758 DEBUG 7808 --- [XNIO-1 task-4] r.c.a.e.r.E.selectAllCount               : ==> Parameters: 
2020-07-21 15:26:14.765 DEBUG 7808 --- [XNIO-1 task-4] r.c.a.e.r.E.selectAllCount               : <==      Total: 1
2020-07-21 15:26:14.766 DEBUG 7808 --- [XNIO-1 task-4] r.c.a.e.r.E.selectAllCount               : ==>  Preparing: SELECT count(*) from t_exam_paper_question_customer_answer 
2020-07-21 15:26:14.766 DEBUG 7808 --- [XNIO-1 task-4] r.c.a.e.r.E.selectAllCount               : ==> Parameters: 
2020-07-21 15:26:14.772 DEBUG 7808 --- [XNIO-1 task-4] r.c.a.e.r.E.selectAllCount               : <==      Total: 1
2020-07-21 15:26:14.777 DEBUG 7808 --- [XNIO-1 task-4] r.c.a.e.r.U.selectCountByDate            : ==>  Preparing: SELECT create_time as name,COUNT(create_time) as value from ( SELECT DATE_FORMAT(create_time,'%Y-%m-%d') as create_time from t_user_event_log WHERE create_time between ? and ? ) a GROUP BY create_time 
2020-07-21 15:26:14.778 DEBUG 7808 --- [XNIO-1 task-4] r.c.a.e.r.U.selectCountByDate            : ==> Parameters: 2020-07-01 00:00:00.0(Timestamp), 2020-07-31 23:59:59.0(Timestamp)
2020-07-21 15:26:14.782 DEBUG 7808 --- [XNIO-1 task-4] r.c.a.e.r.U.selectCountByDate            : <==      Total: 7
2020-07-21 15:26:14.784 DEBUG 7808 --- [XNIO-1 task-4] r.c.a.e.r.E.selectCountByDate            : ==>  Preparing: SELECT create_time as name,COUNT(create_time) as value from ( SELECT DATE_FORMAT(create_time,'%Y-%m-%d') as create_time from t_exam_paper_question_customer_answer WHERE create_time between ? and ? ) a GROUP BY create_time 
2020-07-21 15:26:14.784 DEBUG 7808 --- [XNIO-1 task-4] r.c.a.e.r.E.selectCountByDate            : ==> Parameters: 2020-07-01 00:00:00.0(Timestamp), 2020-07-31 23:59:59.0(Timestamp)
2020-07-21 15:26:14.785 DEBUG 7808 --- [XNIO-1 task-4] r.c.a.e.r.E.selectCountByDate            : <==      Total: 1
2020-07-21 15:27:22.721 DEBUG 7808 --- [XNIO-1 task-5] r.c.a.e.r.SubjectMapper.allSubject       : ==>  Preparing: select id, name, level, level_name, item_order, deleted from t_subject WHERE deleted=0 
2020-07-21 15:27:22.722 DEBUG 7808 --- [XNIO-1 task-5] r.c.a.e.r.SubjectMapper.allSubject       : ==> Parameters: 
2020-07-21 15:27:22.734 DEBUG 7808 --- [XNIO-1 task-5] r.c.a.e.r.SubjectMapper.allSubject       : <==      Total: 1
2020-07-21 15:27:22.772 DEBUG 7808 --- [XNIO-1 task-6] r.c.a.e.r.ExamPaperMapper.page_COUNT     : ==>  Preparing: SELECT count(0) FROM t_exam_paper WHERE deleted = 0 
2020-07-21 15:27:22.772 DEBUG 7808 --- [XNIO-1 task-6] r.c.a.e.r.ExamPaperMapper.page_COUNT     : ==> Parameters: 
2020-07-21 15:27:22.774 DEBUG 7808 --- [XNIO-1 task-6] r.c.a.e.r.ExamPaperMapper.page_COUNT     : <==      Total: 1
2020-07-21 15:27:22.777 DEBUG 7808 --- [XNIO-1 task-6] r.c.a.e.repository.ExamPaperMapper.page  : ==>  Preparing: SELECT id, name, subject_id, paper_type, grade_level, score, question_count, suggest_time, limit_start_time, limit_end_time, frame_text_content_id, create_user, create_time, deleted, task_exam_id FROM t_exam_paper WHERE deleted = 0 order by id desc LIMIT ? 
2020-07-21 15:27:22.777 DEBUG 7808 --- [XNIO-1 task-6] r.c.a.e.repository.ExamPaperMapper.page  : ==> Parameters: 10(Integer)
2020-07-21 15:27:22.780 DEBUG 7808 --- [XNIO-1 task-6] r.c.a.e.repository.ExamPaperMapper.page  : <==      Total: 2
2020-07-21 15:27:27.207 DEBUG 7808 --- [XNIO-1 task-7] r.c.a.e.r.SubjectMapper.allSubject       : ==>  Preparing: select id, name, level, level_name, item_order, deleted from t_subject WHERE deleted=0 
2020-07-21 15:27:27.208 DEBUG 7808 --- [XNIO-1 task-7] r.c.a.e.r.SubjectMapper.allSubject       : ==> Parameters: 
2020-07-21 15:27:27.209 DEBUG 7808 --- [XNIO-1 task-7] r.c.a.e.r.SubjectMapper.allSubject       : <==      Total: 1
2020-07-21 15:59:34.788 DEBUG 7808 --- [XNIO-1 task-9] r.c.a.e.r.U.insertSelective              : ==>  Preparing: insert into t_user_event_log ( user_id, user_name, real_name, content, create_time ) values ( ?, ?, ?, ?, ? ) 
2020-07-21 15:59:34.789 DEBUG 7808 --- [XNIO-1 task-9] r.c.a.e.r.U.insertSelective              : ==> Parameters: 2(Integer), admin(String), 管理员(String), admin 登录了学之思考试系统(String), 2020-07-21 15:59:34.787(Timestamp)
2020-07-21 15:59:34.793 DEBUG 7808 --- [XNIO-1 task-9] r.c.a.e.r.U.insertSelective              : <==    Updates: 1
2020-07-21 15:59:34.868 DEBUG 7808 --- [XNIO-1 task-10] r.c.a.e.r.E.selectAllCount               : ==>  Preparing: SELECT count(*) from t_exam_paper where deleted=0 
2020-07-21 15:59:34.868 DEBUG 7808 --- [XNIO-1 task-10] r.c.a.e.r.E.selectAllCount               : ==> Parameters: 
2020-07-21 15:59:34.869 DEBUG 7808 --- [XNIO-1 task-10] r.c.a.e.r.E.selectAllCount               : <==      Total: 1
2020-07-21 15:59:34.870 DEBUG 7808 --- [XNIO-1 task-10] r.c.a.e.r.QuestionMapper.selectAllCount  : ==>  Preparing: SELECT count(*) from t_question where deleted=0 
2020-07-21 15:59:34.870 DEBUG 7808 --- [XNIO-1 task-10] r.c.a.e.r.QuestionMapper.selectAllCount  : ==> Parameters: 
2020-07-21 15:59:34.871 DEBUG 7808 --- [XNIO-1 task-10] r.c.a.e.r.QuestionMapper.selectAllCount  : <==      Total: 1
2020-07-21 15:59:34.872 DEBUG 7808 --- [XNIO-1 task-10] r.c.a.e.r.E.selectAllCount               : ==>  Preparing: SELECT count(*) from t_exam_paper_answer 
2020-07-21 15:59:34.872 DEBUG 7808 --- [XNIO-1 task-10] r.c.a.e.r.E.selectAllCount               : ==> Parameters: 
2020-07-21 15:59:34.874 DEBUG 7808 --- [XNIO-1 task-10] r.c.a.e.r.E.selectAllCount               : <==      Total: 1
2020-07-21 15:59:34.874 DEBUG 7808 --- [XNIO-1 task-10] r.c.a.e.r.E.selectAllCount               : ==>  Preparing: SELECT count(*) from t_exam_paper_question_customer_answer 
2020-07-21 15:59:34.875 DEBUG 7808 --- [XNIO-1 task-10] r.c.a.e.r.E.selectAllCount               : ==> Parameters: 
2020-07-21 15:59:34.877 DEBUG 7808 --- [XNIO-1 task-10] r.c.a.e.r.E.selectAllCount               : <==      Total: 1
2020-07-21 15:59:34.879 DEBUG 7808 --- [XNIO-1 task-10] r.c.a.e.r.U.selectCountByDate            : ==>  Preparing: SELECT create_time as name,COUNT(create_time) as value from ( SELECT DATE_FORMAT(create_time,'%Y-%m-%d') as create_time from t_user_event_log WHERE create_time between ? and ? ) a GROUP BY create_time 
2020-07-21 15:59:34.879 DEBUG 7808 --- [XNIO-1 task-10] r.c.a.e.r.U.selectCountByDate            : ==> Parameters: 2020-07-01 00:00:00.0(Timestamp), 2020-07-31 23:59:59.0(Timestamp)
2020-07-21 15:59:34.879 DEBUG 7808 --- [XNIO-1 task-10] r.c.a.e.r.U.selectCountByDate            : <==      Total: 7
2020-07-21 15:59:34.879 DEBUG 7808 --- [XNIO-1 task-10] r.c.a.e.r.E.selectCountByDate            : ==>  Preparing: SELECT create_time as name,COUNT(create_time) as value from ( SELECT DATE_FORMAT(create_time,'%Y-%m-%d') as create_time from t_exam_paper_question_customer_answer WHERE create_time between ? and ? ) a GROUP BY create_time 
2020-07-21 15:59:34.879 DEBUG 7808 --- [XNIO-1 task-10] r.c.a.e.r.E.selectCountByDate            : ==> Parameters: 2020-07-01 00:00:00.0(Timestamp), 2020-07-31 23:59:59.0(Timestamp)
2020-07-21 15:59:34.879 DEBUG 7808 --- [XNIO-1 task-10] r.c.a.e.r.E.selectCountByDate            : <==      Total: 1
2020-07-21 15:59:42.094 DEBUG 7808 --- [XNIO-1 task-11] r.c.a.e.r.SubjectMapper.allSubject       : ==>  Preparing: select id, name, level, level_name, item_order, deleted from t_subject WHERE deleted=0 
2020-07-21 15:59:42.094 DEBUG 7808 --- [XNIO-1 task-11] r.c.a.e.r.SubjectMapper.allSubject       : ==> Parameters: 
2020-07-21 15:59:42.095 DEBUG 7808 --- [XNIO-1 task-11] r.c.a.e.r.SubjectMapper.allSubject       : <==      Total: 1
2020-07-21 15:59:42.097 DEBUG 7808 --- [XNIO-1 task-12] r.c.a.e.r.ExamPaperMapper.page_COUNT     : ==>  Preparing: SELECT count(0) FROM t_exam_paper WHERE deleted = 0 
2020-07-21 15:59:42.098 DEBUG 7808 --- [XNIO-1 task-12] r.c.a.e.r.ExamPaperMapper.page_COUNT     : ==> Parameters: 
2020-07-21 15:59:42.099 DEBUG 7808 --- [XNIO-1 task-12] r.c.a.e.r.ExamPaperMapper.page_COUNT     : <==      Total: 1
2020-07-21 15:59:42.102 DEBUG 7808 --- [XNIO-1 task-12] r.c.a.e.repository.ExamPaperMapper.page  : ==>  Preparing: SELECT id, name, subject_id, paper_type, grade_level, score, question_count, suggest_time, limit_start_time, limit_end_time, frame_text_content_id, create_user, create_time, deleted, task_exam_id FROM t_exam_paper WHERE deleted = 0 order by id desc LIMIT ? 
2020-07-21 15:59:42.103 DEBUG 7808 --- [XNIO-1 task-12] r.c.a.e.repository.ExamPaperMapper.page  : ==> Parameters: 10(Integer)
2020-07-21 15:59:42.104 DEBUG 7808 --- [XNIO-1 task-12] r.c.a.e.repository.ExamPaperMapper.page  : <==      Total: 2
2020-07-21 15:59:44.671 DEBUG 7808 --- [XNIO-1 task-13] r.c.a.e.r.SubjectMapper.allSubject       : ==>  Preparing: select id, name, level, level_name, item_order, deleted from t_subject WHERE deleted=0 
2020-07-21 15:59:44.672 DEBUG 7808 --- [XNIO-1 task-13] r.c.a.e.r.SubjectMapper.allSubject       : ==> Parameters: 
2020-07-21 15:59:44.673 DEBUG 7808 --- [XNIO-1 task-13] r.c.a.e.r.SubjectMapper.allSubject       : <==      Total: 1
2020-07-21 16:00:24.122 DEBUG 7808 --- [XNIO-1 task-15] r.c.a.e.r.QuestionMapper.page_COUNT      : ==>  Preparing: SELECT count(0) FROM t_question WHERE deleted = 0 AND subject_id = ? 
2020-07-21 16:00:24.122 DEBUG 7808 --- [XNIO-1 task-15] r.c.a.e.r.QuestionMapper.page_COUNT      : ==> Parameters: 1(Integer)
2020-07-21 16:00:24.123 DEBUG 7808 --- [XNIO-1 task-15] r.c.a.e.r.QuestionMapper.page_COUNT      : <==      Total: 1
2020-07-21 16:00:24.125 DEBUG 7808 --- [XNIO-1 task-15] r.c.a.e.repository.QuestionMapper.page   : ==>  Preparing: SELECT id, question_type, subject_id, score, grade_level, difficult, correct, info_text_content_id, create_user, status, create_time, deleted FROM t_question WHERE deleted = 0 AND subject_id = ? order by id desc LIMIT ? 
2020-07-21 16:00:24.126 DEBUG 7808 --- [XNIO-1 task-15] r.c.a.e.repository.QuestionMapper.page   : ==> Parameters: 1(Integer), 5(Integer)
2020-07-21 16:00:24.130 DEBUG 7808 --- [XNIO-1 task-15] r.c.a.e.repository.QuestionMapper.page   : <==      Total: 4
2020-07-21 16:00:24.136 DEBUG 7808 --- [XNIO-1 task-15] r.c.a.e.r.T.selectByPrimaryKey           : ==>  Preparing: select id, content, create_time from t_text_content where id = ? 
2020-07-21 16:00:24.136 DEBUG 7808 --- [XNIO-1 task-15] r.c.a.e.r.T.selectByPrimaryKey           : ==> Parameters: 5(Integer)
2020-07-21 16:00:24.151 DEBUG 7808 --- [XNIO-1 task-15] r.c.a.e.r.T.selectByPrimaryKey           : <==      Total: 1
2020-07-21 16:00:24.165 DEBUG 7808 --- [XNIO-1 task-15] r.c.a.e.r.T.selectByPrimaryKey           : ==>  Preparing: select id, content, create_time from t_text_content where id = ? 
2020-07-21 16:00:24.165 DEBUG 7808 --- [XNIO-1 task-15] r.c.a.e.r.T.selectByPrimaryKey           : ==> Parameters: 4(Integer)
2020-07-21 16:00:24.166 DEBUG 7808 --- [XNIO-1 task-15] r.c.a.e.r.T.selectByPrimaryKey           : <==      Total: 1
2020-07-21 16:00:24.169 DEBUG 7808 --- [XNIO-1 task-15] r.c.a.e.r.T.selectByPrimaryKey           : ==>  Preparing: select id, content, create_time from t_text_content where id = ? 
2020-07-21 16:00:24.169 DEBUG 7808 --- [XNIO-1 task-15] r.c.a.e.r.T.selectByPrimaryKey           : ==> Parameters: 2(Integer)
2020-07-21 16:00:24.170 DEBUG 7808 --- [XNIO-1 task-15] r.c.a.e.r.T.selectByPrimaryKey           : <==      Total: 1
2020-07-21 16:00:24.174 DEBUG 7808 --- [XNIO-1 task-15] r.c.a.e.r.T.selectByPrimaryKey           : ==>  Preparing: select id, content, create_time from t_text_content where id = ? 
2020-07-21 16:00:24.174 DEBUG 7808 --- [XNIO-1 task-15] r.c.a.e.r.T.selectByPrimaryKey           : ==> Parameters: 1(Integer)
2020-07-21 16:00:24.175 DEBUG 7808 --- [XNIO-1 task-15] r.c.a.e.r.T.selectByPrimaryKey           : <==      Total: 1
2020-07-21 16:00:43.405 DEBUG 7808 --- [XNIO-1 task-17] r.c.a.e.r.Q.selectByPrimaryKey           : ==>  Preparing: select id, question_type, subject_id, score, grade_level, difficult, correct, info_text_content_id, create_user, status, create_time, deleted from t_question where id = ? 
2020-07-21 16:00:43.405 DEBUG 7808 --- [XNIO-1 task-16] r.c.a.e.r.Q.selectByPrimaryKey           : ==>  Preparing: select id, question_type, subject_id, score, grade_level, difficult, correct, info_text_content_id, create_user, status, create_time, deleted from t_question where id = ? 
2020-07-21 16:00:43.406 DEBUG 7808 --- [XNIO-1 task-17] r.c.a.e.r.Q.selectByPrimaryKey           : ==> Parameters: 3(Integer)
2020-07-21 16:00:43.406 DEBUG 7808 --- [XNIO-1 task-16] r.c.a.e.r.Q.selectByPrimaryKey           : ==> Parameters: 2(Integer)
2020-07-21 16:00:43.407 DEBUG 7808 --- [XNIO-1 task-17] r.c.a.e.r.Q.selectByPrimaryKey           : <==      Total: 1
2020-07-21 16:00:43.407 DEBUG 7808 --- [XNIO-1 task-16] r.c.a.e.r.Q.selectByPrimaryKey           : <==      Total: 1
2020-07-21 16:00:56.922 DEBUG 7808 --- [XNIO-1 task-18] r.c.a.e.r.T.insertSelective              : ==>  Preparing: insert into t_text_content ( content, create_time ) values ( ?, ? ) 
2020-07-21 16:00:56.923 DEBUG 7808 --- [XNIO-1 task-18] r.c.a.e.r.T.insertSelective              : ==> Parameters: [{"name":"单选题","questionItems":[{"id":3,"itemOrder":1},{"id":2,"itemOrder":2}]}](String), 2020-07-21 16:00:56.908(Timestamp)
2020-07-21 16:00:56.925 DEBUG 7808 --- [XNIO-1 task-18] r.c.a.e.r.T.insertSelective              : <==    Updates: 1
2020-07-21 16:00:56.926 DEBUG 7808 --- [XNIO-1 task-18] r.c.a.e.r.S.selectByPrimaryKey           : ==>  Preparing: select id, name, level, level_name, item_order, deleted from t_subject where id = ? 
2020-07-21 16:00:56.927 DEBUG 7808 --- [XNIO-1 task-18] r.c.a.e.r.S.selectByPrimaryKey           : ==> Parameters: 1(Integer)
2020-07-21 16:00:56.927 DEBUG 7808 --- [XNIO-1 task-18] r.c.a.e.r.S.selectByPrimaryKey           : <==      Total: 1
2020-07-21 16:00:56.942 DEBUG 7808 --- [XNIO-1 task-18] r.c.a.e.r.E.insertSelective              : ==>  Preparing: insert into t_exam_paper ( name, subject_id, paper_type, grade_level, score, question_count, suggest_time, frame_text_content_id, create_user, create_time, deleted ) values ( ?, ?, ?, ?, ?, ?, ?, ?, ?, ?, ? ) 
2020-07-21 16:00:56.943 DEBUG 7808 --- [XNIO-1 task-18] r.c.a.e.r.E.insertSelective              : ==> Parameters: 任务试卷test(String), 1(Integer), 6(Integer), 1(Integer), 20(Integer), 2(Integer), 20(Integer), 11(Integer), 2(Integer), 2020-07-21 16:00:56.908(Timestamp), false(Boolean)
2020-07-21 16:00:56.944 DEBUG 7808 --- [XNIO-1 task-18] r.c.a.e.r.E.insertSelective              : <==    Updates: 1
2020-07-21 16:00:56.951 DEBUG 7808 --- [XNIO-1 task-18] r.c.a.e.r.E.selectByPrimaryKey           : ==>  Preparing: select id, name, subject_id, paper_type, grade_level, score, question_count, suggest_time, limit_start_time, limit_end_time, frame_text_content_id, create_user, create_time, deleted, task_exam_id from t_exam_paper where id = ? 
2020-07-21 16:00:56.951 DEBUG 7808 --- [XNIO-1 task-18] r.c.a.e.r.E.selectByPrimaryKey           : ==> Parameters: 5(Integer)
2020-07-21 16:00:56.953 DEBUG 7808 --- [XNIO-1 task-18] r.c.a.e.r.E.selectByPrimaryKey           : <==      Total: 1
2020-07-21 16:00:56.956 DEBUG 7808 --- [XNIO-1 task-18] r.c.a.e.r.T.selectByPrimaryKey           : ==>  Preparing: select id, content, create_time from t_text_content where id = ? 
2020-07-21 16:00:56.956 DEBUG 7808 --- [XNIO-1 task-18] r.c.a.e.r.T.selectByPrimaryKey           : ==> Parameters: 11(Integer)
2020-07-21 16:00:56.957 DEBUG 7808 --- [XNIO-1 task-18] r.c.a.e.r.T.selectByPrimaryKey           : <==      Total: 1
2020-07-21 16:00:56.962 DEBUG 7808 --- [XNIO-1 task-18] r.c.a.e.r.QuestionMapper.selectByIds     : ==>  Preparing: SELECT id, question_type, subject_id, score, grade_level, difficult, correct, info_text_content_id, create_user, status, create_time, deleted FROM t_question where id in ( ? , ? ) 
2020-07-21 16:00:56.962 DEBUG 7808 --- [XNIO-1 task-18] r.c.a.e.r.QuestionMapper.selectByIds     : ==> Parameters: 3(Integer), 2(Integer)
2020-07-21 16:00:56.964 DEBUG 7808 --- [XNIO-1 task-18] r.c.a.e.r.QuestionMapper.selectByIds     : <==      Total: 2
2020-07-21 16:00:57.584 DEBUG 7808 --- [XNIO-1 task-19] r.c.a.e.r.SubjectMapper.allSubject       : ==>  Preparing: select id, name, level, level_name, item_order, deleted from t_subject WHERE deleted=0 
2020-07-21 16:00:57.584 DEBUG 7808 --- [XNIO-1 task-19] r.c.a.e.r.SubjectMapper.allSubject       : ==> Parameters: 
2020-07-21 16:00:57.585 DEBUG 7808 --- [XNIO-1 task-19] r.c.a.e.r.SubjectMapper.allSubject       : <==      Total: 1
2020-07-21 16:00:57.588 DEBUG 7808 --- [XNIO-1 task-20] r.c.a.e.r.ExamPaperMapper.page_COUNT     : ==>  Preparing: SELECT count(0) FROM t_exam_paper WHERE deleted = 0 
2020-07-21 16:00:57.588 DEBUG 7808 --- [XNIO-1 task-20] r.c.a.e.r.ExamPaperMapper.page_COUNT     : ==> Parameters: 
2020-07-21 16:00:57.589 DEBUG 7808 --- [XNIO-1 task-20] r.c.a.e.r.ExamPaperMapper.page_COUNT     : <==      Total: 1
2020-07-21 16:00:57.590 DEBUG 7808 --- [XNIO-1 task-20] r.c.a.e.repository.ExamPaperMapper.page  : ==>  Preparing: SELECT id, name, subject_id, paper_type, grade_level, score, question_count, suggest_time, limit_start_time, limit_end_time, frame_text_content_id, create_user, create_time, deleted, task_exam_id FROM t_exam_paper WHERE deleted = 0 order by id desc LIMIT ? 
2020-07-21 16:00:57.590 DEBUG 7808 --- [XNIO-1 task-20] r.c.a.e.repository.ExamPaperMapper.page  : ==> Parameters: 10(Integer)
2020-07-21 16:00:57.592 DEBUG 7808 --- [XNIO-1 task-20] r.c.a.e.repository.ExamPaperMapper.page  : <==      Total: 3
2020-07-21 16:01:01.737 DEBUG 7808 --- [XNIO-1 task-21] r.c.a.e.r.TaskExamMapper.page_COUNT      : ==>  Preparing: SELECT count(0) FROM t_task_exam WHERE deleted = 0 
2020-07-21 16:01:01.737 DEBUG 7808 --- [XNIO-1 task-21] r.c.a.e.r.TaskExamMapper.page_COUNT      : ==> Parameters: 
2020-07-21 16:01:01.741 DEBUG 7808 --- [XNIO-1 task-21] r.c.a.e.r.TaskExamMapper.page_COUNT      : <==      Total: 1
2020-07-21 16:01:01.743 DEBUG 7808 --- [XNIO-1 task-21] r.c.a.e.repository.TaskExamMapper.page   : ==>  Preparing: SELECT id, title, grade_level, frame_text_content_id, create_user, create_time, deleted, create_user_name FROM t_task_exam WHERE deleted = 0 order by id desc LIMIT ? 
2020-07-21 16:01:01.743 DEBUG 7808 --- [XNIO-1 task-21] r.c.a.e.repository.TaskExamMapper.page   : ==> Parameters: 10(Integer)
2020-07-21 16:01:01.744 DEBUG 7808 --- [XNIO-1 task-21] r.c.a.e.repository.TaskExamMapper.page   : <==      Total: 2
2020-07-21 16:01:03.473 DEBUG 7808 --- [XNIO-1 task-22] r.c.a.e.r.SubjectMapper.allSubject       : ==>  Preparing: select id, name, level, level_name, item_order, deleted from t_subject WHERE deleted=0 
2020-07-21 16:01:03.474 DEBUG 7808 --- [XNIO-1 task-22] r.c.a.e.r.SubjectMapper.allSubject       : ==> Parameters: 
2020-07-21 16:01:03.475 DEBUG 7808 --- [XNIO-1 task-22] r.c.a.e.r.SubjectMapper.allSubject       : <==      Total: 1
2020-07-21 16:01:25.034 DEBUG 7808 --- [XNIO-1 task-23] r.c.a.e.r.E.taskExamPage_COUNT           : ==>  Preparing: SELECT count(0) FROM t_exam_paper WHERE deleted = 0 
2020-07-21 16:01:25.034 DEBUG 7808 --- [XNIO-1 task-23] r.c.a.e.r.E.taskExamPage_COUNT           : ==> Parameters: 
2020-07-21 16:01:25.035 DEBUG 7808 --- [XNIO-1 task-23] r.c.a.e.r.E.taskExamPage_COUNT           : <==      Total: 1
2020-07-21 16:01:25.036 DEBUG 7808 --- [XNIO-1 task-23] r.c.a.e.r.ExamPaperMapper.taskExamPage   : ==>  Preparing: SELECT id, name, subject_id, paper_type, grade_level, score, question_count, suggest_time, limit_start_time, limit_end_time, frame_text_content_id, create_user, create_time, deleted, task_exam_id FROM t_exam_paper WHERE deleted = 0 order by id desc LIMIT ? 
2020-07-21 16:01:25.037 DEBUG 7808 --- [XNIO-1 task-23] r.c.a.e.r.ExamPaperMapper.taskExamPage   : ==> Parameters: 5(Integer)
2020-07-21 16:01:25.038 DEBUG 7808 --- [XNIO-1 task-23] r.c.a.e.r.ExamPaperMapper.taskExamPage   : <==      Total: 3
2020-07-21 16:01:33.385 DEBUG 7808 --- [XNIO-1 task-24] r.c.a.e.r.T.insertSelective              : ==>  Preparing: insert into t_text_content ( content, create_time ) values ( ?, ? ) 
2020-07-21 16:01:33.385 DEBUG 7808 --- [XNIO-1 task-24] r.c.a.e.r.T.insertSelective              : ==> Parameters: [{"examPaperId":5,"examPaperName":"任务试卷test","itemOrder":null}](String), 2020-07-21 16:01:33.381(Timestamp)
2020-07-21 16:01:33.387 DEBUG 7808 --- [XNIO-1 task-24] r.c.a.e.r.T.insertSelective              : <==    Updates: 1
2020-07-21 16:01:33.388 DEBUG 7808 --- [XNIO-1 task-24] r.c.a.e.r.T.insertSelective              : ==>  Preparing: insert into t_task_exam ( title, grade_level, frame_text_content_id, create_user, create_time, deleted, create_user_name ) values ( ?, ?, ?, ?, ?, ?, ? ) 
2020-07-21 16:01:33.389 DEBUG 7808 --- [XNIO-1 task-24] r.c.a.e.r.T.insertSelective              : ==> Parameters: 任务试卷的任务1(String), 1(Integer), 12(Integer), 2(Integer), 2020-07-21 16:01:33.381(Timestamp), false(Boolean), admin(String)
2020-07-21 16:01:33.391 DEBUG 7808 --- [XNIO-1 task-24] r.c.a.e.r.T.insertSelective              : <==    Updates: 1
2020-07-21 16:01:33.392 DEBUG 7808 --- [XNIO-1 task-24] r.c.a.e.r.E.updateTaskPaper              : ==>  Preparing: update t_exam_paper set task_exam_id = ? where id in ( ? ) 
2020-07-21 16:01:33.392 DEBUG 7808 --- [XNIO-1 task-24] r.c.a.e.r.E.updateTaskPaper              : ==> Parameters: 3(Integer), 5(Integer)
2020-07-21 16:01:33.393 DEBUG 7808 --- [XNIO-1 task-24] r.c.a.e.r.E.updateTaskPaper              : <==    Updates: 1
2020-07-21 16:01:33.401 DEBUG 7808 --- [XNIO-1 task-24] r.c.a.e.r.T.selectByPrimaryKey           : ==>  Preparing: select id, title, grade_level, frame_text_content_id, create_user, create_time, deleted, create_user_name from t_task_exam where id = ? 
2020-07-21 16:01:33.402 DEBUG 7808 --- [XNIO-1 task-24] r.c.a.e.r.T.selectByPrimaryKey           : ==> Parameters: 3(Integer)
2020-07-21 16:01:33.403 DEBUG 7808 --- [XNIO-1 task-24] r.c.a.e.r.T.selectByPrimaryKey           : <==      Total: 1
2020-07-21 16:01:33.405 DEBUG 7808 --- [XNIO-1 task-24] r.c.a.e.r.T.selectByPrimaryKey           : ==>  Preparing: select id, content, create_time from t_text_content where id = ? 
2020-07-21 16:01:33.406 DEBUG 7808 --- [XNIO-1 task-24] r.c.a.e.r.T.selectByPrimaryKey           : ==> Parameters: 12(Integer)
2020-07-21 16:01:33.407 DEBUG 7808 --- [XNIO-1 task-24] r.c.a.e.r.T.selectByPrimaryKey           : <==      Total: 1
2020-07-21 16:01:33.409 DEBUG 7808 --- [XNIO-1 task-24] r.c.a.e.r.E.selectByPrimaryKey           : ==>  Preparing: select id, name, subject_id, paper_type, grade_level, score, question_count, suggest_time, limit_start_time, limit_end_time, frame_text_content_id, create_user, create_time, deleted, task_exam_id from t_exam_paper where id = ? 
2020-07-21 16:01:33.410 DEBUG 7808 --- [XNIO-1 task-24] r.c.a.e.r.E.selectByPrimaryKey           : ==> Parameters: 5(Integer)
2020-07-21 16:01:33.410 DEBUG 7808 --- [XNIO-1 task-24] r.c.a.e.r.E.selectByPrimaryKey           : <==      Total: 1
2020-07-21 16:01:34.019 DEBUG 7808 --- [XNIO-1 task-25] r.c.a.e.r.TaskExamMapper.page_COUNT      : ==>  Preparing: SELECT count(0) FROM t_task_exam WHERE deleted = 0 
2020-07-21 16:01:34.019 DEBUG 7808 --- [XNIO-1 task-25] r.c.a.e.r.TaskExamMapper.page_COUNT      : ==> Parameters: 
2020-07-21 16:01:34.020 DEBUG 7808 --- [XNIO-1 task-25] r.c.a.e.r.TaskExamMapper.page_COUNT      : <==      Total: 1
2020-07-21 16:01:34.021 DEBUG 7808 --- [XNIO-1 task-25] r.c.a.e.repository.TaskExamMapper.page   : ==>  Preparing: SELECT id, title, grade_level, frame_text_content_id, create_user, create_time, deleted, create_user_name FROM t_task_exam WHERE deleted = 0 order by id desc LIMIT ? 
2020-07-21 16:01:34.021 DEBUG 7808 --- [XNIO-1 task-25] r.c.a.e.repository.TaskExamMapper.page   : ==> Parameters: 10(Integer)
2020-07-21 16:01:34.022 DEBUG 7808 --- [XNIO-1 task-25] r.c.a.e.repository.TaskExamMapper.page   : <==      Total: 3
2020-07-21 16:01:59.974 DEBUG 7808 --- [XNIO-1 task-31] r.c.a.e.r.UserMapper.getUserByUserName   : ==>  Preparing: select id, user_uuid, user_name, password, real_name, age, sex, birth_day, user_level, phone, role, status, image_path, create_time, modify_time, last_active_time, deleted, wx_open_id from t_user where deleted=0 and user_name=? limit 1 
2020-07-21 16:01:59.974 DEBUG 7808 --- [XNIO-1 task-31] r.c.a.e.r.UserMapper.getUserByUserName   : ==> Parameters: 技术部user(String)
2020-07-21 16:01:59.978 DEBUG 7808 --- [XNIO-1 task-31] r.c.a.e.r.UserMapper.getUserByUserName   : <==      Total: 1
2020-07-21 16:01:59.984 DEBUG 7808 --- [XNIO-1 task-31] r.c.a.e.r.U.insertSelective              : ==>  Preparing: insert into t_user_event_log ( user_id, user_name, real_name, content, create_time ) values ( ?, ?, ?, ?, ? ) 
2020-07-21 16:01:59.985 DEBUG 7808 --- [XNIO-1 task-31] r.c.a.e.r.U.insertSelective              : ==> Parameters: 4(Integer), 技术部user(String), tech(String), 技术部user 登录了学之思考试系统(String), 2020-07-21 16:01:59.984(Timestamp)
2020-07-21 16:01:59.989 DEBUG 7808 --- [XNIO-1 task-31] r.c.a.e.r.U.insertSelective              : <==    Updates: 1
2020-07-21 16:02:00.026 DEBUG 7808 --- [XNIO-1 task-32] r.c.a.e.r.MessageUserMapper.unReadCount  : ==>  Preparing: select count(*) from t_message_user where readed='f' and receive_user_id = ? 
2020-07-21 16:02:00.027 DEBUG 7808 --- [XNIO-1 task-32] r.c.a.e.r.MessageUserMapper.unReadCount  : ==> Parameters: 4(Integer)
2020-07-21 16:02:00.031 DEBUG 7808 --- [XNIO-1 task-32] r.c.a.e.r.MessageUserMapper.unReadCount  : <==      Total: 1
2020-07-21 16:02:00.034 DEBUG 7808 --- [XNIO-1 task-35] r.c.a.e.r.T.getByGradeLevel              : ==>  Preparing: select id, title, grade_level, frame_text_content_id, create_user, create_time, deleted, create_user_name from t_task_exam where deleted=0 and grade_level = ? 
2020-07-21 16:02:00.034 DEBUG 7808 --- [XNIO-1 task-35] r.c.a.e.r.T.getByGradeLevel              : ==> Parameters: 1(Integer)
2020-07-21 16:02:00.036 DEBUG 7808 --- [XNIO-1 task-35] r.c.a.e.r.T.getByGradeLevel              : <==      Total: 2
2020-07-21 16:02:00.036 DEBUG 7808 --- [XNIO-1 task-34] r.c.a.e.r.ExamPaperMapper.indexPaper     : ==>  Preparing: SELECT id,name,limit_start_time,limit_end_time FROM t_exam_paper WHERE deleted=0 and paper_type= ? and grade_level=? ORDER BY id desc limit 5 
2020-07-21 16:02:00.037 DEBUG 7808 --- [XNIO-1 task-34] r.c.a.e.r.ExamPaperMapper.indexPaper     : ==> Parameters: 1(Integer), 1(Integer)
2020-07-21 16:02:00.038 DEBUG 7808 --- [XNIO-1 task-34] r.c.a.e.r.ExamPaperMapper.indexPaper     : <==      Total: 1
2020-07-21 16:02:00.038 DEBUG 7808 --- [XNIO-1 task-35] r.c.a.e.r.T.selectByTUid                 : ==>  Preparing: select id, task_exam_id, create_user, create_time, text_content_id from t_task_exam_customer_answer where create_user=? and task_exam_id in ( ? , ? ) 
2020-07-21 16:02:00.039 DEBUG 7808 --- [XNIO-1 task-35] r.c.a.e.r.T.selectByTUid                 : ==> Parameters: 4(Integer), 1(Integer), 3(Integer)
2020-07-21 16:02:00.039 DEBUG 7808 --- [XNIO-1 task-34] r.c.a.e.r.ExamPaperMapper.indexPaper     : ==>  Preparing: SELECT id,name,limit_start_time,limit_end_time FROM t_exam_paper WHERE deleted=0 and paper_type= ? and grade_level=? and ? between limit_start_time and limit_end_time ORDER BY id desc limit 5 
2020-07-21 16:02:00.040 DEBUG 7808 --- [XNIO-1 task-34] r.c.a.e.r.ExamPaperMapper.indexPaper     : ==> Parameters: 4(Integer), 1(Integer), 2020-07-21 16:02:00.038(Timestamp)
2020-07-21 16:02:00.041 DEBUG 7808 --- [XNIO-1 task-34] r.c.a.e.r.ExamPaperMapper.indexPaper     : <==      Total: 0
2020-07-21 16:02:00.044 DEBUG 7808 --- [XNIO-1 task-35] r.c.a.e.r.T.selectByTUid                 : <==      Total: 0
2020-07-21 16:02:00.046 DEBUG 7808 --- [XNIO-1 task-35] r.c.a.e.r.T.selectByPrimaryKey           : ==>  Preparing: select id, content, create_time from t_text_content where id = ? 
2020-07-21 16:02:00.046 DEBUG 7808 --- [XNIO-1 task-35] r.c.a.e.r.T.selectByPrimaryKey           : ==> Parameters: 9(Integer)
2020-07-21 16:02:00.047 DEBUG 7808 --- [XNIO-1 task-35] r.c.a.e.r.T.selectByPrimaryKey           : <==      Total: 1
2020-07-21 16:09:43.241 DEBUG 7808 --- [XNIO-1 task-36] r.c.a.e.r.E.selectByPrimaryKey           : ==>  Preparing: select id, name, subject_id, paper_type, grade_level, score, question_count, suggest_time, limit_start_time, limit_end_time, frame_text_content_id, create_user, create_time, deleted, task_exam_id from t_exam_paper where id = ? 
2020-07-21 16:09:43.242 DEBUG 7808 --- [XNIO-1 task-36] r.c.a.e.r.E.selectByPrimaryKey           : ==> Parameters: 5(Integer)
2020-07-21 16:09:43.243 DEBUG 7808 --- [XNIO-1 task-36] r.c.a.e.r.E.selectByPrimaryKey           : <==      Total: 1
2020-07-21 16:09:43.246 DEBUG 7808 --- [XNIO-1 task-36] r.c.a.e.r.QuestionMapper.selectByIds     : ==>  Preparing: SELECT id, question_type, subject_id, score, grade_level, difficult, correct, info_text_content_id, create_user, status, create_time, deleted FROM t_question where id in ( ? , ? ) 
2020-07-21 16:09:43.246 DEBUG 7808 --- [XNIO-1 task-36] r.c.a.e.r.QuestionMapper.selectByIds     : ==> Parameters: 3(Integer), 2(Integer)
2020-07-21 16:09:43.247 DEBUG 7808 --- [XNIO-1 task-36] r.c.a.e.r.QuestionMapper.selectByIds     : <==      Total: 2
2020-07-21 16:09:52.766 DEBUG 7808 --- [XNIO-1 task-37] r.c.a.e.r.E.selectByPrimaryKey           : ==>  Preparing: select id, name, subject_id, paper_type, grade_level, score, question_count, suggest_time, limit_start_time, limit_end_time, frame_text_content_id, create_user, create_time, deleted, task_exam_id from t_exam_paper where id = ? 
2020-07-21 16:09:52.767 DEBUG 7808 --- [XNIO-1 task-37] r.c.a.e.r.E.selectByPrimaryKey           : ==> Parameters: 5(Integer)
2020-07-21 16:09:52.768 DEBUG 7808 --- [XNIO-1 task-37] r.c.a.e.r.E.selectByPrimaryKey           : <==      Total: 1
2020-07-21 16:09:52.768 DEBUG 7808 --- [XNIO-1 task-37] r.c.a.e.r.E.getByPidUid                  : ==>  Preparing: select id, exam_paper_id, paper_name, paper_type, subject_id, system_score, user_score, paper_score, question_correct, question_count, do_time, status, create_user, create_time, task_exam_id from t_exam_paper_answer where exam_paper_id = ? and create_user=? limit 1 
2020-07-21 16:09:52.769 DEBUG 7808 --- [XNIO-1 task-37] r.c.a.e.r.E.getByPidUid                  : ==> Parameters: 5(Integer), 4(Integer)
2020-07-21 16:09:52.770 DEBUG 7808 --- [XNIO-1 task-37] r.c.a.e.r.E.getByPidUid                  : <==      Total: 0
2020-07-21 16:09:52.772 DEBUG 7808 --- [XNIO-1 task-37] r.c.a.e.r.QuestionMapper.selectByIds     : ==>  Preparing: SELECT id, question_type, subject_id, score, grade_level, difficult, correct, info_text_content_id, create_user, status, create_time, deleted FROM t_question where id in ( ? , ? ) 
2020-07-21 16:09:52.772 DEBUG 7808 --- [XNIO-1 task-37] r.c.a.e.r.QuestionMapper.selectByIds     : ==> Parameters: 3(Integer), 2(Integer)
2020-07-21 16:09:52.773 DEBUG 7808 --- [XNIO-1 task-37] r.c.a.e.r.QuestionMapper.selectByIds     : <==      Total: 2
2020-07-21 16:09:52.792 DEBUG 7808 --- [XNIO-1 task-37] r.c.a.e.r.E.insertSelective              : ==>  Preparing: insert into t_exam_paper_answer ( exam_paper_id, paper_name, paper_type, subject_id, system_score, user_score, paper_score, question_correct, question_count, do_time, status, create_user, create_time, task_exam_id ) values ( ?, ?, ?, ?, ?, ?, ?, ?, ?, ?, ?, ?, ?, ? ) 
2020-07-21 16:09:52.793 DEBUG 7808 --- [XNIO-1 task-37] r.c.a.e.r.E.insertSelective              : ==> Parameters: 5(Integer), 任务试卷test(String), 6(Integer), 1(Integer), 10(Integer), 10(Integer), 20(Integer), 1(Integer), 2(Integer), 9(Integer), 2(Integer), 4(Integer), 2020-07-21 16:09:52.766(Timestamp), 3(Integer)
2020-07-21 16:09:52.795 DEBUG 7808 --- [XNIO-1 task-37] r.c.a.e.r.E.insertSelective              : <==    Updates: 1
2020-07-21 16:09:52.797 DEBUG 7808 --- [XNIO-1 task-37] r.c.a.e.r.E.insertList                   : ==>  Preparing: insert into t_exam_paper_question_customer_answer ( question_id, question_score, subject_id, create_time, create_user, text_content_id, exam_paper_id, question_type, answer, customer_score, exam_paper_answer_id , do_right,question_text_content_id,item_order) values ( ?, ?, ?, ?, ?, ?, ?, ?, ?, ?, ?, ?,?,?) , ( ?, ?, ?, ?, ?, ?, ?, ?, ?, ?, ?, ?,?,?) 
2020-07-21 16:09:52.798 DEBUG 7808 --- [XNIO-1 task-37] r.c.a.e.r.E.insertList                   : ==> Parameters: 3(Integer), 10(Integer), 1(Integer), 2020-07-21 16:09:52.766(Timestamp), 4(Integer), null, 5(Integer), 2(Integer), B(String), 0(Integer), 5(Integer), false(Boolean), 4(Integer), 1(Integer), 2(Integer), 10(Integer), 1(Integer), 2020-07-21 16:09:52.766(Timestamp), 4(Integer), null, 5(Integer), 1(Integer), A(String), 10(Integer), 5(Integer), true(Boolean), 2(Integer), 2(Integer)
2020-07-21 16:09:52.799 DEBUG 7808 --- [XNIO-1 task-37] r.c.a.e.r.E.insertList                   : <==    Updates: 2
2020-07-21 16:09:52.803 DEBUG 7808 --- [XNIO-1 task-37] r.c.a.e.r.T.getByTUid                    : ==>  Preparing: select id, task_exam_id, create_user, create_time, text_content_id from t_task_exam_customer_answer where task_exam_id = ? and create_user=? limit 1 
2020-07-21 16:09:52.803 DEBUG 7808 --- [XNIO-1 task-37] r.c.a.e.r.T.getByTUid                    : ==> Parameters: 3(Integer), 4(Integer)
2020-07-21 16:09:52.805 DEBUG 7808 --- [XNIO-1 task-37] r.c.a.e.r.T.getByTUid                    : <==      Total: 0
2020-07-21 16:09:52.806 DEBUG 7808 --- [XNIO-1 task-37] r.c.a.e.r.T.insertSelective              : ==>  Preparing: insert into t_text_content ( content, create_time ) values ( ?, ? ) 
2020-07-21 16:09:52.807 DEBUG 7808 --- [XNIO-1 task-37] r.c.a.e.r.T.insertSelective              : ==> Parameters: [{"examPaperId":5,"examPaperAnswerId":5,"status":2}](String), 2020-07-21 16:09:52.791(Timestamp)
2020-07-21 16:09:52.808 DEBUG 7808 --- [XNIO-1 task-37] r.c.a.e.r.T.insertSelective              : <==    Updates: 1
2020-07-21 16:09:52.810 DEBUG 7808 --- [XNIO-1 task-37] r.c.a.e.r.T.insertSelective              : ==>  Preparing: insert into t_task_exam_customer_answer ( task_exam_id, create_user, create_time, text_content_id ) values ( ?, ?, ?, ? ) 
2020-07-21 16:09:52.810 DEBUG 7808 --- [XNIO-1 task-37] r.c.a.e.r.T.insertSelective              : ==> Parameters: 3(Integer), 4(Integer), 2020-07-21 16:09:52.791(Timestamp), 13(Integer)
2020-07-21 16:09:52.812 DEBUG 7808 --- [XNIO-1 task-37] r.c.a.e.r.T.insertSelective              : <==    Updates: 1
2020-07-21 16:09:52.817 DEBUG 7808 --- [XNIO-1 task-37] r.c.a.e.r.U.insertSelective              : ==>  Preparing: insert into t_user_event_log ( user_id, user_name, real_name, content, create_time ) values ( ?, ?, ?, ?, ? ) 
2020-07-21 16:09:52.817 DEBUG 7808 --- [XNIO-1 task-37] r.c.a.e.r.U.insertSelective              : ==> Parameters: 4(Integer), 技术部user(String), tech(String), 技术部user 提交试卷：任务试卷test 得分：1 耗时：9 秒(String), 2020-07-21 16:09:52.789(Timestamp)
2020-07-21 16:09:52.822 DEBUG 7808 --- [XNIO-1 task-37] r.c.a.e.r.U.insertSelective              : <==    Updates: 1
2020-07-21 16:09:54.460 DEBUG 7808 --- [XNIO-1 task-38] r.c.a.e.r.MessageUserMapper.unReadCount  : ==>  Preparing: select count(*) from t_message_user where readed='f' and receive_user_id = ? 
2020-07-21 16:09:54.460 DEBUG 7808 --- [XNIO-1 task-38] r.c.a.e.r.MessageUserMapper.unReadCount  : ==> Parameters: 4(Integer)
2020-07-21 16:09:54.461 DEBUG 7808 --- [XNIO-1 task-38] r.c.a.e.r.MessageUserMapper.unReadCount  : <==      Total: 1
2020-07-21 16:09:54.467 DEBUG 7808 --- [XNIO-1 task-40] r.c.a.e.r.E.studentPage_COUNT            : ==>  Preparing: SELECT count(0) FROM t_exam_paper_answer WHERE create_user = ? 
2020-07-21 16:09:54.467 DEBUG 7808 --- [XNIO-1 task-40] r.c.a.e.r.E.studentPage_COUNT            : ==> Parameters: 4(Integer)
2020-07-21 16:09:54.468 DEBUG 7808 --- [XNIO-1 task-40] r.c.a.e.r.E.studentPage_COUNT            : <==      Total: 1
2020-07-21 16:09:54.469 DEBUG 7808 --- [XNIO-1 task-40] r.c.a.e.r.E.studentPage                  : ==>  Preparing: SELECT id, exam_paper_id, paper_name, paper_type, subject_id, system_score, user_score, paper_score, question_correct, question_count, do_time, status, create_user, create_time, task_exam_id FROM t_exam_paper_answer WHERE create_user = ? order by id desc LIMIT ? 
2020-07-21 16:09:54.470 DEBUG 7808 --- [XNIO-1 task-40] r.c.a.e.r.E.studentPage                  : ==> Parameters: 4(Integer), 10(Integer)
2020-07-21 16:09:54.471 DEBUG 7808 --- [XNIO-1 task-40] r.c.a.e.r.E.studentPage                  : <==      Total: 3
2020-07-21 16:09:54.475 DEBUG 7808 --- [XNIO-1 task-40] r.c.a.e.r.S.selectByPrimaryKey           : ==>  Preparing: select id, name, level, level_name, item_order, deleted from t_subject where id = ? 
2020-07-21 16:09:54.476 DEBUG 7808 --- [XNIO-1 task-40] r.c.a.e.r.S.selectByPrimaryKey           : ==> Parameters: 1(Integer)
2020-07-21 16:09:54.477 DEBUG 7808 --- [XNIO-1 task-40] r.c.a.e.r.S.selectByPrimaryKey           : <==      Total: 1
2020-07-21 16:10:02.094 DEBUG 7808 --- [XNIO-1 task-41] r.c.a.e.r.E.selectByPrimaryKey           : ==>  Preparing: select id, name, subject_id, paper_type, grade_level, score, question_count, suggest_time, limit_start_time, limit_end_time, frame_text_content_id, create_user, create_time, deleted, task_exam_id from t_exam_paper where id = ? 
2020-07-21 16:10:02.094 DEBUG 7808 --- [XNIO-1 task-41] r.c.a.e.r.E.selectByPrimaryKey           : ==> Parameters: 5(Integer)
2020-07-21 16:10:02.096 DEBUG 7808 --- [XNIO-1 task-41] r.c.a.e.r.E.selectByPrimaryKey           : <==      Total: 1
2020-07-21 16:10:02.097 DEBUG 7808 --- [XNIO-1 task-41] r.c.a.e.r.QuestionMapper.selectByIds     : ==>  Preparing: SELECT id, question_type, subject_id, score, grade_level, difficult, correct, info_text_content_id, create_user, status, create_time, deleted FROM t_question where id in ( ? , ? ) 
2020-07-21 16:10:02.098 DEBUG 7808 --- [XNIO-1 task-41] r.c.a.e.r.QuestionMapper.selectByIds     : ==> Parameters: 3(Integer), 2(Integer)
2020-07-21 16:10:02.099 DEBUG 7808 --- [XNIO-1 task-41] r.c.a.e.r.QuestionMapper.selectByIds     : <==      Total: 2
2020-07-21 16:10:07.139 DEBUG 7808 --- [XNIO-1 task-42] r.c.a.e.r.E.selectByPrimaryKey           : ==>  Preparing: select id, name, subject_id, paper_type, grade_level, score, question_count, suggest_time, limit_start_time, limit_end_time, frame_text_content_id, create_user, create_time, deleted, task_exam_id from t_exam_paper where id = ? 
2020-07-21 16:10:07.139 DEBUG 7808 --- [XNIO-1 task-42] r.c.a.e.r.E.selectByPrimaryKey           : ==> Parameters: 5(Integer)
2020-07-21 16:10:07.141 DEBUG 7808 --- [XNIO-1 task-42] r.c.a.e.r.E.selectByPrimaryKey           : <==      Total: 1
2020-07-21 16:10:07.142 DEBUG 7808 --- [XNIO-1 task-42] r.c.a.e.r.E.getByPidUid                  : ==>  Preparing: select id, exam_paper_id, paper_name, paper_type, subject_id, system_score, user_score, paper_score, question_correct, question_count, do_time, status, create_user, create_time, task_exam_id from t_exam_paper_answer where exam_paper_id = ? and create_user=? limit 1 
2020-07-21 16:10:07.142 DEBUG 7808 --- [XNIO-1 task-42] r.c.a.e.r.E.getByPidUid                  : ==> Parameters: 5(Integer), 4(Integer)
2020-07-21 16:10:07.143 DEBUG 7808 --- [XNIO-1 task-42] r.c.a.e.r.E.getByPidUid                  : <==      Total: 1
2020-07-21 16:10:13.628 DEBUG 7808 --- [XNIO-1 task-43] r.c.a.e.r.E.selectByPrimaryKey           : ==>  Preparing: select id, name, subject_id, paper_type, grade_level, score, question_count, suggest_time, limit_start_time, limit_end_time, frame_text_content_id, create_user, create_time, deleted, task_exam_id from t_exam_paper where id = ? 
2020-07-21 16:10:13.628 DEBUG 7808 --- [XNIO-1 task-43] r.c.a.e.r.E.selectByPrimaryKey           : ==> Parameters: 5(Integer)
2020-07-21 16:10:13.629 DEBUG 7808 --- [XNIO-1 task-43] r.c.a.e.r.E.selectByPrimaryKey           : <==      Total: 1
2020-07-21 16:10:13.631 DEBUG 7808 --- [XNIO-1 task-43] r.c.a.e.r.E.getByPidUid                  : ==>  Preparing: select id, exam_paper_id, paper_name, paper_type, subject_id, system_score, user_score, paper_score, question_correct, question_count, do_time, status, create_user, create_time, task_exam_id from t_exam_paper_answer where exam_paper_id = ? and create_user=? limit 1 
2020-07-21 16:10:13.632 DEBUG 7808 --- [XNIO-1 task-43] r.c.a.e.r.E.getByPidUid                  : ==> Parameters: 5(Integer), 4(Integer)
2020-07-21 16:10:13.632 DEBUG 7808 --- [XNIO-1 task-43] r.c.a.e.r.E.getByPidUid                  : <==      Total: 1
2020-07-21 16:11:09.767 DEBUG 7808 --- [XNIO-1 task-44] r.c.a.e.r.E.selectByPrimaryKey           : ==>  Preparing: select id, name, subject_id, paper_type, grade_level, score, question_count, suggest_time, limit_start_time, limit_end_time, frame_text_content_id, create_user, create_time, deleted, task_exam_id from t_exam_paper where id = ? 
2020-07-21 16:11:09.768 DEBUG 7808 --- [XNIO-1 task-44] r.c.a.e.r.E.selectByPrimaryKey           : ==> Parameters: 5(Integer)
2020-07-21 16:11:09.769 DEBUG 7808 --- [XNIO-1 task-44] r.c.a.e.r.E.selectByPrimaryKey           : <==      Total: 1
2020-07-21 16:11:09.769 DEBUG 7808 --- [XNIO-1 task-44] r.c.a.e.r.E.getByPidUid                  : ==>  Preparing: select id, exam_paper_id, paper_name, paper_type, subject_id, system_score, user_score, paper_score, question_correct, question_count, do_time, status, create_user, create_time, task_exam_id from t_exam_paper_answer where exam_paper_id = ? and create_user=? limit 1 
2020-07-21 16:11:09.769 DEBUG 7808 --- [XNIO-1 task-44] r.c.a.e.r.E.getByPidUid                  : ==> Parameters: 5(Integer), 4(Integer)
2020-07-21 16:11:09.770 DEBUG 7808 --- [XNIO-1 task-44] r.c.a.e.r.E.getByPidUid                  : <==      Total: 1
2020-07-21 16:11:41.923 DEBUG 7808 --- [XNIO-1 task-45] r.c.a.e.r.E.selectByPrimaryKey           : ==>  Preparing: select id, name, subject_id, paper_type, grade_level, score, question_count, suggest_time, limit_start_time, limit_end_time, frame_text_content_id, create_user, create_time, deleted, task_exam_id from t_exam_paper where id = ? 
2020-07-21 16:11:41.923 DEBUG 7808 --- [XNIO-1 task-45] r.c.a.e.r.E.selectByPrimaryKey           : ==> Parameters: 4(Integer)
2020-07-21 16:11:41.924 DEBUG 7808 --- [XNIO-1 task-45] r.c.a.e.r.E.selectByPrimaryKey           : <==      Total: 1
2020-07-21 16:11:41.925 DEBUG 7808 --- [XNIO-1 task-45] r.c.a.e.r.T.selectByPrimaryKey           : ==>  Preparing: select id, content, create_time from t_text_content where id = ? 
2020-07-21 16:11:41.925 DEBUG 7808 --- [XNIO-1 task-45] r.c.a.e.r.T.selectByPrimaryKey           : ==> Parameters: 8(Integer)
2020-07-21 16:11:41.926 DEBUG 7808 --- [XNIO-1 task-45] r.c.a.e.r.T.selectByPrimaryKey           : <==      Total: 1
2020-07-21 16:11:41.928 DEBUG 7808 --- [XNIO-1 task-45] r.c.a.e.r.QuestionMapper.selectByIds     : ==>  Preparing: SELECT id, question_type, subject_id, score, grade_level, difficult, correct, info_text_content_id, create_user, status, create_time, deleted FROM t_question where id in ( ? , ? , ? , ? ) 
2020-07-21 16:11:41.929 DEBUG 7808 --- [XNIO-1 task-45] r.c.a.e.r.QuestionMapper.selectByIds     : ==> Parameters: 1(Integer), 2(Integer), 3(Integer), 4(Integer)
2020-07-21 16:11:41.933 DEBUG 7808 --- [XNIO-1 task-45] r.c.a.e.r.QuestionMapper.selectByIds     : <==      Total: 4
2020-07-21 16:11:55.073 DEBUG 7808 --- [XNIO-1 task-46] r.c.a.e.r.E.selectByPrimaryKey           : ==>  Preparing: select id, name, subject_id, paper_type, grade_level, score, question_count, suggest_time, limit_start_time, limit_end_time, frame_text_content_id, create_user, create_time, deleted, task_exam_id from t_exam_paper where id = ? 
2020-07-21 16:11:55.073 DEBUG 7808 --- [XNIO-1 task-46] r.c.a.e.r.E.selectByPrimaryKey           : ==> Parameters: 4(Integer)
2020-07-21 16:11:55.074 DEBUG 7808 --- [XNIO-1 task-46] r.c.a.e.r.E.selectByPrimaryKey           : <==      Total: 1
2020-07-21 16:11:55.076 DEBUG 7808 --- [XNIO-1 task-46] r.c.a.e.r.QuestionMapper.selectByIds     : ==>  Preparing: SELECT id, question_type, subject_id, score, grade_level, difficult, correct, info_text_content_id, create_user, status, create_time, deleted FROM t_question where id in ( ? , ? , ? , ? ) 
2020-07-21 16:11:55.076 DEBUG 7808 --- [XNIO-1 task-46] r.c.a.e.r.QuestionMapper.selectByIds     : ==> Parameters: 1(Integer), 2(Integer), 3(Integer), 4(Integer)
2020-07-21 16:11:55.077 DEBUG 7808 --- [XNIO-1 task-46] r.c.a.e.r.QuestionMapper.selectByIds     : <==      Total: 4
2020-07-21 16:11:55.078 DEBUG 7808 --- [XNIO-1 task-46] r.c.a.e.r.E.insertSelective              : ==>  Preparing: insert into t_exam_paper_answer ( exam_paper_id, paper_name, paper_type, subject_id, system_score, user_score, paper_score, question_correct, question_count, do_time, status, create_user, create_time, task_exam_id ) values ( ?, ?, ?, ?, ?, ?, ?, ?, ?, ?, ?, ?, ?, ? ) 
2020-07-21 16:11:55.079 DEBUG 7808 --- [XNIO-1 task-46] r.c.a.e.r.E.insertSelective              : ==> Parameters: 4(Integer), 固定试卷test1(String), 1(Integer), 1(Integer), 20(Integer), 20(Integer), 40(Integer), 2(Integer), 4(Integer), 13(Integer), 2(Integer), 4(Integer), 2020-07-21 16:11:55.072(Timestamp), 2(Integer)
2020-07-21 16:11:55.080 DEBUG 7808 --- [XNIO-1 task-46] r.c.a.e.r.E.insertSelective              : <==    Updates: 1
2020-07-21 16:11:55.082 DEBUG 7808 --- [XNIO-1 task-46] r.c.a.e.r.E.insertList                   : ==>  Preparing: insert into t_exam_paper_question_customer_answer ( question_id, question_score, subject_id, create_time, create_user, text_content_id, exam_paper_id, question_type, answer, customer_score, exam_paper_answer_id , do_right,question_text_content_id,item_order) values ( ?, ?, ?, ?, ?, ?, ?, ?, ?, ?, ?, ?,?,?) , ( ?, ?, ?, ?, ?, ?, ?, ?, ?, ?, ?, ?,?,?) , ( ?, ?, ?, ?, ?, ?, ?, ?, ?, ?, ?, ?,?,?) , ( ?, ?, ?, ?, ?, ?, ?, ?, ?, ?, ?, ?,?,?) 
2020-07-21 16:11:55.083 DEBUG 7808 --- [XNIO-1 task-46] r.c.a.e.r.E.insertList                   : ==> Parameters: 1(Integer), 10(Integer), 1(Integer), 2020-07-21 16:11:55.072(Timestamp), 4(Integer), null, 4(Integer), 1(Integer), A(String), 10(Integer), 6(Integer), true(Boolean), 1(Integer), 1(Integer), 2(Integer), 10(Integer), 1(Integer), 2020-07-21 16:11:55.072(Timestamp), 4(Integer), null, 4(Integer), 1(Integer), A(String), 10(Integer), 6(Integer), true(Boolean), 2(Integer), 2(Integer), 3(Integer), 10(Integer), 1(Integer), 2020-07-21 16:11:55.072(Timestamp), 4(Integer), null, 4(Integer), 2(Integer), A(String), 0(Integer), 6(Integer), false(Boolean), 4(Integer), 3(Integer), 4(Integer), 10(Integer), 1(Integer), 2020-07-21 16:11:55.072(Timestamp), 4(Integer), null, 4(Integer), 2(Integer), A(String), 0(Integer), 6(Integer), false(Boolean), 5(Integer), 4(Integer)
2020-07-21 16:11:55.084 DEBUG 7808 --- [XNIO-1 task-46] r.c.a.e.r.E.insertList                   : <==    Updates: 4
2020-07-21 16:11:55.095 DEBUG 7808 --- [XNIO-1 task-46] r.c.a.e.r.U.insertSelective              : ==>  Preparing: insert into t_user_event_log ( user_id, user_name, real_name, content, create_time ) values ( ?, ?, ?, ?, ? ) 
2020-07-21 16:11:55.095 DEBUG 7808 --- [XNIO-1 task-46] r.c.a.e.r.U.insertSelective              : ==> Parameters: 4(Integer), 技术部user(String), tech(String), 技术部user 提交试卷：固定试卷test1 得分：2 耗时：13 秒(String), 2020-07-21 16:11:55.077(Timestamp)
2020-07-21 16:11:55.100 DEBUG 7808 --- [XNIO-1 task-46] r.c.a.e.r.U.insertSelective              : <==    Updates: 1
2020-07-21 16:11:57.259 DEBUG 7808 --- [XNIO-1 task-47] r.c.a.e.r.MessageUserMapper.unReadCount  : ==>  Preparing: select count(*) from t_message_user where readed='f' and receive_user_id = ? 
2020-07-21 16:11:57.259 DEBUG 7808 --- [XNIO-1 task-47] r.c.a.e.r.MessageUserMapper.unReadCount  : ==> Parameters: 4(Integer)
2020-07-21 16:11:57.260 DEBUG 7808 --- [XNIO-1 task-47] r.c.a.e.r.MessageUserMapper.unReadCount  : <==      Total: 1
2020-07-21 16:11:57.262 DEBUG 7808 --- [XNIO-1 task-49] r.c.a.e.r.E.studentPage_COUNT            : ==>  Preparing: SELECT count(0) FROM t_exam_paper_answer WHERE create_user = ? 
2020-07-21 16:11:57.262 DEBUG 7808 --- [XNIO-1 task-49] r.c.a.e.r.E.studentPage_COUNT            : ==> Parameters: 4(Integer)
2020-07-21 16:11:57.262 DEBUG 7808 --- [XNIO-1 task-49] r.c.a.e.r.E.studentPage_COUNT            : <==      Total: 1
2020-07-21 16:11:57.264 DEBUG 7808 --- [XNIO-1 task-49] r.c.a.e.r.E.studentPage                  : ==>  Preparing: SELECT id, exam_paper_id, paper_name, paper_type, subject_id, system_score, user_score, paper_score, question_correct, question_count, do_time, status, create_user, create_time, task_exam_id FROM t_exam_paper_answer WHERE create_user = ? order by id desc LIMIT ? 
2020-07-21 16:11:57.264 DEBUG 7808 --- [XNIO-1 task-49] r.c.a.e.r.E.studentPage                  : ==> Parameters: 4(Integer), 10(Integer)
2020-07-21 16:11:57.265 DEBUG 7808 --- [XNIO-1 task-49] r.c.a.e.r.E.studentPage                  : <==      Total: 4
2020-07-21 16:13:19.201 DEBUG 7808 --- [XNIO-1 task-50] r.c.a.e.r.E.selectByPrimaryKey           : ==>  Preparing: select id, name, subject_id, paper_type, grade_level, score, question_count, suggest_time, limit_start_time, limit_end_time, frame_text_content_id, create_user, create_time, deleted, task_exam_id from t_exam_paper where id = ? 
2020-07-21 16:13:19.201 DEBUG 7808 --- [XNIO-1 task-50] r.c.a.e.r.E.selectByPrimaryKey           : ==> Parameters: 5(Integer)
2020-07-21 16:13:19.202 DEBUG 7808 --- [XNIO-1 task-50] r.c.a.e.r.E.selectByPrimaryKey           : <==      Total: 1
2020-07-21 16:13:19.203 DEBUG 7808 --- [XNIO-1 task-50] r.c.a.e.r.QuestionMapper.selectByIds     : ==>  Preparing: SELECT id, question_type, subject_id, score, grade_level, difficult, correct, info_text_content_id, create_user, status, create_time, deleted FROM t_question where id in ( ? , ? ) 
2020-07-21 16:13:19.203 DEBUG 7808 --- [XNIO-1 task-50] r.c.a.e.r.QuestionMapper.selectByIds     : ==> Parameters: 3(Integer), 2(Integer)
2020-07-21 16:13:19.204 DEBUG 7808 --- [XNIO-1 task-50] r.c.a.e.r.QuestionMapper.selectByIds     : <==      Total: 2
2020-07-21 16:13:25.740 DEBUG 7808 --- [XNIO-1 task-52] r.c.a.e.r.E.selectByPrimaryKey           : ==>  Preparing: select id, name, subject_id, paper_type, grade_level, score, question_count, suggest_time, limit_start_time, limit_end_time, frame_text_content_id, create_user, create_time, deleted, task_exam_id from t_exam_paper where id = ? 
2020-07-21 16:13:25.740 DEBUG 7808 --- [XNIO-1 task-52] r.c.a.e.r.E.selectByPrimaryKey           : ==> Parameters: 5(Integer)
2020-07-21 16:13:25.741 DEBUG 7808 --- [XNIO-1 task-52] r.c.a.e.r.E.selectByPrimaryKey           : <==      Total: 1
2020-07-21 16:13:25.743 DEBUG 7808 --- [XNIO-1 task-52] r.c.a.e.r.QuestionMapper.selectByIds     : ==>  Preparing: SELECT id, question_type, subject_id, score, grade_level, difficult, correct, info_text_content_id, create_user, status, create_time, deleted FROM t_question where id in ( ? , ? ) 
2020-07-21 16:13:25.743 DEBUG 7808 --- [XNIO-1 task-52] r.c.a.e.r.QuestionMapper.selectByIds     : ==> Parameters: 3(Integer), 2(Integer)
2020-07-21 16:13:25.744 DEBUG 7808 --- [XNIO-1 task-52] r.c.a.e.r.QuestionMapper.selectByIds     : <==      Total: 2
2020-07-21 16:13:43.161 DEBUG 7808 --- [XNIO-1 task-55] r.c.a.e.r.E.selectByPrimaryKey           : ==>  Preparing: select id, name, subject_id, paper_type, grade_level, score, question_count, suggest_time, limit_start_time, limit_end_time, frame_text_content_id, create_user, create_time, deleted, task_exam_id from t_exam_paper where id = ? 
2020-07-21 16:13:43.162 DEBUG 7808 --- [XNIO-1 task-55] r.c.a.e.r.E.selectByPrimaryKey           : ==> Parameters: 5(Integer)
2020-07-21 16:13:43.162 DEBUG 7808 --- [XNIO-1 task-55] r.c.a.e.r.E.selectByPrimaryKey           : <==      Total: 1
2020-07-21 16:13:43.164 DEBUG 7808 --- [XNIO-1 task-55] r.c.a.e.r.QuestionMapper.selectByIds     : ==>  Preparing: SELECT id, question_type, subject_id, score, grade_level, difficult, correct, info_text_content_id, create_user, status, create_time, deleted FROM t_question where id in ( ? , ? ) 
2020-07-21 16:13:43.165 DEBUG 7808 --- [XNIO-1 task-55] r.c.a.e.r.QuestionMapper.selectByIds     : ==> Parameters: 3(Integer), 2(Integer)
2020-07-21 16:13:43.166 DEBUG 7808 --- [XNIO-1 task-55] r.c.a.e.r.QuestionMapper.selectByIds     : <==      Total: 2
2020-07-21 16:15:10.244 DEBUG 7808 --- [XNIO-1 task-58] r.c.a.e.r.E.selectByPrimaryKey           : ==>  Preparing: select id, name, subject_id, paper_type, grade_level, score, question_count, suggest_time, limit_start_time, limit_end_time, frame_text_content_id, create_user, create_time, deleted, task_exam_id from t_exam_paper where id = ? 
2020-07-21 16:15:10.245 DEBUG 7808 --- [XNIO-1 task-58] r.c.a.e.r.E.selectByPrimaryKey           : ==> Parameters: 5(Integer)
2020-07-21 16:15:10.246 DEBUG 7808 --- [XNIO-1 task-58] r.c.a.e.r.E.selectByPrimaryKey           : <==      Total: 1
2020-07-21 16:15:10.249 DEBUG 7808 --- [XNIO-1 task-58] r.c.a.e.r.QuestionMapper.selectByIds     : ==>  Preparing: SELECT id, question_type, subject_id, score, grade_level, difficult, correct, info_text_content_id, create_user, status, create_time, deleted FROM t_question where id in ( ? , ? ) 
2020-07-21 16:15:10.249 DEBUG 7808 --- [XNIO-1 task-58] r.c.a.e.r.QuestionMapper.selectByIds     : ==> Parameters: 3(Integer), 2(Integer)
2020-07-21 16:15:10.250 DEBUG 7808 --- [XNIO-1 task-58] r.c.a.e.r.QuestionMapper.selectByIds     : <==      Total: 2
2020-07-21 16:15:24.492 DEBUG 7808 --- [XNIO-1 task-60] r.c.a.e.r.E.selectByPrimaryKey           : ==>  Preparing: select id, name, subject_id, paper_type, grade_level, score, question_count, suggest_time, limit_start_time, limit_end_time, frame_text_content_id, create_user, create_time, deleted, task_exam_id from t_exam_paper where id = ? 
2020-07-21 16:15:24.493 DEBUG 7808 --- [XNIO-1 task-60] r.c.a.e.r.E.selectByPrimaryKey           : ==> Parameters: 5(Integer)
2020-07-21 16:15:24.494 DEBUG 7808 --- [XNIO-1 task-60] r.c.a.e.r.E.selectByPrimaryKey           : <==      Total: 1
2020-07-21 16:15:24.494 DEBUG 7808 --- [XNIO-1 task-60] r.c.a.e.r.E.getByPidUid                  : ==>  Preparing: select id, exam_paper_id, paper_name, paper_type, subject_id, system_score, user_score, paper_score, question_correct, question_count, do_time, status, create_user, create_time, task_exam_id from t_exam_paper_answer where exam_paper_id = ? and create_user=? limit 1 
2020-07-21 16:15:24.494 DEBUG 7808 --- [XNIO-1 task-60] r.c.a.e.r.E.getByPidUid                  : ==> Parameters: 5(Integer), 4(Integer)
2020-07-21 16:15:24.495 DEBUG 7808 --- [XNIO-1 task-60] r.c.a.e.r.E.getByPidUid                  : <==      Total: 1
2020-07-21 16:15:52.583 DEBUG 7808 --- [XNIO-1 task-61] r.c.a.e.r.SubjectMapper.allSubject       : ==>  Preparing: select id, name, level, level_name, item_order, deleted from t_subject WHERE deleted=0 
2020-07-21 16:15:52.584 DEBUG 7808 --- [XNIO-1 task-61] r.c.a.e.r.SubjectMapper.allSubject       : ==> Parameters: 
2020-07-21 16:15:52.585 DEBUG 7808 --- [XNIO-1 task-61] r.c.a.e.r.SubjectMapper.allSubject       : <==      Total: 1
2020-07-21 16:21:41.817 DEBUG 7808 --- [XNIO-1 task-62] r.c.a.e.r.SubjectMapper.allSubject       : ==>  Preparing: select id, name, level, level_name, item_order, deleted from t_subject WHERE deleted=0 
2020-07-21 16:21:41.817 DEBUG 7808 --- [XNIO-1 task-62] r.c.a.e.r.SubjectMapper.allSubject       : ==> Parameters: 
2020-07-21 16:21:41.818 DEBUG 7808 --- [XNIO-1 task-62] r.c.a.e.r.SubjectMapper.allSubject       : <==      Total: 1
2020-07-21 16:21:41.818 DEBUG 7808 --- [XNIO-1 task-63] r.c.a.e.r.ExamPaperMapper.page_COUNT     : ==>  Preparing: SELECT count(0) FROM t_exam_paper WHERE deleted = 0 
2020-07-21 16:21:41.818 DEBUG 7808 --- [XNIO-1 task-63] r.c.a.e.r.ExamPaperMapper.page_COUNT     : ==> Parameters: 
2020-07-21 16:21:41.819 DEBUG 7808 --- [XNIO-1 task-63] r.c.a.e.r.ExamPaperMapper.page_COUNT     : <==      Total: 1
2020-07-21 16:21:41.820 DEBUG 7808 --- [XNIO-1 task-63] r.c.a.e.repository.ExamPaperMapper.page  : ==>  Preparing: SELECT id, name, subject_id, paper_type, grade_level, score, question_count, suggest_time, limit_start_time, limit_end_time, frame_text_content_id, create_user, create_time, deleted, task_exam_id FROM t_exam_paper WHERE deleted = 0 order by id desc LIMIT ? 
2020-07-21 16:21:41.820 DEBUG 7808 --- [XNIO-1 task-63] r.c.a.e.repository.ExamPaperMapper.page  : ==> Parameters: 10(Integer)
2020-07-21 16:21:41.822 DEBUG 7808 --- [XNIO-1 task-63] r.c.a.e.repository.ExamPaperMapper.page  : <==      Total: 3
2020-07-21 16:21:51.437  WARN 7808 --- [HikariPool-1 housekeeper] com.zaxxer.hikari.pool.HikariPool        : HikariPool-1 - Thread starvation or clock leap detected (housekeeper delta=3m6s141ms183µs400ns).
2020-07-21 18:52:47.648  WARN 7808 --- [HikariPool-1 housekeeper] com.zaxxer.hikari.pool.HikariPool        : HikariPool-1 - Thread starvation or clock leap detected (housekeeper delta=5m55s310ms468µs100ns).
2020-07-21 19:13:01.125  WARN 7808 --- [HikariPool-1 housekeeper] com.zaxxer.hikari.pool.HikariPool        : HikariPool-1 - Thread starvation or clock leap detected (housekeeper delta=7m13s454ms659µs300ns).
2020-07-21 20:39:55.968  WARN 7808 --- [HikariPool-1 housekeeper] com.zaxxer.hikari.pool.HikariPool        : HikariPool-1 - Thread starvation or clock leap detected (housekeeper delta=10m24s707ms278µs700ns).
2020-07-21 21:02:28.594  WARN 7808 --- [HikariPool-1 housekeeper] com.zaxxer.hikari.pool.HikariPool        : HikariPool-1 - Thread starvation or clock leap detected (housekeeper delta=2m32s594ms863µs700ns).
