2020-07-19 23:22:58.307  INFO 8516 --- [restartedMain] com.alvis.exam.ExamApplication           : Starting ExamApplication on LAPTOP-DA32CNEO with PID 8516 (E:\uexam_project\uexam\source\exam\source\exam\target\classes started by 10983 in E:\uexam_project\uexam\source\exam\source\exam)
2020-07-19 23:22:58.307  INFO 8516 --- [restartedMain] com.alvis.exam.ExamApplication           : The following profiles are active: dev
2020-07-19 23:22:58.382  INFO 8516 --- [restartedMain] .e.DevToolsPropertyDefaultsPostProcessor : Devtools property defaults active! Set 'spring.devtools.add-properties' to 'false' to disable
2020-07-19 23:22:58.382  INFO 8516 --- [restartedMain] .e.DevToolsPropertyDefaultsPostProcessor : For additional web related logging consider setting the 'logging.level.web' property to 'DEBUG'
2020-07-19 23:22:59.038  INFO 8516 --- [restartedMain] .s.d.r.c.RepositoryConfigurationDelegate : Multiple Spring Data modules found, entering strict repository configuration mode!
2020-07-19 23:22:59.038  INFO 8516 --- [restartedMain] .s.d.r.c.RepositoryConfigurationDelegate : Bootstrapping Spring Data repositories in DEFAULT mode.
2020-07-19 23:22:59.085  INFO 8516 --- [restartedMain] .s.d.r.c.RepositoryConfigurationDelegate : Finished Spring Data repository scanning in 31ms. Found 0 repository interfaces.
2020-07-19 23:22:59.401  INFO 8516 --- [restartedMain] trationDelegate$BeanPostProcessorChecker : Bean 'cacheConfig' of type [com.alvis.exam.configuration.spring.cache.CacheConfig$$EnhancerBySpringCGLIB$$3e3e3c9b] is not eligible for getting processed by all BeanPostProcessors (for example: not eligible for auto-proxying)
2020-07-19 23:22:59.401  INFO 8516 --- [restartedMain] trationDelegate$BeanPostProcessorChecker : Bean 'org.springframework.transaction.annotation.ProxyTransactionManagementConfiguration' of type [org.springframework.transaction.annotation.ProxyTransactionManagementConfiguration$$EnhancerBySpringCGLIB$$d61a87de] is not eligible for getting processed by all BeanPostProcessors (for example: not eligible for auto-proxying)
2020-07-19 23:22:59.635  WARN 8516 --- [restartedMain] io.undertow.websockets.jsr               : UT026010: Buffer pool was not set on WebSocketDeploymentInfo, the default pool will be used
2020-07-19 23:22:59.651  INFO 8516 --- [restartedMain] io.undertow.servlet                      : Initializing Spring embedded WebApplicationContext
2020-07-19 23:22:59.651  INFO 8516 --- [restartedMain] o.s.web.context.ContextLoader            : Root WebApplicationContext: initialization completed in 1269 ms
2020-07-19 23:23:00.616  INFO 8516 --- [restartedMain] o.s.s.web.DefaultSecurityFilterChain     : Creating filter chain: any request, [org.springframework.security.web.context.request.async.WebAsyncManagerIntegrationFilter@1c0ec882, org.springframework.security.web.context.SecurityContextPersistenceFilter@40a5dce1, org.springframework.security.web.header.HeaderWriterFilter@227ee42, org.springframework.web.filter.CorsFilter@cb2d3f7, org.springframework.security.web.authentication.logout.LogoutFilter@71e3ae76, com.alvis.exam.configuration.spring.security.RestLoginAuthenticationFilter@4c5dba96, org.springframework.security.web.authentication.UsernamePasswordAuthenticationFilter@161a77c6, org.springframework.security.web.savedrequest.RequestCacheAwareFilter@15bbf12e, org.springframework.security.web.servletapi.SecurityContextHolderAwareRequestFilter@71f62683, org.springframework.security.web.authentication.rememberme.RememberMeAuthenticationFilter@58cdeecb, org.springframework.security.web.authentication.AnonymousAuthenticationFilter@4bdfadb8, org.springframework.security.web.session.SessionManagementFilter@32705b9c, org.springframework.security.web.access.ExceptionTranslationFilter@42393d25, org.springframework.security.web.access.intercept.FilterSecurityInterceptor@44552854]
2020-07-19 23:23:00.944  INFO 8516 --- [restartedMain] io.lettuce.core.EpollProvider            : Starting without optional epoll library
2020-07-19 23:23:00.944  INFO 8516 --- [restartedMain] io.lettuce.core.KqueueProvider           : Starting without optional kqueue library
2020-07-19 23:23:10.523  WARN 8516 --- [restartedMain] ConfigServletWebServerApplicationContext : Exception encountered during context initialization - cancelling refresh attempt: org.springframework.beans.factory.BeanCreationException: Error creating bean with name 'enableRedisKeyspaceNotificationsInitializer' defined in class path resource [org/springframework/boot/autoconfigure/session/RedisSessionConfiguration$SpringBootRedisHttpSessionConfiguration.class]: Invocation of init method failed; nested exception is org.springframework.data.redis.connection.PoolException: Could not get a resource from the pool; nested exception is io.lettuce.core.RedisConnectionException: Unable to connect to localhost:6379
2020-07-19 23:23:11.669  INFO 8516 --- [restartedMain] ConditionEvaluationReportLoggingListener : 

Error starting ApplicationContext. To display the conditions report re-run your application with 'debug' enabled.
2020-07-19 23:23:11.669 ERROR 8516 --- [restartedMain] o.s.boot.SpringApplication               : Application run failed

org.springframework.beans.factory.BeanCreationException: Error creating bean with name 'enableRedisKeyspaceNotificationsInitializer' defined in class path resource [org/springframework/boot/autoconfigure/session/RedisSessionConfiguration$SpringBootRedisHttpSessionConfiguration.class]: Invocation of init method failed; nested exception is org.springframework.data.redis.connection.PoolException: Could not get a resource from the pool; nested exception is io.lettuce.core.RedisConnectionException: Unable to connect to localhost:6379
	at org.springframework.beans.factory.support.AbstractAutowireCapableBeanFactory.initializeBean(AbstractAutowireCapableBeanFactory.java:1778)
	at org.springframework.beans.factory.support.AbstractAutowireCapableBeanFactory.doCreateBean(AbstractAutowireCapableBeanFactory.java:593)
	at org.springframework.beans.factory.support.AbstractAutowireCapableBeanFactory.createBean(AbstractAutowireCapableBeanFactory.java:515)
	at org.springframework.beans.factory.support.AbstractBeanFactory.lambda$doGetBean$0(AbstractBeanFactory.java:320)
	at org.springframework.beans.factory.support.DefaultSingletonBeanRegistry.getSingleton(DefaultSingletonBeanRegistry.java:222)
	at org.springframework.beans.factory.support.AbstractBeanFactory.doGetBean(AbstractBeanFactory.java:318)
	at org.springframework.beans.factory.support.AbstractBeanFactory.getBean(AbstractBeanFactory.java:199)
	at org.springframework.beans.factory.support.DefaultListableBeanFactory.preInstantiateSingletons(DefaultListableBeanFactory.java:845)
	at org.springframework.context.support.AbstractApplicationContext.finishBeanFactoryInitialization(AbstractApplicationContext.java:877)
	at org.springframework.context.support.AbstractApplicationContext.refresh(AbstractApplicationContext.java:549)
	at org.springframework.boot.web.servlet.context.ServletWebServerApplicationContext.refresh(ServletWebServerApplicationContext.java:140)
	at org.springframework.boot.SpringApplication.refresh(SpringApplication.java:742)
	at org.springframework.boot.SpringApplication.refreshContext(SpringApplication.java:389)
	at org.springframework.boot.SpringApplication.run(SpringApplication.java:311)
	at org.springframework.boot.SpringApplication.run(SpringApplication.java:1213)
	at org.springframework.boot.SpringApplication.run(SpringApplication.java:1202)
	at com.alvis.exam.ExamApplication.main(ExamApplication.java:20)
	at sun.reflect.NativeMethodAccessorImpl.invoke0(Native Method)
	at sun.reflect.NativeMethodAccessorImpl.invoke(NativeMethodAccessorImpl.java:62)
	at sun.reflect.DelegatingMethodAccessorImpl.invoke(DelegatingMethodAccessorImpl.java:43)
	at java.lang.reflect.Method.invoke(Method.java:498)
	at org.springframework.boot.devtools.restart.RestartLauncher.run(RestartLauncher.java:49)
Caused by: org.springframework.data.redis.connection.PoolException: Could not get a resource from the pool; nested exception is io.lettuce.core.RedisConnectionException: Unable to connect to localhost:6379
	at org.springframework.data.redis.connection.lettuce.LettucePoolingConnectionProvider.getConnection(LettucePoolingConnectionProvider.java:86)
	at org.springframework.data.redis.connection.lettuce.LettuceConnectionFactory$SharedConnection.getNativeConnection(LettuceConnectionFactory.java:1104)
	at org.springframework.data.redis.connection.lettuce.LettuceConnectionFactory$SharedConnection.getConnection(LettuceConnectionFactory.java:1085)
	at org.springframework.data.redis.connection.lettuce.LettuceConnectionFactory.getSharedConnection(LettuceConnectionFactory.java:866)
	at org.springframework.data.redis.connection.lettuce.LettuceConnectionFactory.getConnection(LettuceConnectionFactory.java:341)
	at org.springframework.session.data.redis.config.annotation.web.http.RedisHttpSessionConfiguration$EnableRedisKeyspaceNotificationsInitializer.afterPropertiesSet(RedisHttpSessionConfiguration.java:302)
	at org.springframework.beans.factory.support.AbstractAutowireCapableBeanFactory.invokeInitMethods(AbstractAutowireCapableBeanFactory.java:1837)
	at org.springframework.beans.factory.support.AbstractAutowireCapableBeanFactory.initializeBean(AbstractAutowireCapableBeanFactory.java:1774)
	... 21 common frames omitted
Caused by: io.lettuce.core.RedisConnectionException: Unable to connect to localhost:6379
	at io.lettuce.core.RedisConnectionException.create(RedisConnectionException.java:78)
	at io.lettuce.core.RedisConnectionException.create(RedisConnectionException.java:56)
	at io.lettuce.core.AbstractRedisClient.getConnection(AbstractRedisClient.java:235)
	at io.lettuce.core.RedisClient.connect(RedisClient.java:204)
	at org.springframework.data.redis.connection.lettuce.StandaloneConnectionProvider.lambda$getConnection$1(StandaloneConnectionProvider.java:113)
	at java.util.Optional.orElseGet(Optional.java:267)
	at org.springframework.data.redis.connection.lettuce.StandaloneConnectionProvider.getConnection(StandaloneConnectionProvider.java:113)
	at org.springframework.data.redis.connection.lettuce.LettucePoolingConnectionProvider.lambda$null$0(LettucePoolingConnectionProvider.java:74)
	at io.lettuce.core.support.ConnectionPoolSupport$RedisPooledObjectFactory.create(ConnectionPoolSupport.java:209)
	at io.lettuce.core.support.ConnectionPoolSupport$RedisPooledObjectFactory.create(ConnectionPoolSupport.java:199)
	at org.apache.commons.pool2.BasePooledObjectFactory.makeObject(BasePooledObjectFactory.java:58)
	at org.apache.commons.pool2.impl.GenericObjectPool.create(GenericObjectPool.java:874)
	at org.apache.commons.pool2.impl.GenericObjectPool.borrowObject(GenericObjectPool.java:417)
	at org.apache.commons.pool2.impl.GenericObjectPool.borrowObject(GenericObjectPool.java:346)
	at io.lettuce.core.support.ConnectionPoolSupport$1.borrowObject(ConnectionPoolSupport.java:122)
	at io.lettuce.core.support.ConnectionPoolSupport$1.borrowObject(ConnectionPoolSupport.java:117)
	at org.springframework.data.redis.connection.lettuce.LettucePoolingConnectionProvider.getConnection(LettucePoolingConnectionProvider.java:80)
	... 28 common frames omitted
Caused by: java.io.IOException: 远程主机强迫关闭了一个现有的连接。
	at sun.nio.ch.SocketDispatcher.read0(Native Method)
	at sun.nio.ch.SocketDispatcher.read(SocketDispatcher.java:43)
	at sun.nio.ch.IOUtil.readIntoNativeBuffer(IOUtil.java:223)
	at sun.nio.ch.IOUtil.read(IOUtil.java:192)
	at sun.nio.ch.SocketChannelImpl.read(SocketChannelImpl.java:380)
	at io.netty.buffer.PooledUnsafeDirectByteBuf.setBytes(PooledUnsafeDirectByteBuf.java:288)
	at io.netty.buffer.AbstractByteBuf.writeBytes(AbstractByteBuf.java:1125)
	at io.netty.channel.socket.nio.NioSocketChannel.doReadBytes(NioSocketChannel.java:347)
	at io.netty.channel.nio.AbstractNioByteChannel$NioByteUnsafe.read(AbstractNioByteChannel.java:148)
	at io.netty.channel.nio.NioEventLoop.processSelectedKey(NioEventLoop.java:682)
	at io.netty.channel.nio.NioEventLoop.processSelectedKeysOptimized(NioEventLoop.java:617)
	at io.netty.channel.nio.NioEventLoop.processSelectedKeys(NioEventLoop.java:534)
	at io.netty.channel.nio.NioEventLoop.run(NioEventLoop.java:496)
	at io.netty.util.concurrent.SingleThreadEventExecutor$5.run(SingleThreadEventExecutor.java:906)
	at io.netty.util.internal.ThreadExecutorMap$2.run(ThreadExecutorMap.java:74)
	at io.netty.util.concurrent.FastThreadLocalRunnable.run(FastThreadLocalRunnable.java:30)
	at java.lang.Thread.run(Thread.java:748)

2020-07-19 23:51:57.525  INFO 7320 --- [restartedMain] com.alvis.exam.ExamApplication           : Starting ExamApplication on LAPTOP-DA32CNEO with PID 7320 (E:\uexam_project\uexam\source\exam\source\exam\target\classes started by 10983 in E:\uexam_project\uexam\source\exam\source\exam)
2020-07-19 23:51:57.525  INFO 7320 --- [restartedMain] com.alvis.exam.ExamApplication           : The following profiles are active: dev
2020-07-19 23:51:57.588  INFO 7320 --- [restartedMain] .e.DevToolsPropertyDefaultsPostProcessor : Devtools property defaults active! Set 'spring.devtools.add-properties' to 'false' to disable
2020-07-19 23:51:57.588  INFO 7320 --- [restartedMain] .e.DevToolsPropertyDefaultsPostProcessor : For additional web related logging consider setting the 'logging.level.web' property to 'DEBUG'
2020-07-19 23:51:58.285  INFO 7320 --- [restartedMain] .s.d.r.c.RepositoryConfigurationDelegate : Multiple Spring Data modules found, entering strict repository configuration mode!
2020-07-19 23:51:58.285  INFO 7320 --- [restartedMain] .s.d.r.c.RepositoryConfigurationDelegate : Bootstrapping Spring Data repositories in DEFAULT mode.
2020-07-19 23:51:58.316  INFO 7320 --- [restartedMain] .s.d.r.c.RepositoryConfigurationDelegate : Finished Spring Data repository scanning in 31ms. Found 0 repository interfaces.
2020-07-19 23:51:58.628  INFO 7320 --- [restartedMain] trationDelegate$BeanPostProcessorChecker : Bean 'cacheConfig' of type [com.alvis.exam.configuration.spring.cache.CacheConfig$$EnhancerBySpringCGLIB$$8fa3f811] is not eligible for getting processed by all BeanPostProcessors (for example: not eligible for auto-proxying)
2020-07-19 23:51:58.644  INFO 7320 --- [restartedMain] trationDelegate$BeanPostProcessorChecker : Bean 'org.springframework.transaction.annotation.ProxyTransactionManagementConfiguration' of type [org.springframework.transaction.annotation.ProxyTransactionManagementConfiguration$$EnhancerBySpringCGLIB$$27804354] is not eligible for getting processed by all BeanPostProcessors (for example: not eligible for auto-proxying)
2020-07-19 23:51:58.863  WARN 7320 --- [restartedMain] io.undertow.websockets.jsr               : UT026010: Buffer pool was not set on WebSocketDeploymentInfo, the default pool will be used
2020-07-19 23:51:58.878  INFO 7320 --- [restartedMain] io.undertow.servlet                      : Initializing Spring embedded WebApplicationContext
2020-07-19 23:51:58.878  INFO 7320 --- [restartedMain] o.s.web.context.ContextLoader            : Root WebApplicationContext: initialization completed in 1290 ms
2020-07-19 23:51:59.835  INFO 7320 --- [restartedMain] o.s.s.web.DefaultSecurityFilterChain     : Creating filter chain: any request, [org.springframework.security.web.context.request.async.WebAsyncManagerIntegrationFilter@7e68c0bb, org.springframework.security.web.context.SecurityContextPersistenceFilter@6e50b00c, org.springframework.security.web.header.HeaderWriterFilter@270739a0, org.springframework.web.filter.CorsFilter@44552854, org.springframework.security.web.authentication.logout.LogoutFilter@2527e2ad, com.alvis.exam.configuration.spring.security.RestLoginAuthenticationFilter@465805cf, org.springframework.security.web.authentication.UsernamePasswordAuthenticationFilter@3138964a, org.springframework.security.web.savedrequest.RequestCacheAwareFilter@102a02fd, org.springframework.security.web.servletapi.SecurityContextHolderAwareRequestFilter@392b9989, org.springframework.security.web.authentication.rememberme.RememberMeAuthenticationFilter@1dcf2e42, org.springframework.security.web.authentication.AnonymousAuthenticationFilter@569771c1, org.springframework.security.web.session.SessionManagementFilter@475cf0dd, org.springframework.security.web.access.ExceptionTranslationFilter@2e4656dc, org.springframework.security.web.access.intercept.FilterSecurityInterceptor@d3f597a]
2020-07-19 23:52:00.178  INFO 7320 --- [restartedMain] io.lettuce.core.EpollProvider            : Starting without optional epoll library
2020-07-19 23:52:00.178  INFO 7320 --- [restartedMain] io.lettuce.core.KqueueProvider           : Starting without optional kqueue library
2020-07-19 23:52:00.529  INFO 7320 --- [restartedMain] o.s.b.d.a.OptionalLiveReloadServer       : LiveReload server is running on port 35729
2020-07-19 23:52:01.129  INFO 7320 --- [restartedMain] s.a.ScheduledAnnotationBeanPostProcessor : No TaskScheduler/ScheduledExecutorService bean found for scheduled processing
2020-07-19 23:52:01.145  INFO 7320 --- [restartedMain] org.xnio                                 : XNIO version 3.3.8.Final
2020-07-19 23:52:01.160  INFO 7320 --- [restartedMain] org.xnio.nio                             : XNIO NIO Implementation Version 3.3.8.Final
2020-07-19 23:52:01.191  INFO 7320 --- [restartedMain] o.s.b.w.e.u.UndertowServletWebServer     : Undertow started on port(s) 8000 (http) with context path ''
2020-07-19 23:52:01.191  INFO 7320 --- [restartedMain] com.alvis.exam.ExamApplication           : Started ExamApplication in 3.962 seconds (JVM running for 4.598)
