2020-07-12 09:39:40.783  INFO 13856 --- [restartedMain] com.alvis.exam.ExamApplication           : Starting ExamApplication on LAPTOP-DA32CNEO with PID 13856 (E:\uexam_project\uexam\source\exam\source\exam\target\classes started by 10983 in E:\uexam_project\uexam\source\exam\source\exam)
2020-07-12 09:39:40.783  INFO 13856 --- [restartedMain] com.alvis.exam.ExamApplication           : The following profiles are active: dev
2020-07-12 09:39:40.845  INFO 13856 --- [restartedMain] .e.DevToolsPropertyDefaultsPostProcessor : Devtools property defaults active! Set 'spring.devtools.add-properties' to 'false' to disable
2020-07-12 09:39:40.845  INFO 13856 --- [restartedMain] .e.DevToolsPropertyDefaultsPostProcessor : For additional web related logging consider setting the 'logging.level.web' property to 'DEBUG'
2020-07-12 09:39:41.548  INFO 13856 --- [restartedMain] .s.d.r.c.RepositoryConfigurationDelegate : Multiple Spring Data modules found, entering strict repository configuration mode!
2020-07-12 09:39:41.549  INFO 13856 --- [restartedMain] .s.d.r.c.RepositoryConfigurationDelegate : Bootstrapping Spring Data repositories in DEFAULT mode.
2020-07-12 09:39:41.580  INFO 13856 --- [restartedMain] .s.d.r.c.RepositoryConfigurationDelegate : Finished Spring Data repository scanning in 31ms. Found 0 repository interfaces.
2020-07-12 09:39:41.904  INFO 13856 --- [restartedMain] trationDelegate$BeanPostProcessorChecker : Bean 'cacheConfig' of type [com.alvis.exam.configuration.spring.cache.CacheConfig$$EnhancerBySpringCGLIB$$918a890b] is not eligible for getting processed by all BeanPostProcessors (for example: not eligible for auto-proxying)
2020-07-12 09:39:41.920  INFO 13856 --- [restartedMain] trationDelegate$BeanPostProcessorChecker : Bean 'org.springframework.transaction.annotation.ProxyTransactionManagementConfiguration' of type [org.springframework.transaction.annotation.ProxyTransactionManagementConfiguration$$EnhancerBySpringCGLIB$$2966d44e] is not eligible for getting processed by all BeanPostProcessors (for example: not eligible for auto-proxying)
2020-07-12 09:39:42.171  WARN 13856 --- [restartedMain] io.undertow.websockets.jsr               : UT026010: Buffer pool was not set on WebSocketDeploymentInfo, the default pool will be used
2020-07-12 09:39:42.187  INFO 13856 --- [restartedMain] io.undertow.servlet                      : Initializing Spring embedded WebApplicationContext
2020-07-12 09:39:42.187  INFO 13856 --- [restartedMain] o.s.web.context.ContextLoader            : Root WebApplicationContext: initialization completed in 1342 ms
2020-07-12 09:39:43.231  INFO 13856 --- [restartedMain] o.s.s.web.DefaultSecurityFilterChain     : Creating filter chain: any request, [org.springframework.security.web.context.request.async.WebAsyncManagerIntegrationFilter@54fb803a, org.springframework.security.web.context.SecurityContextPersistenceFilter@6163e812, org.springframework.security.web.header.HeaderWriterFilter@2e6d079e, org.springframework.web.filter.CorsFilter@53d3a36e, org.springframework.security.web.authentication.logout.LogoutFilter@2bc0c5e9, com.alvis.exam.configuration.spring.security.RestLoginAuthenticationFilter@34e21456, org.springframework.security.web.authentication.UsernamePasswordAuthenticationFilter@8ead415, org.springframework.security.web.savedrequest.RequestCacheAwareFilter@30be2f7f, org.springframework.security.web.servletapi.SecurityContextHolderAwareRequestFilter@1e3590e6, org.springframework.security.web.authentication.rememberme.RememberMeAuthenticationFilter@57f6144c, org.springframework.security.web.authentication.AnonymousAuthenticationFilter@2afb5fcd, org.springframework.security.web.session.SessionManagementFilter@61cfa849, org.springframework.security.web.access.ExceptionTranslationFilter@433a361a, org.springframework.security.web.access.intercept.FilterSecurityInterceptor@313d68be]
2020-07-12 09:39:43.601  INFO 13856 --- [restartedMain] io.lettuce.core.EpollProvider            : Starting without optional epoll library
2020-07-12 09:39:43.616  INFO 13856 --- [restartedMain] io.lettuce.core.KqueueProvider           : Starting without optional kqueue library
2020-07-12 09:39:45.916  WARN 13856 --- [restartedMain] ConfigServletWebServerApplicationContext : Exception encountered during context initialization - cancelling refresh attempt: org.springframework.beans.factory.BeanCreationException: Error creating bean with name 'enableRedisKeyspaceNotificationsInitializer' defined in class path resource [org/springframework/boot/autoconfigure/session/RedisSessionConfiguration$SpringBootRedisHttpSessionConfiguration.class]: Invocation of init method failed; nested exception is org.springframework.data.redis.connection.PoolException: Could not get a resource from the pool; nested exception is io.lettuce.core.RedisConnectionException: Unable to connect to localhost:6379
2020-07-12 09:39:47.088  INFO 13856 --- [restartedMain] ConditionEvaluationReportLoggingListener : 

Error starting ApplicationContext. To display the conditions report re-run your application with 'debug' enabled.
2020-07-12 09:39:47.103 ERROR 13856 --- [restartedMain] o.s.boot.SpringApplication               : Application run failed

org.springframework.beans.factory.BeanCreationException: Error creating bean with name 'enableRedisKeyspaceNotificationsInitializer' defined in class path resource [org/springframework/boot/autoconfigure/session/RedisSessionConfiguration$SpringBootRedisHttpSessionConfiguration.class]: Invocation of init method failed; nested exception is org.springframework.data.redis.connection.PoolException: Could not get a resource from the pool; nested exception is io.lettuce.core.RedisConnectionException: Unable to connect to localhost:6379
	at org.springframework.beans.factory.support.AbstractAutowireCapableBeanFactory.initializeBean(AbstractAutowireCapableBeanFactory.java:1778)
	at org.springframework.beans.factory.support.AbstractAutowireCapableBeanFactory.doCreateBean(AbstractAutowireCapableBeanFactory.java:593)
	at org.springframework.beans.factory.support.AbstractAutowireCapableBeanFactory.createBean(AbstractAutowireCapableBeanFactory.java:515)
	at org.springframework.beans.factory.support.AbstractBeanFactory.lambda$doGetBean$0(AbstractBeanFactory.java:320)
	at org.springframework.beans.factory.support.DefaultSingletonBeanRegistry.getSingleton(DefaultSingletonBeanRegistry.java:222)
	at org.springframework.beans.factory.support.AbstractBeanFactory.doGetBean(AbstractBeanFactory.java:318)
	at org.springframework.beans.factory.support.AbstractBeanFactory.getBean(AbstractBeanFactory.java:199)
	at org.springframework.beans.factory.support.DefaultListableBeanFactory.preInstantiateSingletons(DefaultListableBeanFactory.java:845)
	at org.springframework.context.support.AbstractApplicationContext.finishBeanFactoryInitialization(AbstractApplicationContext.java:877)
	at org.springframework.context.support.AbstractApplicationContext.refresh(AbstractApplicationContext.java:549)
	at org.springframework.boot.web.servlet.context.ServletWebServerApplicationContext.refresh(ServletWebServerApplicationContext.java:140)
	at org.springframework.boot.SpringApplication.refresh(SpringApplication.java:742)
	at org.springframework.boot.SpringApplication.refreshContext(SpringApplication.java:389)
	at org.springframework.boot.SpringApplication.run(SpringApplication.java:311)
	at org.springframework.boot.SpringApplication.run(SpringApplication.java:1213)
	at org.springframework.boot.SpringApplication.run(SpringApplication.java:1202)
	at com.alvis.exam.ExamApplication.main(ExamApplication.java:20)
	at sun.reflect.NativeMethodAccessorImpl.invoke0(Native Method)
	at sun.reflect.NativeMethodAccessorImpl.invoke(NativeMethodAccessorImpl.java:62)
	at sun.reflect.DelegatingMethodAccessorImpl.invoke(DelegatingMethodAccessorImpl.java:43)
	at java.lang.reflect.Method.invoke(Method.java:498)
	at org.springframework.boot.devtools.restart.RestartLauncher.run(RestartLauncher.java:49)
Caused by: org.springframework.data.redis.connection.PoolException: Could not get a resource from the pool; nested exception is io.lettuce.core.RedisConnectionException: Unable to connect to localhost:6379
	at org.springframework.data.redis.connection.lettuce.LettucePoolingConnectionProvider.getConnection(LettucePoolingConnectionProvider.java:86)
	at org.springframework.data.redis.connection.lettuce.LettuceConnectionFactory$SharedConnection.getNativeConnection(LettuceConnectionFactory.java:1104)
	at org.springframework.data.redis.connection.lettuce.LettuceConnectionFactory$SharedConnection.getConnection(LettuceConnectionFactory.java:1085)
	at org.springframework.data.redis.connection.lettuce.LettuceConnectionFactory.getSharedConnection(LettuceConnectionFactory.java:866)
	at org.springframework.data.redis.connection.lettuce.LettuceConnectionFactory.getConnection(LettuceConnectionFactory.java:341)
	at org.springframework.session.data.redis.config.annotation.web.http.RedisHttpSessionConfiguration$EnableRedisKeyspaceNotificationsInitializer.afterPropertiesSet(RedisHttpSessionConfiguration.java:302)
	at org.springframework.beans.factory.support.AbstractAutowireCapableBeanFactory.invokeInitMethods(AbstractAutowireCapableBeanFactory.java:1837)
	at org.springframework.beans.factory.support.AbstractAutowireCapableBeanFactory.initializeBean(AbstractAutowireCapableBeanFactory.java:1774)
	... 21 common frames omitted
Caused by: io.lettuce.core.RedisConnectionException: Unable to connect to localhost:6379
	at io.lettuce.core.RedisConnectionException.create(RedisConnectionException.java:78)
	at io.lettuce.core.RedisConnectionException.create(RedisConnectionException.java:56)
	at io.lettuce.core.AbstractRedisClient.getConnection(AbstractRedisClient.java:235)
	at io.lettuce.core.RedisClient.connect(RedisClient.java:204)
	at org.springframework.data.redis.connection.lettuce.StandaloneConnectionProvider.lambda$getConnection$1(StandaloneConnectionProvider.java:113)
	at java.util.Optional.orElseGet(Optional.java:267)
	at org.springframework.data.redis.connection.lettuce.StandaloneConnectionProvider.getConnection(StandaloneConnectionProvider.java:113)
	at org.springframework.data.redis.connection.lettuce.LettucePoolingConnectionProvider.lambda$null$0(LettucePoolingConnectionProvider.java:74)
	at io.lettuce.core.support.ConnectionPoolSupport$RedisPooledObjectFactory.create(ConnectionPoolSupport.java:209)
	at io.lettuce.core.support.ConnectionPoolSupport$RedisPooledObjectFactory.create(ConnectionPoolSupport.java:199)
	at org.apache.commons.pool2.BasePooledObjectFactory.makeObject(BasePooledObjectFactory.java:58)
	at org.apache.commons.pool2.impl.GenericObjectPool.create(GenericObjectPool.java:874)
	at org.apache.commons.pool2.impl.GenericObjectPool.borrowObject(GenericObjectPool.java:417)
	at org.apache.commons.pool2.impl.GenericObjectPool.borrowObject(GenericObjectPool.java:346)
	at io.lettuce.core.support.ConnectionPoolSupport$1.borrowObject(ConnectionPoolSupport.java:122)
	at io.lettuce.core.support.ConnectionPoolSupport$1.borrowObject(ConnectionPoolSupport.java:117)
	at org.springframework.data.redis.connection.lettuce.LettucePoolingConnectionProvider.getConnection(LettucePoolingConnectionProvider.java:80)
	... 28 common frames omitted
Caused by: io.netty.channel.AbstractChannel$AnnotatedConnectException: Connection refused: no further information: localhost/127.0.0.1:6379
	at sun.nio.ch.SocketChannelImpl.checkConnect(Native Method)
	at sun.nio.ch.SocketChannelImpl.finishConnect(SocketChannelImpl.java:717)
	at io.netty.channel.socket.nio.NioSocketChannel.doFinishConnect(NioSocketChannel.java:327)
	at io.netty.channel.nio.AbstractNioChannel$AbstractNioUnsafe.finishConnect(AbstractNioChannel.java:340)
	at io.netty.channel.nio.NioEventLoop.processSelectedKey(NioEventLoop.java:670)
	at io.netty.channel.nio.NioEventLoop.processSelectedKeysOptimized(NioEventLoop.java:617)
	at io.netty.channel.nio.NioEventLoop.processSelectedKeys(NioEventLoop.java:534)
	at io.netty.channel.nio.NioEventLoop.run(NioEventLoop.java:496)
	at io.netty.util.concurrent.SingleThreadEventExecutor$5.run(SingleThreadEventExecutor.java:906)
	at io.netty.util.internal.ThreadExecutorMap$2.run(ThreadExecutorMap.java:74)
	at io.netty.util.concurrent.FastThreadLocalRunnable.run(FastThreadLocalRunnable.java:30)
	at java.lang.Thread.run(Thread.java:748)
Caused by: java.net.ConnectException: Connection refused: no further information
	... 12 common frames omitted

2020-07-12 09:41:22.158  INFO 4588 --- [restartedMain] com.alvis.exam.ExamApplication           : Starting ExamApplication on LAPTOP-DA32CNEO with PID 4588 (E:\uexam_project\uexam\source\exam\source\exam\target\classes started by 10983 in E:\uexam_project\uexam\source\exam\source\exam)
2020-07-12 09:41:22.158  INFO 4588 --- [restartedMain] com.alvis.exam.ExamApplication           : The following profiles are active: dev
2020-07-12 09:41:22.221  INFO 4588 --- [restartedMain] .e.DevToolsPropertyDefaultsPostProcessor : Devtools property defaults active! Set 'spring.devtools.add-properties' to 'false' to disable
2020-07-12 09:41:22.221  INFO 4588 --- [restartedMain] .e.DevToolsPropertyDefaultsPostProcessor : For additional web related logging consider setting the 'logging.level.web' property to 'DEBUG'
2020-07-12 09:41:22.834  INFO 4588 --- [restartedMain] .s.d.r.c.RepositoryConfigurationDelegate : Multiple Spring Data modules found, entering strict repository configuration mode!
2020-07-12 09:41:22.850  INFO 4588 --- [restartedMain] .s.d.r.c.RepositoryConfigurationDelegate : Bootstrapping Spring Data repositories in DEFAULT mode.
2020-07-12 09:41:22.882  INFO 4588 --- [restartedMain] .s.d.r.c.RepositoryConfigurationDelegate : Finished Spring Data repository scanning in 32ms. Found 0 repository interfaces.
2020-07-12 09:41:23.191  INFO 4588 --- [restartedMain] trationDelegate$BeanPostProcessorChecker : Bean 'cacheConfig' of type [com.alvis.exam.configuration.spring.cache.CacheConfig$$EnhancerBySpringCGLIB$$98385f09] is not eligible for getting processed by all BeanPostProcessors (for example: not eligible for auto-proxying)
2020-07-12 09:41:23.207  INFO 4588 --- [restartedMain] trationDelegate$BeanPostProcessorChecker : Bean 'org.springframework.transaction.annotation.ProxyTransactionManagementConfiguration' of type [org.springframework.transaction.annotation.ProxyTransactionManagementConfiguration$$EnhancerBySpringCGLIB$$3014aa4c] is not eligible for getting processed by all BeanPostProcessors (for example: not eligible for auto-proxying)
2020-07-12 09:41:23.420  WARN 4588 --- [restartedMain] io.undertow.websockets.jsr               : UT026010: Buffer pool was not set on WebSocketDeploymentInfo, the default pool will be used
2020-07-12 09:41:23.436  INFO 4588 --- [restartedMain] io.undertow.servlet                      : Initializing Spring embedded WebApplicationContext
2020-07-12 09:41:23.436  INFO 4588 --- [restartedMain] o.s.web.context.ContextLoader            : Root WebApplicationContext: initialization completed in 1215 ms
2020-07-12 09:41:24.458  INFO 4588 --- [restartedMain] o.s.s.web.DefaultSecurityFilterChain     : Creating filter chain: any request, [org.springframework.security.web.context.request.async.WebAsyncManagerIntegrationFilter@44e1dc23, org.springframework.security.web.context.SecurityContextPersistenceFilter@12600f1, org.springframework.security.web.header.HeaderWriterFilter@1ebbc832, org.springframework.web.filter.CorsFilter@54e4691a, org.springframework.security.web.authentication.logout.LogoutFilter@4cabfa46, com.alvis.exam.configuration.spring.security.RestLoginAuthenticationFilter@3b8d97f3, org.springframework.security.web.authentication.UsernamePasswordAuthenticationFilter@2e4e96b6, org.springframework.security.web.savedrequest.RequestCacheAwareFilter@527e3fb, org.springframework.security.web.servletapi.SecurityContextHolderAwareRequestFilter@173e367a, org.springframework.security.web.authentication.rememberme.RememberMeAuthenticationFilter@d1dd68, org.springframework.security.web.authentication.AnonymousAuthenticationFilter@6f5fc708, org.springframework.security.web.session.SessionManagementFilter@10b0be99, org.springframework.security.web.access.ExceptionTranslationFilter@6b5e3cea, org.springframework.security.web.access.intercept.FilterSecurityInterceptor@67a1bf2f]
2020-07-12 09:41:24.798  INFO 4588 --- [restartedMain] io.lettuce.core.EpollProvider            : Starting without optional epoll library
2020-07-12 09:41:24.798  INFO 4588 --- [restartedMain] io.lettuce.core.KqueueProvider           : Starting without optional kqueue library
2020-07-12 09:41:25.223  INFO 4588 --- [restartedMain] o.s.b.d.a.OptionalLiveReloadServer       : LiveReload server is running on port 35729
2020-07-12 09:41:25.858  INFO 4588 --- [restartedMain] s.a.ScheduledAnnotationBeanPostProcessor : No TaskScheduler/ScheduledExecutorService bean found for scheduled processing
2020-07-12 09:41:25.888  INFO 4588 --- [restartedMain] org.xnio                                 : XNIO version 3.3.8.Final
2020-07-12 09:41:25.888  INFO 4588 --- [restartedMain] org.xnio.nio                             : XNIO NIO Implementation Version 3.3.8.Final
2020-07-12 09:41:25.936  INFO 4588 --- [restartedMain] o.s.b.w.e.u.UndertowServletWebServer     : Undertow started on port(s) 8000 (http) with context path ''
2020-07-12 09:41:25.952  INFO 4588 --- [restartedMain] com.alvis.exam.ExamApplication           : Started ExamApplication in 4.133 seconds (JVM running for 4.769)
2020-07-12 15:26:21.316  INFO 2896 --- [restartedMain] com.alvis.exam.ExamApplication           : Starting ExamApplication on LAPTOP-DA32CNEO with PID 2896 (E:\uexam_project\uexam\source\exam\source\exam\target\classes started by 10983 in E:\uexam_project\uexam\source\exam\source\exam)
2020-07-12 15:26:21.332  INFO 2896 --- [restartedMain] com.alvis.exam.ExamApplication           : The following profiles are active: dev
2020-07-12 15:26:21.379  INFO 2896 --- [restartedMain] .e.DevToolsPropertyDefaultsPostProcessor : Devtools property defaults active! Set 'spring.devtools.add-properties' to 'false' to disable
2020-07-12 15:26:21.379  INFO 2896 --- [restartedMain] .e.DevToolsPropertyDefaultsPostProcessor : For additional web related logging consider setting the 'logging.level.web' property to 'DEBUG'
2020-07-12 15:26:22.066  INFO 2896 --- [restartedMain] .s.d.r.c.RepositoryConfigurationDelegate : Multiple Spring Data modules found, entering strict repository configuration mode!
2020-07-12 15:26:22.066  INFO 2896 --- [restartedMain] .s.d.r.c.RepositoryConfigurationDelegate : Bootstrapping Spring Data repositories in DEFAULT mode.
2020-07-12 15:26:22.113  INFO 2896 --- [restartedMain] .s.d.r.c.RepositoryConfigurationDelegate : Finished Spring Data repository scanning in 31ms. Found 0 repository interfaces.
2020-07-12 15:26:22.426  INFO 2896 --- [restartedMain] trationDelegate$BeanPostProcessorChecker : Bean 'cacheConfig' of type [com.alvis.exam.configuration.spring.cache.CacheConfig$$EnhancerBySpringCGLIB$$433e1cc] is not eligible for getting processed by all BeanPostProcessors (for example: not eligible for auto-proxying)
2020-07-12 15:26:22.426  INFO 2896 --- [restartedMain] trationDelegate$BeanPostProcessorChecker : Bean 'org.springframework.transaction.annotation.ProxyTransactionManagementConfiguration' of type [org.springframework.transaction.annotation.ProxyTransactionManagementConfiguration$$EnhancerBySpringCGLIB$$9c102d0f] is not eligible for getting processed by all BeanPostProcessors (for example: not eligible for auto-proxying)
2020-07-12 15:26:22.676  WARN 2896 --- [restartedMain] io.undertow.websockets.jsr               : UT026010: Buffer pool was not set on WebSocketDeploymentInfo, the default pool will be used
2020-07-12 15:26:22.691  INFO 2896 --- [restartedMain] io.undertow.servlet                      : Initializing Spring embedded WebApplicationContext
2020-07-12 15:26:22.691  INFO 2896 --- [restartedMain] o.s.web.context.ContextLoader            : Root WebApplicationContext: initialization completed in 1312 ms
2020-07-12 15:26:23.738  INFO 2896 --- [restartedMain] o.s.s.web.DefaultSecurityFilterChain     : Creating filter chain: any request, [org.springframework.security.web.context.request.async.WebAsyncManagerIntegrationFilter@3215856, org.springframework.security.web.context.SecurityContextPersistenceFilter@569771c1, org.springframework.security.web.header.HeaderWriterFilter@715c719e, org.springframework.web.filter.CorsFilter@47e49051, org.springframework.security.web.authentication.logout.LogoutFilter@49ffa01b, com.alvis.exam.configuration.spring.security.RestLoginAuthenticationFilter@1fc03b32, org.springframework.security.web.authentication.UsernamePasswordAuthenticationFilter@b792208, org.springframework.security.web.savedrequest.RequestCacheAwareFilter@5423a1c, org.springframework.security.web.servletapi.SecurityContextHolderAwareRequestFilter@2c95d6fe, org.springframework.security.web.authentication.rememberme.RememberMeAuthenticationFilter@79b89829, org.springframework.security.web.authentication.AnonymousAuthenticationFilter@1b965283, org.springframework.security.web.session.SessionManagementFilter@7e68c0bb, org.springframework.security.web.access.ExceptionTranslationFilter@55c16bcb, org.springframework.security.web.access.intercept.FilterSecurityInterceptor@170f54d9]
2020-07-12 15:26:24.082  INFO 2896 --- [restartedMain] io.lettuce.core.EpollProvider            : Starting without optional epoll library
2020-07-12 15:26:24.082  INFO 2896 --- [restartedMain] io.lettuce.core.KqueueProvider           : Starting without optional kqueue library
2020-07-12 15:26:24.504  INFO 2896 --- [restartedMain] o.s.b.d.a.OptionalLiveReloadServer       : LiveReload server is running on port 35729
2020-07-12 15:26:25.104  INFO 2896 --- [restartedMain] s.a.ScheduledAnnotationBeanPostProcessor : No TaskScheduler/ScheduledExecutorService bean found for scheduled processing
2020-07-12 15:26:25.119  INFO 2896 --- [restartedMain] org.xnio                                 : XNIO version 3.3.8.Final
2020-07-12 15:26:25.134  INFO 2896 --- [restartedMain] org.xnio.nio                             : XNIO NIO Implementation Version 3.3.8.Final
2020-07-12 15:26:25.181  INFO 2896 --- [restartedMain] o.s.b.w.e.u.UndertowServletWebServer     : Undertow started on port(s) 8000 (http) with context path ''
2020-07-12 15:26:25.181  INFO 2896 --- [restartedMain] com.alvis.exam.ExamApplication           : Started ExamApplication in 4.224 seconds (JVM running for 4.996)
2020-07-12 15:27:02.072  INFO 2896 --- [XNIO-1 task-1] io.undertow.servlet                      : Initializing Spring DispatcherServlet 'dispatcherServlet'
2020-07-12 15:27:02.072  INFO 2896 --- [XNIO-1 task-1] o.s.web.servlet.DispatcherServlet        : Initializing Servlet 'dispatcherServlet'
2020-07-12 15:27:02.080  INFO 2896 --- [XNIO-1 task-1] o.s.web.servlet.DispatcherServlet        : Completed initialization in 8 ms
2020-07-12 15:27:04.614  INFO 2896 --- [XNIO-1 task-4] com.zaxxer.hikari.HikariDataSource       : HikariPool-1 - Starting...
2020-07-12 15:27:04.725  INFO 2896 --- [XNIO-1 task-4] com.zaxxer.hikari.HikariDataSource       : HikariPool-1 - Start completed.
2020-07-12 15:27:04.732 DEBUG 2896 --- [XNIO-1 task-4] r.c.a.e.r.UserMapper.getUserByUserName   : ==>  Preparing: select id, user_uuid, user_name, password, real_name, age, sex, birth_day, user_level, phone, role, status, image_path, create_time, modify_time, last_active_time, deleted, wx_open_id from t_user where deleted=0 and user_name=? limit 1 
2020-07-12 15:27:04.749 DEBUG 2896 --- [XNIO-1 task-4] r.c.a.e.r.UserMapper.getUserByUserName   : ==> Parameters: admin(String)
2020-07-12 15:27:04.774 DEBUG 2896 --- [XNIO-1 task-4] r.c.a.e.r.UserMapper.getUserByUserName   : <==      Total: 1
2020-07-12 15:27:05.040 DEBUG 2896 --- [XNIO-1 task-4] r.c.a.e.r.U.insertSelective              : ==>  Preparing: insert into t_user_event_log ( user_id, user_name, real_name, content, create_time ) values ( ?, ?, ?, ?, ? ) 
2020-07-12 15:27:05.042 DEBUG 2896 --- [XNIO-1 task-4] r.c.a.e.r.U.insertSelective              : ==> Parameters: 2(Integer), admin(String), 管理员(String), admin 登录了学之思考试系统(String), 2020-07-12 15:27:05.025(Timestamp)
2020-07-12 15:27:05.051 DEBUG 2896 --- [XNIO-1 task-4] r.c.a.e.r.U.insertSelective              : <==    Updates: 1
2020-07-12 15:27:05.154 DEBUG 2896 --- [XNIO-1 task-5] r.c.a.e.r.E.selectAllCount               : ==>  Preparing: SELECT count(*) from t_exam_paper where deleted=0 
2020-07-12 15:27:05.154 DEBUG 2896 --- [XNIO-1 task-5] r.c.a.e.r.E.selectAllCount               : ==> Parameters: 
2020-07-12 15:27:05.160 DEBUG 2896 --- [XNIO-1 task-5] r.c.a.e.r.E.selectAllCount               : <==      Total: 1
2020-07-12 15:27:05.162 DEBUG 2896 --- [XNIO-1 task-5] r.c.a.e.r.QuestionMapper.selectAllCount  : ==>  Preparing: SELECT count(*) from t_question where deleted=0 
2020-07-12 15:27:05.162 DEBUG 2896 --- [XNIO-1 task-5] r.c.a.e.r.QuestionMapper.selectAllCount  : ==> Parameters: 
2020-07-12 15:27:05.165 DEBUG 2896 --- [XNIO-1 task-5] r.c.a.e.r.QuestionMapper.selectAllCount  : <==      Total: 1
2020-07-12 15:27:05.166 DEBUG 2896 --- [XNIO-1 task-5] r.c.a.e.r.E.selectAllCount               : ==>  Preparing: SELECT count(*) from t_exam_paper_answer 
2020-07-12 15:27:05.167 DEBUG 2896 --- [XNIO-1 task-5] r.c.a.e.r.E.selectAllCount               : ==> Parameters: 
2020-07-12 15:27:05.171 DEBUG 2896 --- [XNIO-1 task-5] r.c.a.e.r.E.selectAllCount               : <==      Total: 1
2020-07-12 15:27:05.171 DEBUG 2896 --- [XNIO-1 task-5] r.c.a.e.r.E.selectAllCount               : ==>  Preparing: SELECT count(*) from t_exam_paper_question_customer_answer 
2020-07-12 15:27:05.171 DEBUG 2896 --- [XNIO-1 task-5] r.c.a.e.r.E.selectAllCount               : ==> Parameters: 
2020-07-12 15:27:05.177 DEBUG 2896 --- [XNIO-1 task-5] r.c.a.e.r.E.selectAllCount               : <==      Total: 1
2020-07-12 15:27:05.181 DEBUG 2896 --- [XNIO-1 task-5] r.c.a.e.r.U.selectCountByDate            : ==>  Preparing: SELECT create_time as name,COUNT(create_time) as value from ( SELECT DATE_FORMAT(create_time,'%Y-%m-%d') as create_time from t_user_event_log WHERE create_time between ? and ? ) a GROUP BY create_time 
2020-07-12 15:27:05.182 DEBUG 2896 --- [XNIO-1 task-5] r.c.a.e.r.U.selectCountByDate            : ==> Parameters: 2020-07-01 00:00:00.0(Timestamp), 2020-07-31 23:59:59.0(Timestamp)
2020-07-12 15:27:05.184 DEBUG 2896 --- [XNIO-1 task-5] r.c.a.e.r.U.selectCountByDate            : <==      Total: 1
2020-07-12 15:27:05.186 DEBUG 2896 --- [XNIO-1 task-5] r.c.a.e.r.E.selectCountByDate            : ==>  Preparing: SELECT create_time as name,COUNT(create_time) as value from ( SELECT DATE_FORMAT(create_time,'%Y-%m-%d') as create_time from t_exam_paper_question_customer_answer WHERE create_time between ? and ? ) a GROUP BY create_time 
2020-07-12 15:27:05.187 DEBUG 2896 --- [XNIO-1 task-5] r.c.a.e.r.E.selectCountByDate            : ==> Parameters: 2020-07-01 00:00:00.0(Timestamp), 2020-07-31 23:59:59.0(Timestamp)
2020-07-12 15:27:05.188 DEBUG 2896 --- [XNIO-1 task-5] r.c.a.e.r.E.selectCountByDate            : <==      Total: 0
2020-07-12 15:27:25.053 DEBUG 2896 --- [XNIO-1 task-6] r.c.a.e.r.SubjectMapper.allSubject       : ==>  Preparing: select id, name, level, level_name, item_order, deleted from t_subject WHERE deleted=0 
2020-07-12 15:27:25.053 DEBUG 2896 --- [XNIO-1 task-6] r.c.a.e.r.SubjectMapper.allSubject       : ==> Parameters: 
2020-07-12 15:27:25.056 DEBUG 2896 --- [XNIO-1 task-6] r.c.a.e.r.SubjectMapper.allSubject       : <==      Total: 0
2020-07-12 15:27:25.101 DEBUG 2896 --- [XNIO-1 task-7] r.c.a.e.r.ExamPaperMapper.page_COUNT     : ==>  Preparing: SELECT count(0) FROM t_exam_paper WHERE deleted = 0 
2020-07-12 15:27:25.102 DEBUG 2896 --- [XNIO-1 task-7] r.c.a.e.r.ExamPaperMapper.page_COUNT     : ==> Parameters: 
2020-07-12 15:27:25.103 DEBUG 2896 --- [XNIO-1 task-7] r.c.a.e.r.ExamPaperMapper.page_COUNT     : <==      Total: 1
2020-07-12 15:27:46.181 DEBUG 2896 --- [XNIO-1 task-8] r.c.a.e.r.SubjectMapper.allSubject       : ==>  Preparing: select id, name, level, level_name, item_order, deleted from t_subject WHERE deleted=0 
2020-07-12 15:27:46.182 DEBUG 2896 --- [XNIO-1 task-8] r.c.a.e.r.SubjectMapper.allSubject       : ==> Parameters: 
2020-07-12 15:27:46.183 DEBUG 2896 --- [XNIO-1 task-8] r.c.a.e.r.SubjectMapper.allSubject       : <==      Total: 0
2020-07-12 15:27:56.558 DEBUG 2896 --- [XNIO-1 task-9] r.c.a.e.r.SubjectMapper.allSubject       : ==>  Preparing: select id, name, level, level_name, item_order, deleted from t_subject WHERE deleted=0 
2020-07-12 15:27:56.558 DEBUG 2896 --- [XNIO-1 task-9] r.c.a.e.r.SubjectMapper.allSubject       : ==> Parameters: 
2020-07-12 15:27:56.559 DEBUG 2896 --- [XNIO-1 task-9] r.c.a.e.r.SubjectMapper.allSubject       : <==      Total: 0
2020-07-12 15:27:56.560 DEBUG 2896 --- [XNIO-1 task-10] r.c.a.e.r.ExamPaperMapper.page_COUNT     : ==>  Preparing: SELECT count(0) FROM t_exam_paper WHERE deleted = 0 
2020-07-12 15:27:56.560 DEBUG 2896 --- [XNIO-1 task-10] r.c.a.e.r.ExamPaperMapper.page_COUNT     : ==> Parameters: 
2020-07-12 15:27:56.561 DEBUG 2896 --- [XNIO-1 task-10] r.c.a.e.r.ExamPaperMapper.page_COUNT     : <==      Total: 1
2020-07-12 15:27:58.428 DEBUG 2896 --- [XNIO-1 task-11] r.c.a.e.r.SubjectMapper.allSubject       : ==>  Preparing: select id, name, level, level_name, item_order, deleted from t_subject WHERE deleted=0 
2020-07-12 15:27:58.429 DEBUG 2896 --- [XNIO-1 task-11] r.c.a.e.r.SubjectMapper.allSubject       : ==> Parameters: 
2020-07-12 15:27:58.429 DEBUG 2896 --- [XNIO-1 task-11] r.c.a.e.r.SubjectMapper.allSubject       : <==      Total: 0
2020-07-12 17:02:20.957  WARN 2896 --- [HikariPool-1 housekeeper] com.zaxxer.hikari.pool.HikariPool        : HikariPool-1 - Thread starvation or clock leap detected (housekeeper delta=44m15s258ms213µs501ns).
2020-07-12 20:30:46.598  WARN 2896 --- [HikariPool-1 housekeeper] com.zaxxer.hikari.pool.HikariPool        : HikariPool-1 - Thread starvation or clock leap detected (housekeeper delta=2h29m24s710ms180µs800ns).
2020-07-12 20:56:03.679  WARN 2896 --- [HikariPool-1 housekeeper] com.zaxxer.hikari.pool.HikariPool        : HikariPool-1 - Thread starvation or clock leap detected (housekeeper delta=15m46s902ms362µs200ns).
2020-07-12 23:17:42.501  WARN 2896 --- [HikariPool-1 housekeeper] com.zaxxer.hikari.pool.HikariPool        : HikariPool-1 - Thread starvation or clock leap detected (housekeeper delta=57m7s382ms182µs500ns).
2020-07-12 23:34:58.976  WARN 2896 --- [HikariPool-1 housekeeper] com.zaxxer.hikari.pool.HikariPool        : HikariPool-1 - Thread starvation or clock leap detected (housekeeper delta=5m46s287ms674µs100ns).
2020-07-12 23:57:38.522  WARN 2896 --- [HikariPool-1 housekeeper] com.zaxxer.hikari.pool.HikariPool        : HikariPool-1 - Thread starvation or clock leap detected (housekeeper delta=11m9s321ms825µs700ns).
