2020-07-15 09:50:05.928  INFO 24332 --- [restartedMain] com.alvis.exam.ExamApplication           : Starting ExamApplication on LAPTOP-DA32CNEO with PID 24332 (E:\uexam_project\uexam\source\exam\source\exam\target\classes started by 10983 in E:\uexam_project\uexam\source\exam\source\exam)
2020-07-15 09:50:05.928  INFO 24332 --- [restartedMain] com.alvis.exam.ExamApplication           : The following profiles are active: dev
2020-07-15 09:50:05.975  INFO 24332 --- [restartedMain] .e.DevToolsPropertyDefaultsPostProcessor : Devtools property defaults active! Set 'spring.devtools.add-properties' to 'false' to disable
2020-07-15 09:50:05.975  INFO 24332 --- [restartedMain] .e.DevToolsPropertyDefaultsPostProcessor : For additional web related logging consider setting the 'logging.level.web' property to 'DEBUG'
2020-07-15 09:50:06.647  INFO 24332 --- [restartedMain] .s.d.r.c.RepositoryConfigurationDelegate : Multiple Spring Data modules found, entering strict repository configuration mode!
2020-07-15 09:50:06.647  INFO 24332 --- [restartedMain] .s.d.r.c.RepositoryConfigurationDelegate : Bootstrapping Spring Data repositories in DEFAULT mode.
2020-07-15 09:50:06.694  INFO 24332 --- [restartedMain] .s.d.r.c.RepositoryConfigurationDelegate : Finished Spring Data repository scanning in 32ms. Found 0 repository interfaces.
2020-07-15 09:50:07.002  INFO 24332 --- [restartedMain] trationDelegate$BeanPostProcessorChecker : Bean 'cacheConfig' of type [com.alvis.exam.configuration.spring.cache.CacheConfig$$EnhancerBySpringCGLIB$$c0b64f02] is not eligible for getting processed by all BeanPostProcessors (for example: not eligible for auto-proxying)
2020-07-15 09:50:07.002  INFO 24332 --- [restartedMain] trationDelegate$BeanPostProcessorChecker : Bean 'org.springframework.transaction.annotation.ProxyTransactionManagementConfiguration' of type [org.springframework.transaction.annotation.ProxyTransactionManagementConfiguration$$EnhancerBySpringCGLIB$$58929a45] is not eligible for getting processed by all BeanPostProcessors (for example: not eligible for auto-proxying)
2020-07-15 09:50:07.238  WARN 24332 --- [restartedMain] io.undertow.websockets.jsr               : UT026010: Buffer pool was not set on WebSocketDeploymentInfo, the default pool will be used
2020-07-15 09:50:07.254  INFO 24332 --- [restartedMain] io.undertow.servlet                      : Initializing Spring embedded WebApplicationContext
2020-07-15 09:50:07.254  INFO 24332 --- [restartedMain] o.s.web.context.ContextLoader            : Root WebApplicationContext: initialization completed in 1279 ms
2020-07-15 09:50:08.273  INFO 24332 --- [restartedMain] o.s.s.web.DefaultSecurityFilterChain     : Creating filter chain: any request, [org.springframework.security.web.context.request.async.WebAsyncManagerIntegrationFilter@3aee2e4f, org.springframework.security.web.context.SecurityContextPersistenceFilter@29e9c2dc, org.springframework.security.web.header.HeaderWriterFilter@19c274d8, org.springframework.web.filter.CorsFilter@5766c678, org.springframework.security.web.authentication.logout.LogoutFilter@60d1f390, com.alvis.exam.configuration.spring.security.RestLoginAuthenticationFilter@5370fb29, org.springframework.security.web.authentication.UsernamePasswordAuthenticationFilter@d44fc2b, org.springframework.security.web.savedrequest.RequestCacheAwareFilter@3b7f5654, org.springframework.security.web.servletapi.SecurityContextHolderAwareRequestFilter@316f90f6, org.springframework.security.web.authentication.rememberme.RememberMeAuthenticationFilter@6f7f54f9, org.springframework.security.web.authentication.AnonymousAuthenticationFilter@450273fe, org.springframework.security.web.session.SessionManagementFilter@1ebf2315, org.springframework.security.web.access.ExceptionTranslationFilter@411f8ae7, org.springframework.security.web.access.intercept.FilterSecurityInterceptor@71e3ae76]
2020-07-15 09:50:08.618  INFO 24332 --- [restartedMain] io.lettuce.core.EpollProvider            : Starting without optional epoll library
2020-07-15 09:50:08.618  INFO 24332 --- [restartedMain] io.lettuce.core.KqueueProvider           : Starting without optional kqueue library
2020-07-15 09:50:10.897  WARN 24332 --- [restartedMain] ConfigServletWebServerApplicationContext : Exception encountered during context initialization - cancelling refresh attempt: org.springframework.beans.factory.BeanCreationException: Error creating bean with name 'enableRedisKeyspaceNotificationsInitializer' defined in class path resource [org/springframework/boot/autoconfigure/session/RedisSessionConfiguration$SpringBootRedisHttpSessionConfiguration.class]: Invocation of init method failed; nested exception is org.springframework.data.redis.connection.PoolException: Could not get a resource from the pool; nested exception is io.lettuce.core.RedisConnectionException: Unable to connect to localhost:6379
2020-07-15 09:50:12.047  INFO 24332 --- [restartedMain] ConditionEvaluationReportLoggingListener : 

Error starting ApplicationContext. To display the conditions report re-run your application with 'debug' enabled.
2020-07-15 09:50:12.047 ERROR 24332 --- [restartedMain] o.s.boot.SpringApplication               : Application run failed

org.springframework.beans.factory.BeanCreationException: Error creating bean with name 'enableRedisKeyspaceNotificationsInitializer' defined in class path resource [org/springframework/boot/autoconfigure/session/RedisSessionConfiguration$SpringBootRedisHttpSessionConfiguration.class]: Invocation of init method failed; nested exception is org.springframework.data.redis.connection.PoolException: Could not get a resource from the pool; nested exception is io.lettuce.core.RedisConnectionException: Unable to connect to localhost:6379
	at org.springframework.beans.factory.support.AbstractAutowireCapableBeanFactory.initializeBean(AbstractAutowireCapableBeanFactory.java:1778)
	at org.springframework.beans.factory.support.AbstractAutowireCapableBeanFactory.doCreateBean(AbstractAutowireCapableBeanFactory.java:593)
	at org.springframework.beans.factory.support.AbstractAutowireCapableBeanFactory.createBean(AbstractAutowireCapableBeanFactory.java:515)
	at org.springframework.beans.factory.support.AbstractBeanFactory.lambda$doGetBean$0(AbstractBeanFactory.java:320)
	at org.springframework.beans.factory.support.DefaultSingletonBeanRegistry.getSingleton(DefaultSingletonBeanRegistry.java:222)
	at org.springframework.beans.factory.support.AbstractBeanFactory.doGetBean(AbstractBeanFactory.java:318)
	at org.springframework.beans.factory.support.AbstractBeanFactory.getBean(AbstractBeanFactory.java:199)
	at org.springframework.beans.factory.support.DefaultListableBeanFactory.preInstantiateSingletons(DefaultListableBeanFactory.java:845)
	at org.springframework.context.support.AbstractApplicationContext.finishBeanFactoryInitialization(AbstractApplicationContext.java:877)
	at org.springframework.context.support.AbstractApplicationContext.refresh(AbstractApplicationContext.java:549)
	at org.springframework.boot.web.servlet.context.ServletWebServerApplicationContext.refresh(ServletWebServerApplicationContext.java:140)
	at org.springframework.boot.SpringApplication.refresh(SpringApplication.java:742)
	at org.springframework.boot.SpringApplication.refreshContext(SpringApplication.java:389)
	at org.springframework.boot.SpringApplication.run(SpringApplication.java:311)
	at org.springframework.boot.SpringApplication.run(SpringApplication.java:1213)
	at org.springframework.boot.SpringApplication.run(SpringApplication.java:1202)
	at com.alvis.exam.ExamApplication.main(ExamApplication.java:20)
	at sun.reflect.NativeMethodAccessorImpl.invoke0(Native Method)
	at sun.reflect.NativeMethodAccessorImpl.invoke(NativeMethodAccessorImpl.java:62)
	at sun.reflect.DelegatingMethodAccessorImpl.invoke(DelegatingMethodAccessorImpl.java:43)
	at java.lang.reflect.Method.invoke(Method.java:498)
	at org.springframework.boot.devtools.restart.RestartLauncher.run(RestartLauncher.java:49)
Caused by: org.springframework.data.redis.connection.PoolException: Could not get a resource from the pool; nested exception is io.lettuce.core.RedisConnectionException: Unable to connect to localhost:6379
	at org.springframework.data.redis.connection.lettuce.LettucePoolingConnectionProvider.getConnection(LettucePoolingConnectionProvider.java:86)
	at org.springframework.data.redis.connection.lettuce.LettuceConnectionFactory$SharedConnection.getNativeConnection(LettuceConnectionFactory.java:1104)
	at org.springframework.data.redis.connection.lettuce.LettuceConnectionFactory$SharedConnection.getConnection(LettuceConnectionFactory.java:1085)
	at org.springframework.data.redis.connection.lettuce.LettuceConnectionFactory.getSharedConnection(LettuceConnectionFactory.java:866)
	at org.springframework.data.redis.connection.lettuce.LettuceConnectionFactory.getConnection(LettuceConnectionFactory.java:341)
	at org.springframework.session.data.redis.config.annotation.web.http.RedisHttpSessionConfiguration$EnableRedisKeyspaceNotificationsInitializer.afterPropertiesSet(RedisHttpSessionConfiguration.java:302)
	at org.springframework.beans.factory.support.AbstractAutowireCapableBeanFactory.invokeInitMethods(AbstractAutowireCapableBeanFactory.java:1837)
	at org.springframework.beans.factory.support.AbstractAutowireCapableBeanFactory.initializeBean(AbstractAutowireCapableBeanFactory.java:1774)
	... 21 common frames omitted
Caused by: io.lettuce.core.RedisConnectionException: Unable to connect to localhost:6379
	at io.lettuce.core.RedisConnectionException.create(RedisConnectionException.java:78)
	at io.lettuce.core.RedisConnectionException.create(RedisConnectionException.java:56)
	at io.lettuce.core.AbstractRedisClient.getConnection(AbstractRedisClient.java:235)
	at io.lettuce.core.RedisClient.connect(RedisClient.java:204)
	at org.springframework.data.redis.connection.lettuce.StandaloneConnectionProvider.lambda$getConnection$1(StandaloneConnectionProvider.java:113)
	at java.util.Optional.orElseGet(Optional.java:267)
	at org.springframework.data.redis.connection.lettuce.StandaloneConnectionProvider.getConnection(StandaloneConnectionProvider.java:113)
	at org.springframework.data.redis.connection.lettuce.LettucePoolingConnectionProvider.lambda$null$0(LettucePoolingConnectionProvider.java:74)
	at io.lettuce.core.support.ConnectionPoolSupport$RedisPooledObjectFactory.create(ConnectionPoolSupport.java:209)
	at io.lettuce.core.support.ConnectionPoolSupport$RedisPooledObjectFactory.create(ConnectionPoolSupport.java:199)
	at org.apache.commons.pool2.BasePooledObjectFactory.makeObject(BasePooledObjectFactory.java:58)
	at org.apache.commons.pool2.impl.GenericObjectPool.create(GenericObjectPool.java:874)
	at org.apache.commons.pool2.impl.GenericObjectPool.borrowObject(GenericObjectPool.java:417)
	at org.apache.commons.pool2.impl.GenericObjectPool.borrowObject(GenericObjectPool.java:346)
	at io.lettuce.core.support.ConnectionPoolSupport$1.borrowObject(ConnectionPoolSupport.java:122)
	at io.lettuce.core.support.ConnectionPoolSupport$1.borrowObject(ConnectionPoolSupport.java:117)
	at org.springframework.data.redis.connection.lettuce.LettucePoolingConnectionProvider.getConnection(LettucePoolingConnectionProvider.java:80)
	... 28 common frames omitted
Caused by: io.netty.channel.AbstractChannel$AnnotatedConnectException: Connection refused: no further information: localhost/127.0.0.1:6379
	at sun.nio.ch.SocketChannelImpl.checkConnect(Native Method)
	at sun.nio.ch.SocketChannelImpl.finishConnect(SocketChannelImpl.java:717)
	at io.netty.channel.socket.nio.NioSocketChannel.doFinishConnect(NioSocketChannel.java:327)
	at io.netty.channel.nio.AbstractNioChannel$AbstractNioUnsafe.finishConnect(AbstractNioChannel.java:340)
	at io.netty.channel.nio.NioEventLoop.processSelectedKey(NioEventLoop.java:670)
	at io.netty.channel.nio.NioEventLoop.processSelectedKeysOptimized(NioEventLoop.java:617)
	at io.netty.channel.nio.NioEventLoop.processSelectedKeys(NioEventLoop.java:534)
	at io.netty.channel.nio.NioEventLoop.run(NioEventLoop.java:496)
	at io.netty.util.concurrent.SingleThreadEventExecutor$5.run(SingleThreadEventExecutor.java:906)
	at io.netty.util.internal.ThreadExecutorMap$2.run(ThreadExecutorMap.java:74)
	at io.netty.util.concurrent.FastThreadLocalRunnable.run(FastThreadLocalRunnable.java:30)
	at java.lang.Thread.run(Thread.java:748)
Caused by: java.net.ConnectException: Connection refused: no further information
	... 12 common frames omitted

2020-07-15 09:50:43.389  INFO 19944 --- [restartedMain] com.alvis.exam.ExamApplication           : Starting ExamApplication on LAPTOP-DA32CNEO with PID 19944 (E:\uexam_project\uexam\source\exam\source\exam\target\classes started by 10983 in E:\uexam_project\uexam\source\exam\source\exam)
2020-07-15 09:50:43.389  INFO 19944 --- [restartedMain] com.alvis.exam.ExamApplication           : The following profiles are active: dev
2020-07-15 09:50:43.452  INFO 19944 --- [restartedMain] .e.DevToolsPropertyDefaultsPostProcessor : Devtools property defaults active! Set 'spring.devtools.add-properties' to 'false' to disable
2020-07-15 09:50:43.452  INFO 19944 --- [restartedMain] .e.DevToolsPropertyDefaultsPostProcessor : For additional web related logging consider setting the 'logging.level.web' property to 'DEBUG'
2020-07-15 09:50:44.070  INFO 19944 --- [restartedMain] .s.d.r.c.RepositoryConfigurationDelegate : Multiple Spring Data modules found, entering strict repository configuration mode!
2020-07-15 09:50:44.070  INFO 19944 --- [restartedMain] .s.d.r.c.RepositoryConfigurationDelegate : Bootstrapping Spring Data repositories in DEFAULT mode.
2020-07-15 09:50:44.102  INFO 19944 --- [restartedMain] .s.d.r.c.RepositoryConfigurationDelegate : Finished Spring Data repository scanning in 32ms. Found 0 repository interfaces.
2020-07-15 09:50:44.414  INFO 19944 --- [restartedMain] trationDelegate$BeanPostProcessorChecker : Bean 'cacheConfig' of type [com.alvis.exam.configuration.spring.cache.CacheConfig$$EnhancerBySpringCGLIB$$80bfb0e4] is not eligible for getting processed by all BeanPostProcessors (for example: not eligible for auto-proxying)
2020-07-15 09:50:44.414  INFO 19944 --- [restartedMain] trationDelegate$BeanPostProcessorChecker : Bean 'org.springframework.transaction.annotation.ProxyTransactionManagementConfiguration' of type [org.springframework.transaction.annotation.ProxyTransactionManagementConfiguration$$EnhancerBySpringCGLIB$$189bfc27] is not eligible for getting processed by all BeanPostProcessors (for example: not eligible for auto-proxying)
2020-07-15 09:50:44.641  WARN 19944 --- [restartedMain] io.undertow.websockets.jsr               : UT026010: Buffer pool was not set on WebSocketDeploymentInfo, the default pool will be used
2020-07-15 09:50:44.658  INFO 19944 --- [restartedMain] io.undertow.servlet                      : Initializing Spring embedded WebApplicationContext
2020-07-15 09:50:44.658  INFO 19944 --- [restartedMain] o.s.web.context.ContextLoader            : Root WebApplicationContext: initialization completed in 1206 ms
2020-07-15 09:50:45.627  INFO 19944 --- [restartedMain] o.s.s.web.DefaultSecurityFilterChain     : Creating filter chain: any request, [org.springframework.security.web.context.request.async.WebAsyncManagerIntegrationFilter@1dcf2e42, org.springframework.security.web.context.SecurityContextPersistenceFilter@2e4656dc, org.springframework.security.web.header.HeaderWriterFilter@6fb8eca, org.springframework.web.filter.CorsFilter@20be2350, org.springframework.security.web.authentication.logout.LogoutFilter@189df71, com.alvis.exam.configuration.spring.security.RestLoginAuthenticationFilter@6ef2312a, org.springframework.security.web.authentication.UsernamePasswordAuthenticationFilter@583614c3, org.springframework.security.web.savedrequest.RequestCacheAwareFilter@270739a0, org.springframework.security.web.servletapi.SecurityContextHolderAwareRequestFilter@19bb490a, org.springframework.security.web.authentication.rememberme.RememberMeAuthenticationFilter@328ccf77, org.springframework.security.web.authentication.AnonymousAuthenticationFilter@55c16bcb, org.springframework.security.web.session.SessionManagementFilter@a5f5a9c, org.springframework.security.web.access.ExceptionTranslationFilter@2d5fb881, org.springframework.security.web.access.intercept.FilterSecurityInterceptor@768613e8]
2020-07-15 09:50:45.962  INFO 19944 --- [restartedMain] io.lettuce.core.EpollProvider            : Starting without optional epoll library
2020-07-15 09:50:45.962  INFO 19944 --- [restartedMain] io.lettuce.core.KqueueProvider           : Starting without optional kqueue library
2020-07-15 09:50:46.359  INFO 19944 --- [restartedMain] o.s.b.d.a.OptionalLiveReloadServer       : LiveReload server is running on port 35729
2020-07-15 09:50:46.971  INFO 19944 --- [restartedMain] s.a.ScheduledAnnotationBeanPostProcessor : No TaskScheduler/ScheduledExecutorService bean found for scheduled processing
2020-07-15 09:50:47.002  INFO 19944 --- [restartedMain] org.xnio                                 : XNIO version 3.3.8.Final
2020-07-15 09:50:47.002  INFO 19944 --- [restartedMain] org.xnio.nio                             : XNIO NIO Implementation Version 3.3.8.Final
2020-07-15 09:50:47.048  INFO 19944 --- [restartedMain] o.s.b.w.e.u.UndertowServletWebServer     : Undertow started on port(s) 8000 (http) with context path ''
2020-07-15 09:50:47.048  INFO 19944 --- [restartedMain] com.alvis.exam.ExamApplication           : Started ExamApplication in 3.957 seconds (JVM running for 4.577)
2020-07-15 09:51:14.707  INFO 19944 --- [XNIO-1 task-1] io.undertow.servlet                      : Initializing Spring DispatcherServlet 'dispatcherServlet'
2020-07-15 09:51:14.707  INFO 19944 --- [XNIO-1 task-1] o.s.web.servlet.DispatcherServlet        : Initializing Servlet 'dispatcherServlet'
2020-07-15 09:51:14.714  INFO 19944 --- [XNIO-1 task-1] o.s.web.servlet.DispatcherServlet        : Completed initialization in 6 ms
2020-07-15 09:51:14.749  INFO 19944 --- [XNIO-1 task-1] com.zaxxer.hikari.HikariDataSource       : HikariPool-1 - Starting...
2020-07-15 09:51:14.843  INFO 19944 --- [XNIO-1 task-1] com.zaxxer.hikari.HikariDataSource       : HikariPool-1 - Start completed.
2020-07-15 09:51:14.850 DEBUG 19944 --- [XNIO-1 task-1] r.c.a.e.r.UserMapper.getUserByUserName   : ==>  Preparing: select id, user_uuid, user_name, password, real_name, age, sex, birth_day, user_level, phone, role, status, image_path, create_time, modify_time, last_active_time, deleted, wx_open_id from t_user where deleted=0 and user_name=? limit 1 
2020-07-15 09:51:14.865 DEBUG 19944 --- [XNIO-1 task-1] r.c.a.e.r.UserMapper.getUserByUserName   : ==> Parameters: admin(String)
2020-07-15 09:51:14.891 DEBUG 19944 --- [XNIO-1 task-1] r.c.a.e.r.UserMapper.getUserByUserName   : <==      Total: 1
2020-07-15 09:51:18.953 DEBUG 19944 --- [XNIO-1 task-44] r.c.a.e.r.U.insertSelective              : ==>  Preparing: insert into t_user_event_log ( user_id, user_name, real_name, content, create_time ) values ( ?, ?, ?, ?, ? ) 
2020-07-15 09:51:18.956 DEBUG 19944 --- [XNIO-1 task-44] r.c.a.e.r.U.insertSelective              : ==> Parameters: 2(Integer), admin(String), 管理员(String), admin 登录了学之思考试系统(String), 2020-07-15 09:51:18.934(Timestamp)
2020-07-15 09:51:18.973 DEBUG 19944 --- [XNIO-1 task-44] r.c.a.e.r.U.insertSelective              : <==    Updates: 1
2020-07-15 09:51:35.213 DEBUG 19944 --- [XNIO-1 task-50] r.c.a.e.r.E.selectAllCount               : ==>  Preparing: SELECT count(*) from t_exam_paper where deleted=0 
2020-07-15 09:51:35.214 DEBUG 19944 --- [XNIO-1 task-50] r.c.a.e.r.E.selectAllCount               : ==> Parameters: 
2020-07-15 09:51:35.217 DEBUG 19944 --- [XNIO-1 task-50] r.c.a.e.r.E.selectAllCount               : <==      Total: 1
2020-07-15 09:51:35.218 DEBUG 19944 --- [XNIO-1 task-50] r.c.a.e.r.QuestionMapper.selectAllCount  : ==>  Preparing: SELECT count(*) from t_question where deleted=0 
2020-07-15 09:51:35.218 DEBUG 19944 --- [XNIO-1 task-50] r.c.a.e.r.QuestionMapper.selectAllCount  : ==> Parameters: 
2020-07-15 09:51:35.222 DEBUG 19944 --- [XNIO-1 task-50] r.c.a.e.r.QuestionMapper.selectAllCount  : <==      Total: 1
2020-07-15 09:51:35.223 DEBUG 19944 --- [XNIO-1 task-50] r.c.a.e.r.E.selectAllCount               : ==>  Preparing: SELECT count(*) from t_exam_paper_answer 
2020-07-15 09:51:35.223 DEBUG 19944 --- [XNIO-1 task-50] r.c.a.e.r.E.selectAllCount               : ==> Parameters: 
2020-07-15 09:51:35.228 DEBUG 19944 --- [XNIO-1 task-50] r.c.a.e.r.E.selectAllCount               : <==      Total: 1
2020-07-15 09:51:35.229 DEBUG 19944 --- [XNIO-1 task-50] r.c.a.e.r.E.selectAllCount               : ==>  Preparing: SELECT count(*) from t_exam_paper_question_customer_answer 
2020-07-15 09:51:35.229 DEBUG 19944 --- [XNIO-1 task-50] r.c.a.e.r.E.selectAllCount               : ==> Parameters: 
2020-07-15 09:51:35.234 DEBUG 19944 --- [XNIO-1 task-50] r.c.a.e.r.E.selectAllCount               : <==      Total: 1
2020-07-15 09:51:35.238 DEBUG 19944 --- [XNIO-1 task-50] r.c.a.e.r.U.selectCountByDate            : ==>  Preparing: SELECT create_time as name,COUNT(create_time) as value from ( SELECT DATE_FORMAT(create_time,'%Y-%m-%d') as create_time from t_user_event_log WHERE create_time between ? and ? ) a GROUP BY create_time 
2020-07-15 09:51:35.239 DEBUG 19944 --- [XNIO-1 task-50] r.c.a.e.r.U.selectCountByDate            : ==> Parameters: 2020-07-01 00:00:00.0(Timestamp), 2020-07-31 23:59:59.0(Timestamp)
2020-07-15 09:51:35.241 DEBUG 19944 --- [XNIO-1 task-50] r.c.a.e.r.U.selectCountByDate            : <==      Total: 4
2020-07-15 09:51:35.245 DEBUG 19944 --- [XNIO-1 task-50] r.c.a.e.r.E.selectCountByDate            : ==>  Preparing: SELECT create_time as name,COUNT(create_time) as value from ( SELECT DATE_FORMAT(create_time,'%Y-%m-%d') as create_time from t_exam_paper_question_customer_answer WHERE create_time between ? and ? ) a GROUP BY create_time 
2020-07-15 09:51:35.245 DEBUG 19944 --- [XNIO-1 task-50] r.c.a.e.r.E.selectCountByDate            : ==> Parameters: 2020-07-01 00:00:00.0(Timestamp), 2020-07-31 23:59:59.0(Timestamp)
2020-07-15 09:51:35.246 DEBUG 19944 --- [XNIO-1 task-50] r.c.a.e.r.E.selectCountByDate            : <==      Total: 0
2020-07-15 09:54:16.905 DEBUG 19944 --- [XNIO-1 task-51] r.c.a.e.r.SubjectMapper.allSubject       : ==>  Preparing: select id, name, level, level_name, item_order, deleted from t_subject WHERE deleted=0 
2020-07-15 09:54:16.906 DEBUG 19944 --- [XNIO-1 task-51] r.c.a.e.r.SubjectMapper.allSubject       : ==> Parameters: 
2020-07-15 09:54:16.918 DEBUG 19944 --- [XNIO-1 task-51] r.c.a.e.r.SubjectMapper.allSubject       : <==      Total: 1
2020-07-15 09:54:17.085 DEBUG 19944 --- [XNIO-1 task-52] r.c.a.e.r.ExamPaperMapper.page_COUNT     : ==>  Preparing: SELECT count(0) FROM t_exam_paper WHERE deleted = 0 
2020-07-15 09:54:17.085 DEBUG 19944 --- [XNIO-1 task-52] r.c.a.e.r.ExamPaperMapper.page_COUNT     : ==> Parameters: 
2020-07-15 09:54:17.087 DEBUG 19944 --- [XNIO-1 task-52] r.c.a.e.r.ExamPaperMapper.page_COUNT     : <==      Total: 1
2020-07-15 10:23:01.595 DEBUG 19944 --- [XNIO-1 task-53] r.c.a.e.r.ExamPaperMapper.page_COUNT     : ==>  Preparing: SELECT count(0) FROM t_exam_paper WHERE deleted = 0 AND grade_level = ? 
2020-07-15 10:23:01.596 DEBUG 19944 --- [XNIO-1 task-53] r.c.a.e.r.ExamPaperMapper.page_COUNT     : ==> Parameters: 1(Integer)
2020-07-15 10:23:01.597 DEBUG 19944 --- [XNIO-1 task-53] r.c.a.e.r.ExamPaperMapper.page_COUNT     : <==      Total: 1
2020-07-15 10:23:07.128 DEBUG 19944 --- [XNIO-1 task-54] r.c.a.e.r.SubjectMapper.allSubject       : ==>  Preparing: select id, name, level, level_name, item_order, deleted from t_subject WHERE deleted=0 
2020-07-15 10:23:07.128 DEBUG 19944 --- [XNIO-1 task-54] r.c.a.e.r.SubjectMapper.allSubject       : ==> Parameters: 
2020-07-15 10:23:07.129 DEBUG 19944 --- [XNIO-1 task-54] r.c.a.e.r.SubjectMapper.allSubject       : <==      Total: 1
2020-07-15 11:23:52.889  WARN 19944 --- [HikariPool-1 housekeeper] com.zaxxer.hikari.pool.HikariPool        : HikariPool-1 - Thread starvation or clock leap detected (housekeeper delta=1m37s608ms867µs200ns).
2020-07-15 12:07:00.407  WARN 19944 --- [HikariPool-1 housekeeper] com.zaxxer.hikari.pool.HikariPool        : HikariPool-1 - Thread starvation or clock leap detected (housekeeper delta=4m7s144ms530µs600ns).
2020-07-15 12:58:24.700  WARN 19944 --- [HikariPool-1 housekeeper] com.zaxxer.hikari.pool.HikariPool        : HikariPool-1 - Thread starvation or clock leap detected (housekeeper delta=15m23s785ms827µs700ns).
2020-07-15 13:55:59.796  WARN 19944 --- [HikariPool-1 housekeeper] com.zaxxer.hikari.pool.HikariPool        : HikariPool-1 - Thread starvation or clock leap detected (housekeeper delta=1m4s920ms327µs900ns).
2020-07-15 15:03:22.314 DEBUG 19944 --- [XNIO-1 task-55] r.c.a.e.r.QuestionMapper.page_COUNT      : ==>  Preparing: SELECT count(0) FROM t_question WHERE deleted = 0 AND subject_id = ? 
2020-07-15 15:03:22.315 DEBUG 19944 --- [XNIO-1 task-55] r.c.a.e.r.QuestionMapper.page_COUNT      : ==> Parameters: 1(Integer)
2020-07-15 15:03:22.319 DEBUG 19944 --- [XNIO-1 task-55] r.c.a.e.r.QuestionMapper.page_COUNT      : <==      Total: 1
2020-07-15 15:03:22.328 DEBUG 19944 --- [XNIO-1 task-55] r.c.a.e.repository.QuestionMapper.page   : ==>  Preparing: SELECT id, question_type, subject_id, score, grade_level, difficult, correct, info_text_content_id, create_user, status, create_time, deleted FROM t_question WHERE deleted = 0 AND subject_id = ? order by id desc LIMIT ? 
2020-07-15 15:03:22.329 DEBUG 19944 --- [XNIO-1 task-55] r.c.a.e.repository.QuestionMapper.page   : ==> Parameters: 1(Integer), 5(Integer)
2020-07-15 15:03:22.334 DEBUG 19944 --- [XNIO-1 task-55] r.c.a.e.repository.QuestionMapper.page   : <==      Total: 4
2020-07-15 15:03:22.376 DEBUG 19944 --- [XNIO-1 task-55] r.c.a.e.r.T.selectByPrimaryKey           : ==>  Preparing: select id, content, create_time from t_text_content where id = ? 
2020-07-15 15:03:22.376 DEBUG 19944 --- [XNIO-1 task-55] r.c.a.e.r.T.selectByPrimaryKey           : ==> Parameters: 5(Integer)
2020-07-15 15:03:22.399 DEBUG 19944 --- [XNIO-1 task-55] r.c.a.e.r.T.selectByPrimaryKey           : <==      Total: 1
2020-07-15 15:03:22.417 DEBUG 19944 --- [XNIO-1 task-55] r.c.a.e.r.T.selectByPrimaryKey           : ==>  Preparing: select id, content, create_time from t_text_content where id = ? 
2020-07-15 15:03:22.418 DEBUG 19944 --- [XNIO-1 task-55] r.c.a.e.r.T.selectByPrimaryKey           : ==> Parameters: 4(Integer)
2020-07-15 15:03:22.419 DEBUG 19944 --- [XNIO-1 task-55] r.c.a.e.r.T.selectByPrimaryKey           : <==      Total: 1
2020-07-15 15:03:22.423 DEBUG 19944 --- [XNIO-1 task-55] r.c.a.e.r.T.selectByPrimaryKey           : ==>  Preparing: select id, content, create_time from t_text_content where id = ? 
2020-07-15 15:03:22.423 DEBUG 19944 --- [XNIO-1 task-55] r.c.a.e.r.T.selectByPrimaryKey           : ==> Parameters: 2(Integer)
2020-07-15 15:03:22.425 DEBUG 19944 --- [XNIO-1 task-55] r.c.a.e.r.T.selectByPrimaryKey           : <==      Total: 1
2020-07-15 15:03:22.428 DEBUG 19944 --- [XNIO-1 task-55] r.c.a.e.r.T.selectByPrimaryKey           : ==>  Preparing: select id, content, create_time from t_text_content where id = ? 
2020-07-15 15:03:22.428 DEBUG 19944 --- [XNIO-1 task-55] r.c.a.e.r.T.selectByPrimaryKey           : ==> Parameters: 1(Integer)
2020-07-15 15:03:22.429 DEBUG 19944 --- [XNIO-1 task-55] r.c.a.e.r.T.selectByPrimaryKey           : <==      Total: 1
2020-07-15 15:03:28.237 DEBUG 19944 --- [XNIO-1 task-57] r.c.a.e.r.Q.selectByPrimaryKey           : ==>  Preparing: select id, question_type, subject_id, score, grade_level, difficult, correct, info_text_content_id, create_user, status, create_time, deleted from t_question where id = ? 
2020-07-15 15:03:28.237 DEBUG 19944 --- [XNIO-1 task-56] r.c.a.e.r.Q.selectByPrimaryKey           : ==>  Preparing: select id, question_type, subject_id, score, grade_level, difficult, correct, info_text_content_id, create_user, status, create_time, deleted from t_question where id = ? 
2020-07-15 15:03:28.238 DEBUG 19944 --- [XNIO-1 task-57] r.c.a.e.r.Q.selectByPrimaryKey           : ==> Parameters: 2(Integer)
2020-07-15 15:03:28.238 DEBUG 19944 --- [XNIO-1 task-56] r.c.a.e.r.Q.selectByPrimaryKey           : ==> Parameters: 1(Integer)
2020-07-15 15:03:28.239 DEBUG 19944 --- [XNIO-1 task-56] r.c.a.e.r.Q.selectByPrimaryKey           : <==      Total: 1
2020-07-15 15:03:28.239 DEBUG 19944 --- [XNIO-1 task-57] r.c.a.e.r.Q.selectByPrimaryKey           : <==      Total: 1
2020-07-15 15:03:47.145 DEBUG 19944 --- [XNIO-1 task-58] r.c.a.e.r.QuestionMapper.page_COUNT      : ==>  Preparing: SELECT count(0) FROM t_question WHERE deleted = 0 AND subject_id = ? 
2020-07-15 15:03:47.145 DEBUG 19944 --- [XNIO-1 task-58] r.c.a.e.r.QuestionMapper.page_COUNT      : ==> Parameters: 1(Integer)
2020-07-15 15:03:47.146 DEBUG 19944 --- [XNIO-1 task-58] r.c.a.e.r.QuestionMapper.page_COUNT      : <==      Total: 1
2020-07-15 15:03:47.149 DEBUG 19944 --- [XNIO-1 task-58] r.c.a.e.repository.QuestionMapper.page   : ==>  Preparing: SELECT id, question_type, subject_id, score, grade_level, difficult, correct, info_text_content_id, create_user, status, create_time, deleted FROM t_question WHERE deleted = 0 AND subject_id = ? order by id desc LIMIT ? 
2020-07-15 15:03:47.149 DEBUG 19944 --- [XNIO-1 task-58] r.c.a.e.repository.QuestionMapper.page   : ==> Parameters: 1(Integer), 5(Integer)
2020-07-15 15:03:47.151 DEBUG 19944 --- [XNIO-1 task-58] r.c.a.e.repository.QuestionMapper.page   : <==      Total: 4
2020-07-15 15:03:51.064 DEBUG 19944 --- [XNIO-1 task-59] r.c.a.e.r.Q.selectByPrimaryKey           : ==>  Preparing: select id, question_type, subject_id, score, grade_level, difficult, correct, info_text_content_id, create_user, status, create_time, deleted from t_question where id = ? 
2020-07-15 15:03:51.064 DEBUG 19944 --- [XNIO-1 task-59] r.c.a.e.r.Q.selectByPrimaryKey           : ==> Parameters: 3(Integer)
2020-07-15 15:03:51.065 DEBUG 19944 --- [XNIO-1 task-60] r.c.a.e.r.Q.selectByPrimaryKey           : ==>  Preparing: select id, question_type, subject_id, score, grade_level, difficult, correct, info_text_content_id, create_user, status, create_time, deleted from t_question where id = ? 
2020-07-15 15:03:51.065 DEBUG 19944 --- [XNIO-1 task-59] r.c.a.e.r.Q.selectByPrimaryKey           : <==      Total: 1
2020-07-15 15:03:51.065 DEBUG 19944 --- [XNIO-1 task-60] r.c.a.e.r.Q.selectByPrimaryKey           : ==> Parameters: 4(Integer)
2020-07-15 15:03:51.066 DEBUG 19944 --- [XNIO-1 task-60] r.c.a.e.r.Q.selectByPrimaryKey           : <==      Total: 1
2020-07-15 15:03:56.181 DEBUG 19944 --- [XNIO-1 task-61] r.c.a.e.r.T.insertSelective              : ==>  Preparing: insert into t_text_content ( content, create_time ) values ( ?, ? ) 
2020-07-15 15:03:56.181 DEBUG 19944 --- [XNIO-1 task-61] r.c.a.e.r.T.insertSelective              : ==> Parameters: [{"name":"单选题","questionItems":[{"id":1,"itemOrder":1},{"id":2,"itemOrder":2}]},{"name":"多选题","questionItems":[{"id":3,"itemOrder":3},{"id":4,"itemOrder":4}]}](String), 2020-07-15 15:03:56.173(Timestamp)
2020-07-15 15:03:56.183 DEBUG 19944 --- [XNIO-1 task-61] r.c.a.e.r.T.insertSelective              : <==    Updates: 1
2020-07-15 15:03:56.185 DEBUG 19944 --- [XNIO-1 task-61] r.c.a.e.r.S.selectByPrimaryKey           : ==>  Preparing: select id, name, level, level_name, item_order, deleted from t_subject where id = ? 
2020-07-15 15:03:56.186 DEBUG 19944 --- [XNIO-1 task-61] r.c.a.e.r.S.selectByPrimaryKey           : ==> Parameters: 1(Integer)
2020-07-15 15:03:56.188 DEBUG 19944 --- [XNIO-1 task-61] r.c.a.e.r.S.selectByPrimaryKey           : <==      Total: 1
2020-07-15 15:03:56.192 DEBUG 19944 --- [XNIO-1 task-61] r.c.a.e.r.E.insertSelective              : ==>  Preparing: insert into t_exam_paper ( name, subject_id, paper_type, grade_level, score, question_count, suggest_time, limit_start_time, limit_end_time, frame_text_content_id, create_user, create_time, deleted ) values ( ?, ?, ?, ?, ?, ?, ?, ?, ?, ?, ?, ?, ? ) 
2020-07-15 15:03:56.193 DEBUG 19944 --- [XNIO-1 task-61] r.c.a.e.r.E.insertSelective              : ==> Parameters: 时段试卷test1(String), 1(Integer), 4(Integer), 1(Integer), 40(Integer), 4(Integer), 60(Integer), 2020-07-15 00:00:00.0(Timestamp), 2020-07-17 00:00:00.0(Timestamp), 6(Integer), 2(Integer), 2020-07-15 15:03:56.173(Timestamp), false(Boolean)
2020-07-15 15:03:56.194 DEBUG 19944 --- [XNIO-1 task-61] r.c.a.e.r.E.insertSelective              : <==    Updates: 1
2020-07-15 15:03:56.200 DEBUG 19944 --- [XNIO-1 task-61] r.c.a.e.r.E.selectByPrimaryKey           : ==>  Preparing: select id, name, subject_id, paper_type, grade_level, score, question_count, suggest_time, limit_start_time, limit_end_time, frame_text_content_id, create_user, create_time, deleted, task_exam_id from t_exam_paper where id = ? 
2020-07-15 15:03:56.200 DEBUG 19944 --- [XNIO-1 task-61] r.c.a.e.r.E.selectByPrimaryKey           : ==> Parameters: 2(Integer)
2020-07-15 15:03:56.201 DEBUG 19944 --- [XNIO-1 task-61] r.c.a.e.r.E.selectByPrimaryKey           : <==      Total: 1
2020-07-15 15:03:56.204 DEBUG 19944 --- [XNIO-1 task-61] r.c.a.e.r.T.selectByPrimaryKey           : ==>  Preparing: select id, content, create_time from t_text_content where id = ? 
2020-07-15 15:03:56.204 DEBUG 19944 --- [XNIO-1 task-61] r.c.a.e.r.T.selectByPrimaryKey           : ==> Parameters: 6(Integer)
2020-07-15 15:03:56.205 DEBUG 19944 --- [XNIO-1 task-61] r.c.a.e.r.T.selectByPrimaryKey           : <==      Total: 1
2020-07-15 15:03:56.209 DEBUG 19944 --- [XNIO-1 task-61] r.c.a.e.r.QuestionMapper.selectByIds     : ==>  Preparing: SELECT id, question_type, subject_id, score, grade_level, difficult, correct, info_text_content_id, create_user, status, create_time, deleted FROM t_question where id in ( ? , ? , ? , ? ) 
2020-07-15 15:03:56.209 DEBUG 19944 --- [XNIO-1 task-61] r.c.a.e.r.QuestionMapper.selectByIds     : ==> Parameters: 1(Integer), 2(Integer), 3(Integer), 4(Integer)
2020-07-15 15:03:56.212 DEBUG 19944 --- [XNIO-1 task-61] r.c.a.e.r.QuestionMapper.selectByIds     : <==      Total: 4
2020-07-15 15:03:56.844 DEBUG 19944 --- [XNIO-1 task-62] r.c.a.e.r.SubjectMapper.allSubject       : ==>  Preparing: select id, name, level, level_name, item_order, deleted from t_subject WHERE deleted=0 
2020-07-15 15:03:56.844 DEBUG 19944 --- [XNIO-1 task-62] r.c.a.e.r.SubjectMapper.allSubject       : ==> Parameters: 
2020-07-15 15:03:56.845 DEBUG 19944 --- [XNIO-1 task-62] r.c.a.e.r.SubjectMapper.allSubject       : <==      Total: 1
2020-07-15 15:03:56.846 DEBUG 19944 --- [XNIO-1 task-63] r.c.a.e.r.ExamPaperMapper.page_COUNT     : ==>  Preparing: SELECT count(0) FROM t_exam_paper WHERE deleted = 0 
2020-07-15 15:03:56.846 DEBUG 19944 --- [XNIO-1 task-63] r.c.a.e.r.ExamPaperMapper.page_COUNT     : ==> Parameters: 
2020-07-15 15:03:56.846 DEBUG 19944 --- [XNIO-1 task-63] r.c.a.e.r.ExamPaperMapper.page_COUNT     : <==      Total: 1
2020-07-15 15:03:56.848 DEBUG 19944 --- [XNIO-1 task-63] r.c.a.e.repository.ExamPaperMapper.page  : ==>  Preparing: SELECT id, name, subject_id, paper_type, grade_level, score, question_count, suggest_time, limit_start_time, limit_end_time, frame_text_content_id, create_user, create_time, deleted, task_exam_id FROM t_exam_paper WHERE deleted = 0 order by id desc LIMIT ? 
2020-07-15 15:03:56.849 DEBUG 19944 --- [XNIO-1 task-63] r.c.a.e.repository.ExamPaperMapper.page  : ==> Parameters: 10(Integer)
2020-07-15 15:03:56.850 DEBUG 19944 --- [XNIO-1 task-63] r.c.a.e.repository.ExamPaperMapper.page  : <==      Total: 1
2020-07-15 15:16:42.923 DEBUG 19944 --- [XNIO-1 task-64] r.c.a.e.r.SubjectMapper.allSubject       : ==>  Preparing: select id, name, level, level_name, item_order, deleted from t_subject WHERE deleted=0 
2020-07-15 15:16:42.924 DEBUG 19944 --- [XNIO-1 task-64] r.c.a.e.r.SubjectMapper.allSubject       : ==> Parameters: 
2020-07-15 15:16:42.925 DEBUG 19944 --- [XNIO-1 task-64] r.c.a.e.r.SubjectMapper.allSubject       : <==      Total: 1
2020-07-15 15:16:42.925 DEBUG 19944 --- [XNIO-1 task-65] r.c.a.e.r.E.selectByPrimaryKey           : ==>  Preparing: select id, name, subject_id, paper_type, grade_level, score, question_count, suggest_time, limit_start_time, limit_end_time, frame_text_content_id, create_user, create_time, deleted, task_exam_id from t_exam_paper where id = ? 
2020-07-15 15:16:42.926 DEBUG 19944 --- [XNIO-1 task-65] r.c.a.e.r.E.selectByPrimaryKey           : ==> Parameters: 2(Integer)
2020-07-15 15:16:42.927 DEBUG 19944 --- [XNIO-1 task-65] r.c.a.e.r.E.selectByPrimaryKey           : <==      Total: 1
2020-07-15 15:16:42.931 DEBUG 19944 --- [XNIO-1 task-65] r.c.a.e.r.QuestionMapper.selectByIds     : ==>  Preparing: SELECT id, question_type, subject_id, score, grade_level, difficult, correct, info_text_content_id, create_user, status, create_time, deleted FROM t_question where id in ( ? , ? , ? , ? ) 
2020-07-15 15:16:42.931 DEBUG 19944 --- [XNIO-1 task-65] r.c.a.e.r.QuestionMapper.selectByIds     : ==> Parameters: 1(Integer), 2(Integer), 3(Integer), 4(Integer)
2020-07-15 15:16:42.934 DEBUG 19944 --- [XNIO-1 task-65] r.c.a.e.r.QuestionMapper.selectByIds     : <==      Total: 4
2020-07-15 15:17:12.402 DEBUG 19944 --- [XNIO-1 task-66] r.c.a.e.r.SubjectMapper.allSubject       : ==>  Preparing: select id, name, level, level_name, item_order, deleted from t_subject WHERE deleted=0 
2020-07-15 15:17:12.402 DEBUG 19944 --- [XNIO-1 task-66] r.c.a.e.r.SubjectMapper.allSubject       : ==> Parameters: 
2020-07-15 15:17:12.403 DEBUG 19944 --- [XNIO-1 task-66] r.c.a.e.r.SubjectMapper.allSubject       : <==      Total: 1
2020-07-15 15:17:12.404 DEBUG 19944 --- [XNIO-1 task-67] r.c.a.e.r.ExamPaperMapper.page_COUNT     : ==>  Preparing: SELECT count(0) FROM t_exam_paper WHERE deleted = 0 
2020-07-15 15:17:12.404 DEBUG 19944 --- [XNIO-1 task-67] r.c.a.e.r.ExamPaperMapper.page_COUNT     : ==> Parameters: 
2020-07-15 15:17:12.405 DEBUG 19944 --- [XNIO-1 task-67] r.c.a.e.r.ExamPaperMapper.page_COUNT     : <==      Total: 1
2020-07-15 15:17:12.406 DEBUG 19944 --- [XNIO-1 task-67] r.c.a.e.repository.ExamPaperMapper.page  : ==>  Preparing: SELECT id, name, subject_id, paper_type, grade_level, score, question_count, suggest_time, limit_start_time, limit_end_time, frame_text_content_id, create_user, create_time, deleted, task_exam_id FROM t_exam_paper WHERE deleted = 0 order by id desc LIMIT ? 
2020-07-15 15:17:12.407 DEBUG 19944 --- [XNIO-1 task-67] r.c.a.e.repository.ExamPaperMapper.page  : ==> Parameters: 10(Integer)
2020-07-15 15:17:12.408 DEBUG 19944 --- [XNIO-1 task-67] r.c.a.e.repository.ExamPaperMapper.page  : <==      Total: 1
2020-07-15 15:24:40.012 DEBUG 19944 --- [XNIO-1 task-68] r.c.a.e.r.SubjectMapper.allSubject       : ==>  Preparing: select id, name, level, level_name, item_order, deleted from t_subject WHERE deleted=0 
2020-07-15 15:24:40.012 DEBUG 19944 --- [XNIO-1 task-68] r.c.a.e.r.SubjectMapper.allSubject       : ==> Parameters: 
2020-07-15 15:24:40.013 DEBUG 19944 --- [XNIO-1 task-68] r.c.a.e.r.SubjectMapper.allSubject       : <==      Total: 1
2020-07-15 15:35:52.730 DEBUG 19944 --- [XNIO-1 task-69] r.c.a.e.r.QuestionMapper.page_COUNT      : ==>  Preparing: SELECT count(0) FROM t_question WHERE deleted = 0 AND subject_id = ? 
2020-07-15 15:35:52.731 DEBUG 19944 --- [XNIO-1 task-69] r.c.a.e.r.QuestionMapper.page_COUNT      : ==> Parameters: 1(Integer)
2020-07-15 15:35:52.732 DEBUG 19944 --- [XNIO-1 task-69] r.c.a.e.r.QuestionMapper.page_COUNT      : <==      Total: 1
2020-07-15 15:35:52.733 DEBUG 19944 --- [XNIO-1 task-69] r.c.a.e.repository.QuestionMapper.page   : ==>  Preparing: SELECT id, question_type, subject_id, score, grade_level, difficult, correct, info_text_content_id, create_user, status, create_time, deleted FROM t_question WHERE deleted = 0 AND subject_id = ? order by id desc LIMIT ? 
2020-07-15 15:35:52.733 DEBUG 19944 --- [XNIO-1 task-69] r.c.a.e.repository.QuestionMapper.page   : ==> Parameters: 1(Integer), 5(Integer)
2020-07-15 15:35:52.735 DEBUG 19944 --- [XNIO-1 task-69] r.c.a.e.repository.QuestionMapper.page   : <==      Total: 4
2020-07-15 15:36:11.209 DEBUG 19944 --- [XNIO-1 task-70] r.c.a.e.r.Q.selectByPrimaryKey           : ==>  Preparing: select id, question_type, subject_id, score, grade_level, difficult, correct, info_text_content_id, create_user, status, create_time, deleted from t_question where id = ? 
2020-07-15 15:36:11.209 DEBUG 19944 --- [XNIO-1 task-70] r.c.a.e.r.Q.selectByPrimaryKey           : ==> Parameters: 1(Integer)
2020-07-15 15:36:11.210 DEBUG 19944 --- [XNIO-1 task-70] r.c.a.e.r.Q.selectByPrimaryKey           : <==      Total: 1
2020-07-15 15:36:11.211 DEBUG 19944 --- [XNIO-1 task-71] r.c.a.e.r.Q.selectByPrimaryKey           : ==>  Preparing: select id, question_type, subject_id, score, grade_level, difficult, correct, info_text_content_id, create_user, status, create_time, deleted from t_question where id = ? 
2020-07-15 15:36:11.211 DEBUG 19944 --- [XNIO-1 task-71] r.c.a.e.r.Q.selectByPrimaryKey           : ==> Parameters: 2(Integer)
2020-07-15 15:36:11.212 DEBUG 19944 --- [XNIO-1 task-71] r.c.a.e.r.Q.selectByPrimaryKey           : <==      Total: 1
2020-07-15 15:36:21.539 DEBUG 19944 --- [XNIO-1 task-72] r.c.a.e.r.QuestionMapper.page_COUNT      : ==>  Preparing: SELECT count(0) FROM t_question WHERE deleted = 0 AND subject_id = ? 
2020-07-15 15:36:21.539 DEBUG 19944 --- [XNIO-1 task-72] r.c.a.e.r.QuestionMapper.page_COUNT      : ==> Parameters: 1(Integer)
2020-07-15 15:36:21.540 DEBUG 19944 --- [XNIO-1 task-72] r.c.a.e.r.QuestionMapper.page_COUNT      : <==      Total: 1
2020-07-15 15:36:21.541 DEBUG 19944 --- [XNIO-1 task-72] r.c.a.e.repository.QuestionMapper.page   : ==>  Preparing: SELECT id, question_type, subject_id, score, grade_level, difficult, correct, info_text_content_id, create_user, status, create_time, deleted FROM t_question WHERE deleted = 0 AND subject_id = ? order by id desc LIMIT ? 
2020-07-15 15:36:21.541 DEBUG 19944 --- [XNIO-1 task-72] r.c.a.e.repository.QuestionMapper.page   : ==> Parameters: 1(Integer), 5(Integer)
2020-07-15 15:36:21.542 DEBUG 19944 --- [XNIO-1 task-72] r.c.a.e.repository.QuestionMapper.page   : <==      Total: 4
2020-07-15 15:36:25.912 DEBUG 19944 --- [XNIO-1 task-73] r.c.a.e.r.Q.selectByPrimaryKey           : ==>  Preparing: select id, question_type, subject_id, score, grade_level, difficult, correct, info_text_content_id, create_user, status, create_time, deleted from t_question where id = ? 
2020-07-15 15:36:25.912 DEBUG 19944 --- [XNIO-1 task-73] r.c.a.e.r.Q.selectByPrimaryKey           : ==> Parameters: 4(Integer)
2020-07-15 15:36:25.913 DEBUG 19944 --- [XNIO-1 task-74] r.c.a.e.r.Q.selectByPrimaryKey           : ==>  Preparing: select id, question_type, subject_id, score, grade_level, difficult, correct, info_text_content_id, create_user, status, create_time, deleted from t_question where id = ? 
2020-07-15 15:36:25.913 DEBUG 19944 --- [XNIO-1 task-73] r.c.a.e.r.Q.selectByPrimaryKey           : <==      Total: 1
2020-07-15 15:36:25.913 DEBUG 19944 --- [XNIO-1 task-74] r.c.a.e.r.Q.selectByPrimaryKey           : ==> Parameters: 3(Integer)
2020-07-15 15:36:25.914 DEBUG 19944 --- [XNIO-1 task-74] r.c.a.e.r.Q.selectByPrimaryKey           : <==      Total: 1
2020-07-15 15:36:39.626 DEBUG 19944 --- [XNIO-1 task-75] r.c.a.e.r.T.insertSelective              : ==>  Preparing: insert into t_text_content ( content, create_time ) values ( ?, ? ) 
2020-07-15 15:36:39.627 DEBUG 19944 --- [XNIO-1 task-75] r.c.a.e.r.T.insertSelective              : ==> Parameters: [{"name":"单选题","questionItems":[{"id":1,"itemOrder":1},{"id":2,"itemOrder":2}]},{"name":"多选题","questionItems":[{"id":4,"itemOrder":3},{"id":3,"itemOrder":4}]}](String), 2020-07-15 15:36:39.623(Timestamp)
2020-07-15 15:36:39.628 DEBUG 19944 --- [XNIO-1 task-75] r.c.a.e.r.T.insertSelective              : <==    Updates: 1
2020-07-15 15:36:39.629 DEBUG 19944 --- [XNIO-1 task-75] r.c.a.e.r.S.selectByPrimaryKey           : ==>  Preparing: select id, name, level, level_name, item_order, deleted from t_subject where id = ? 
2020-07-15 15:36:39.629 DEBUG 19944 --- [XNIO-1 task-75] r.c.a.e.r.S.selectByPrimaryKey           : ==> Parameters: 1(Integer)
2020-07-15 15:36:39.630 DEBUG 19944 --- [XNIO-1 task-75] r.c.a.e.r.S.selectByPrimaryKey           : <==      Total: 1
2020-07-15 15:36:39.632 DEBUG 19944 --- [XNIO-1 task-75] r.c.a.e.r.E.insertSelective              : ==>  Preparing: insert into t_exam_paper ( name, subject_id, paper_type, grade_level, score, question_count, suggest_time, limit_start_time, limit_end_time, frame_text_content_id, create_user, create_time, deleted ) values ( ?, ?, ?, ?, ?, ?, ?, ?, ?, ?, ?, ?, ? ) 
2020-07-15 15:36:39.633 DEBUG 19944 --- [XNIO-1 task-75] r.c.a.e.r.E.insertSelective              : ==> Parameters: 时段试卷test2(String), 1(Integer), 4(Integer), 1(Integer), 40(Integer), 4(Integer), 20(Integer), 2020-07-15 00:00:00.0(Timestamp), 2020-07-18 00:00:00.0(Timestamp), 7(Integer), 2(Integer), 2020-07-15 15:36:39.623(Timestamp), false(Boolean)
2020-07-15 15:36:39.633 DEBUG 19944 --- [XNIO-1 task-75] r.c.a.e.r.E.insertSelective              : <==    Updates: 1
2020-07-15 15:36:39.639 DEBUG 19944 --- [XNIO-1 task-75] r.c.a.e.r.E.selectByPrimaryKey           : ==>  Preparing: select id, name, subject_id, paper_type, grade_level, score, question_count, suggest_time, limit_start_time, limit_end_time, frame_text_content_id, create_user, create_time, deleted, task_exam_id from t_exam_paper where id = ? 
2020-07-15 15:36:39.639 DEBUG 19944 --- [XNIO-1 task-75] r.c.a.e.r.E.selectByPrimaryKey           : ==> Parameters: 3(Integer)
2020-07-15 15:36:39.640 DEBUG 19944 --- [XNIO-1 task-75] r.c.a.e.r.E.selectByPrimaryKey           : <==      Total: 1
2020-07-15 15:36:39.642 DEBUG 19944 --- [XNIO-1 task-75] r.c.a.e.r.T.selectByPrimaryKey           : ==>  Preparing: select id, content, create_time from t_text_content where id = ? 
2020-07-15 15:36:39.642 DEBUG 19944 --- [XNIO-1 task-75] r.c.a.e.r.T.selectByPrimaryKey           : ==> Parameters: 7(Integer)
2020-07-15 15:36:39.643 DEBUG 19944 --- [XNIO-1 task-75] r.c.a.e.r.T.selectByPrimaryKey           : <==      Total: 1
2020-07-15 15:36:39.644 DEBUG 19944 --- [XNIO-1 task-75] r.c.a.e.r.QuestionMapper.selectByIds     : ==>  Preparing: SELECT id, question_type, subject_id, score, grade_level, difficult, correct, info_text_content_id, create_user, status, create_time, deleted FROM t_question where id in ( ? , ? , ? , ? ) 
2020-07-15 15:36:39.645 DEBUG 19944 --- [XNIO-1 task-75] r.c.a.e.r.QuestionMapper.selectByIds     : ==> Parameters: 1(Integer), 2(Integer), 4(Integer), 3(Integer)
2020-07-15 15:36:39.646 DEBUG 19944 --- [XNIO-1 task-75] r.c.a.e.r.QuestionMapper.selectByIds     : <==      Total: 4
2020-07-15 15:36:40.285 DEBUG 19944 --- [XNIO-1 task-76] r.c.a.e.r.SubjectMapper.allSubject       : ==>  Preparing: select id, name, level, level_name, item_order, deleted from t_subject WHERE deleted=0 
2020-07-15 15:36:40.286 DEBUG 19944 --- [XNIO-1 task-76] r.c.a.e.r.SubjectMapper.allSubject       : ==> Parameters: 
2020-07-15 15:36:40.287 DEBUG 19944 --- [XNIO-1 task-76] r.c.a.e.r.SubjectMapper.allSubject       : <==      Total: 1
2020-07-15 15:36:40.287 DEBUG 19944 --- [XNIO-1 task-77] r.c.a.e.r.ExamPaperMapper.page_COUNT     : ==>  Preparing: SELECT count(0) FROM t_exam_paper WHERE deleted = 0 
2020-07-15 15:36:40.287 DEBUG 19944 --- [XNIO-1 task-77] r.c.a.e.r.ExamPaperMapper.page_COUNT     : ==> Parameters: 
2020-07-15 15:36:40.288 DEBUG 19944 --- [XNIO-1 task-77] r.c.a.e.r.ExamPaperMapper.page_COUNT     : <==      Total: 1
2020-07-15 15:36:40.289 DEBUG 19944 --- [XNIO-1 task-77] r.c.a.e.repository.ExamPaperMapper.page  : ==>  Preparing: SELECT id, name, subject_id, paper_type, grade_level, score, question_count, suggest_time, limit_start_time, limit_end_time, frame_text_content_id, create_user, create_time, deleted, task_exam_id FROM t_exam_paper WHERE deleted = 0 order by id desc LIMIT ? 
2020-07-15 15:36:40.290 DEBUG 19944 --- [XNIO-1 task-77] r.c.a.e.repository.ExamPaperMapper.page  : ==> Parameters: 10(Integer)
2020-07-15 15:36:40.291 DEBUG 19944 --- [XNIO-1 task-77] r.c.a.e.repository.ExamPaperMapper.page  : <==      Total: 2
2020-07-15 15:52:46.281 DEBUG 19944 --- [XNIO-1 task-78] r.c.a.e.r.SubjectMapper.allSubject       : ==>  Preparing: select id, name, level, level_name, item_order, deleted from t_subject WHERE deleted=0 
2020-07-15 15:52:46.281 DEBUG 19944 --- [XNIO-1 task-78] r.c.a.e.r.SubjectMapper.allSubject       : ==> Parameters: 
2020-07-15 15:52:46.282 DEBUG 19944 --- [XNIO-1 task-78] r.c.a.e.r.SubjectMapper.allSubject       : <==      Total: 1
2020-07-15 15:52:46.285 DEBUG 19944 --- [XNIO-1 task-79] r.c.a.e.r.E.selectByPrimaryKey           : ==>  Preparing: select id, name, subject_id, paper_type, grade_level, score, question_count, suggest_time, limit_start_time, limit_end_time, frame_text_content_id, create_user, create_time, deleted, task_exam_id from t_exam_paper where id = ? 
2020-07-15 15:52:46.285 DEBUG 19944 --- [XNIO-1 task-79] r.c.a.e.r.E.selectByPrimaryKey           : ==> Parameters: 3(Integer)
2020-07-15 15:52:46.286 DEBUG 19944 --- [XNIO-1 task-79] r.c.a.e.r.E.selectByPrimaryKey           : <==      Total: 1
2020-07-15 15:52:46.289 DEBUG 19944 --- [XNIO-1 task-79] r.c.a.e.r.QuestionMapper.selectByIds     : ==>  Preparing: SELECT id, question_type, subject_id, score, grade_level, difficult, correct, info_text_content_id, create_user, status, create_time, deleted FROM t_question where id in ( ? , ? , ? , ? ) 
2020-07-15 15:52:46.289 DEBUG 19944 --- [XNIO-1 task-79] r.c.a.e.r.QuestionMapper.selectByIds     : ==> Parameters: 1(Integer), 2(Integer), 4(Integer), 3(Integer)
2020-07-15 15:52:46.291 DEBUG 19944 --- [XNIO-1 task-79] r.c.a.e.r.QuestionMapper.selectByIds     : <==      Total: 4
2020-07-15 16:38:40.489 DEBUG 19944 --- [XNIO-1 task-80] r.c.a.e.r.SubjectMapper.allSubject       : ==>  Preparing: select id, name, level, level_name, item_order, deleted from t_subject WHERE deleted=0 
2020-07-15 16:38:40.490 DEBUG 19944 --- [XNIO-1 task-80] r.c.a.e.r.SubjectMapper.allSubject       : ==> Parameters: 
2020-07-15 16:38:40.492 DEBUG 19944 --- [XNIO-1 task-81] r.c.a.e.r.ExamPaperMapper.page_COUNT     : ==>  Preparing: SELECT count(0) FROM t_exam_paper WHERE deleted = 0 
2020-07-15 16:38:40.492 DEBUG 19944 --- [XNIO-1 task-81] r.c.a.e.r.ExamPaperMapper.page_COUNT     : ==> Parameters: 
2020-07-15 16:38:40.492 DEBUG 19944 --- [XNIO-1 task-80] r.c.a.e.r.SubjectMapper.allSubject       : <==      Total: 1
2020-07-15 16:38:40.493 DEBUG 19944 --- [XNIO-1 task-81] r.c.a.e.r.ExamPaperMapper.page_COUNT     : <==      Total: 1
2020-07-15 16:38:40.495 DEBUG 19944 --- [XNIO-1 task-81] r.c.a.e.repository.ExamPaperMapper.page  : ==>  Preparing: SELECT id, name, subject_id, paper_type, grade_level, score, question_count, suggest_time, limit_start_time, limit_end_time, frame_text_content_id, create_user, create_time, deleted, task_exam_id FROM t_exam_paper WHERE deleted = 0 order by id desc LIMIT ? 
2020-07-15 16:38:40.496 DEBUG 19944 --- [XNIO-1 task-81] r.c.a.e.repository.ExamPaperMapper.page  : ==> Parameters: 10(Integer)
2020-07-15 16:38:40.497 DEBUG 19944 --- [XNIO-1 task-81] r.c.a.e.repository.ExamPaperMapper.page  : <==      Total: 2
2020-07-15 16:38:53.108 DEBUG 19944 --- [XNIO-1 task-82] r.c.a.e.r.SubjectMapper.allSubject       : ==>  Preparing: select id, name, level, level_name, item_order, deleted from t_subject WHERE deleted=0 
2020-07-15 16:38:53.108 DEBUG 19944 --- [XNIO-1 task-82] r.c.a.e.r.SubjectMapper.allSubject       : ==> Parameters: 
2020-07-15 16:38:53.109 DEBUG 19944 --- [XNIO-1 task-82] r.c.a.e.r.SubjectMapper.allSubject       : <==      Total: 1
2020-07-15 16:39:21.554 DEBUG 19944 --- [XNIO-1 task-83] r.c.a.e.r.QuestionMapper.page_COUNT      : ==>  Preparing: SELECT count(0) FROM t_question WHERE deleted = 0 AND subject_id = ? 
2020-07-15 16:39:21.554 DEBUG 19944 --- [XNIO-1 task-83] r.c.a.e.r.QuestionMapper.page_COUNT      : ==> Parameters: 1(Integer)
2020-07-15 16:39:21.555 DEBUG 19944 --- [XNIO-1 task-83] r.c.a.e.r.QuestionMapper.page_COUNT      : <==      Total: 1
2020-07-15 16:39:21.556 DEBUG 19944 --- [XNIO-1 task-83] r.c.a.e.repository.QuestionMapper.page   : ==>  Preparing: SELECT id, question_type, subject_id, score, grade_level, difficult, correct, info_text_content_id, create_user, status, create_time, deleted FROM t_question WHERE deleted = 0 AND subject_id = ? order by id desc LIMIT ? 
2020-07-15 16:39:21.556 DEBUG 19944 --- [XNIO-1 task-83] r.c.a.e.repository.QuestionMapper.page   : ==> Parameters: 1(Integer), 5(Integer)
2020-07-15 16:39:21.557 DEBUG 19944 --- [XNIO-1 task-83] r.c.a.e.repository.QuestionMapper.page   : <==      Total: 4
2020-07-15 16:39:29.780 DEBUG 19944 --- [XNIO-1 task-84] r.c.a.e.r.QuestionMapper.page_COUNT      : ==>  Preparing: SELECT count(0) FROM t_question WHERE deleted = 0 AND subject_id = ? 
2020-07-15 16:39:29.781 DEBUG 19944 --- [XNIO-1 task-84] r.c.a.e.r.QuestionMapper.page_COUNT      : ==> Parameters: 1(Integer)
2020-07-15 16:39:29.781 DEBUG 19944 --- [XNIO-1 task-84] r.c.a.e.r.QuestionMapper.page_COUNT      : <==      Total: 1
2020-07-15 16:39:29.783 DEBUG 19944 --- [XNIO-1 task-84] r.c.a.e.repository.QuestionMapper.page   : ==>  Preparing: SELECT id, question_type, subject_id, score, grade_level, difficult, correct, info_text_content_id, create_user, status, create_time, deleted FROM t_question WHERE deleted = 0 AND subject_id = ? order by id desc LIMIT ? 
2020-07-15 16:39:29.783 DEBUG 19944 --- [XNIO-1 task-84] r.c.a.e.repository.QuestionMapper.page   : ==> Parameters: 1(Integer), 5(Integer)
2020-07-15 16:39:29.784 DEBUG 19944 --- [XNIO-1 task-84] r.c.a.e.repository.QuestionMapper.page   : <==      Total: 4
2020-07-15 16:39:35.540 DEBUG 19944 --- [XNIO-1 task-85] r.c.a.e.r.Q.selectByPrimaryKey           : ==>  Preparing: select id, question_type, subject_id, score, grade_level, difficult, correct, info_text_content_id, create_user, status, create_time, deleted from t_question where id = ? 
2020-07-15 16:39:35.541 DEBUG 19944 --- [XNIO-1 task-85] r.c.a.e.r.Q.selectByPrimaryKey           : ==> Parameters: 1(Integer)
2020-07-15 16:39:35.542 DEBUG 19944 --- [XNIO-1 task-86] r.c.a.e.r.Q.selectByPrimaryKey           : ==>  Preparing: select id, question_type, subject_id, score, grade_level, difficult, correct, info_text_content_id, create_user, status, create_time, deleted from t_question where id = ? 
2020-07-15 16:39:35.542 DEBUG 19944 --- [XNIO-1 task-85] r.c.a.e.r.Q.selectByPrimaryKey           : <==      Total: 1
2020-07-15 16:39:35.542 DEBUG 19944 --- [XNIO-1 task-86] r.c.a.e.r.Q.selectByPrimaryKey           : ==> Parameters: 2(Integer)
2020-07-15 16:39:35.543 DEBUG 19944 --- [XNIO-1 task-86] r.c.a.e.r.Q.selectByPrimaryKey           : <==      Total: 1
2020-07-15 16:56:32.011 DEBUG 19944 --- [XNIO-1 task-87] r.c.a.e.r.QuestionMapper.page_COUNT      : ==>  Preparing: SELECT count(0) FROM t_question WHERE deleted = 0 AND subject_id = ? 
2020-07-15 16:56:32.011 DEBUG 19944 --- [XNIO-1 task-87] r.c.a.e.r.QuestionMapper.page_COUNT      : ==> Parameters: 1(Integer)
2020-07-15 16:56:32.012 DEBUG 19944 --- [XNIO-1 task-87] r.c.a.e.r.QuestionMapper.page_COUNT      : <==      Total: 1
2020-07-15 16:56:32.013 DEBUG 19944 --- [XNIO-1 task-87] r.c.a.e.repository.QuestionMapper.page   : ==>  Preparing: SELECT id, question_type, subject_id, score, grade_level, difficult, correct, info_text_content_id, create_user, status, create_time, deleted FROM t_question WHERE deleted = 0 AND subject_id = ? order by id desc LIMIT ? 
2020-07-15 16:56:32.013 DEBUG 19944 --- [XNIO-1 task-87] r.c.a.e.repository.QuestionMapper.page   : ==> Parameters: 1(Integer), 5(Integer)
2020-07-15 16:56:32.015 DEBUG 19944 --- [XNIO-1 task-87] r.c.a.e.repository.QuestionMapper.page   : <==      Total: 4
2020-07-15 16:56:42.648 DEBUG 19944 --- [XNIO-1 task-88] r.c.a.e.r.QuestionMapper.page_COUNT      : ==>  Preparing: SELECT count(0) FROM t_question WHERE deleted = 0 AND subject_id = ? 
2020-07-15 16:56:42.648 DEBUG 19944 --- [XNIO-1 task-88] r.c.a.e.r.QuestionMapper.page_COUNT      : ==> Parameters: 1(Integer)
2020-07-15 16:56:42.649 DEBUG 19944 --- [XNIO-1 task-88] r.c.a.e.r.QuestionMapper.page_COUNT      : <==      Total: 1
2020-07-15 16:56:42.651 DEBUG 19944 --- [XNIO-1 task-88] r.c.a.e.repository.QuestionMapper.page   : ==>  Preparing: SELECT id, question_type, subject_id, score, grade_level, difficult, correct, info_text_content_id, create_user, status, create_time, deleted FROM t_question WHERE deleted = 0 AND subject_id = ? order by id desc LIMIT ? 
2020-07-15 16:56:42.651 DEBUG 19944 --- [XNIO-1 task-88] r.c.a.e.repository.QuestionMapper.page   : ==> Parameters: 1(Integer), 5(Integer)
2020-07-15 16:56:42.652 DEBUG 19944 --- [XNIO-1 task-88] r.c.a.e.repository.QuestionMapper.page   : <==      Total: 4
2020-07-15 16:56:46.056 DEBUG 19944 --- [XNIO-1 task-89] r.c.a.e.r.Q.selectByPrimaryKey           : ==>  Preparing: select id, question_type, subject_id, score, grade_level, difficult, correct, info_text_content_id, create_user, status, create_time, deleted from t_question where id = ? 
2020-07-15 16:56:46.057 DEBUG 19944 --- [XNIO-1 task-89] r.c.a.e.r.Q.selectByPrimaryKey           : ==> Parameters: 3(Integer)
2020-07-15 16:56:46.058 DEBUG 19944 --- [XNIO-1 task-89] r.c.a.e.r.Q.selectByPrimaryKey           : <==      Total: 1
2020-07-15 16:56:46.059 DEBUG 19944 --- [XNIO-1 task-90] r.c.a.e.r.Q.selectByPrimaryKey           : ==>  Preparing: select id, question_type, subject_id, score, grade_level, difficult, correct, info_text_content_id, create_user, status, create_time, deleted from t_question where id = ? 
2020-07-15 16:56:46.059 DEBUG 19944 --- [XNIO-1 task-90] r.c.a.e.r.Q.selectByPrimaryKey           : ==> Parameters: 4(Integer)
2020-07-15 16:56:46.060 DEBUG 19944 --- [XNIO-1 task-90] r.c.a.e.r.Q.selectByPrimaryKey           : <==      Total: 1
2020-07-15 16:56:50.363 DEBUG 19944 --- [XNIO-1 task-91] r.c.a.e.r.T.insertSelective              : ==>  Preparing: insert into t_text_content ( content, create_time ) values ( ?, ? ) 
2020-07-15 16:56:50.364 DEBUG 19944 --- [XNIO-1 task-91] r.c.a.e.r.T.insertSelective              : ==> Parameters: [{"name":"单选题","questionItems":[{"id":1,"itemOrder":1},{"id":2,"itemOrder":2}]},{"name":"多选题","questionItems":[{"id":3,"itemOrder":3},{"id":4,"itemOrder":4}]}](String), 2020-07-15 16:56:50.361(Timestamp)
2020-07-15 16:56:50.366 DEBUG 19944 --- [XNIO-1 task-91] r.c.a.e.r.T.insertSelective              : <==    Updates: 1
2020-07-15 16:56:50.367 DEBUG 19944 --- [XNIO-1 task-91] r.c.a.e.r.S.selectByPrimaryKey           : ==>  Preparing: select id, name, level, level_name, item_order, deleted from t_subject where id = ? 
2020-07-15 16:56:50.367 DEBUG 19944 --- [XNIO-1 task-91] r.c.a.e.r.S.selectByPrimaryKey           : ==> Parameters: 1(Integer)
2020-07-15 16:56:50.368 DEBUG 19944 --- [XNIO-1 task-91] r.c.a.e.r.S.selectByPrimaryKey           : <==      Total: 1
2020-07-15 16:56:50.370 DEBUG 19944 --- [XNIO-1 task-91] r.c.a.e.r.E.insertSelective              : ==>  Preparing: insert into t_exam_paper ( name, subject_id, paper_type, grade_level, score, question_count, suggest_time, frame_text_content_id, create_user, create_time, deleted ) values ( ?, ?, ?, ?, ?, ?, ?, ?, ?, ?, ? ) 
2020-07-15 16:56:50.371 DEBUG 19944 --- [XNIO-1 task-91] r.c.a.e.r.E.insertSelective              : ==> Parameters: 固定试卷test1(String), 1(Integer), 1(Integer), 1(Integer), 40(Integer), 4(Integer), 20(Integer), 8(Integer), 2(Integer), 2020-07-15 16:56:50.361(Timestamp), false(Boolean)
2020-07-15 16:56:50.372 DEBUG 19944 --- [XNIO-1 task-91] r.c.a.e.r.E.insertSelective              : <==    Updates: 1
2020-07-15 16:56:50.387 DEBUG 19944 --- [XNIO-1 task-91] r.c.a.e.r.E.selectByPrimaryKey           : ==>  Preparing: select id, name, subject_id, paper_type, grade_level, score, question_count, suggest_time, limit_start_time, limit_end_time, frame_text_content_id, create_user, create_time, deleted, task_exam_id from t_exam_paper where id = ? 
2020-07-15 16:56:50.387 DEBUG 19944 --- [XNIO-1 task-91] r.c.a.e.r.E.selectByPrimaryKey           : ==> Parameters: 4(Integer)
2020-07-15 16:56:50.388 DEBUG 19944 --- [XNIO-1 task-91] r.c.a.e.r.E.selectByPrimaryKey           : <==      Total: 1
2020-07-15 16:56:50.389 DEBUG 19944 --- [XNIO-1 task-91] r.c.a.e.r.T.selectByPrimaryKey           : ==>  Preparing: select id, content, create_time from t_text_content where id = ? 
2020-07-15 16:56:50.390 DEBUG 19944 --- [XNIO-1 task-91] r.c.a.e.r.T.selectByPrimaryKey           : ==> Parameters: 8(Integer)
2020-07-15 16:56:50.391 DEBUG 19944 --- [XNIO-1 task-91] r.c.a.e.r.T.selectByPrimaryKey           : <==      Total: 1
2020-07-15 16:56:50.393 DEBUG 19944 --- [XNIO-1 task-91] r.c.a.e.r.QuestionMapper.selectByIds     : ==>  Preparing: SELECT id, question_type, subject_id, score, grade_level, difficult, correct, info_text_content_id, create_user, status, create_time, deleted FROM t_question where id in ( ? , ? , ? , ? ) 
2020-07-15 16:56:50.394 DEBUG 19944 --- [XNIO-1 task-91] r.c.a.e.r.QuestionMapper.selectByIds     : ==> Parameters: 1(Integer), 2(Integer), 3(Integer), 4(Integer)
2020-07-15 16:56:50.395 DEBUG 19944 --- [XNIO-1 task-91] r.c.a.e.r.QuestionMapper.selectByIds     : <==      Total: 4
2020-07-15 16:56:51.037 DEBUG 19944 --- [XNIO-1 task-92] r.c.a.e.r.SubjectMapper.allSubject       : ==>  Preparing: select id, name, level, level_name, item_order, deleted from t_subject WHERE deleted=0 
2020-07-15 16:56:51.037 DEBUG 19944 --- [XNIO-1 task-92] r.c.a.e.r.SubjectMapper.allSubject       : ==> Parameters: 
2020-07-15 16:56:51.038 DEBUG 19944 --- [XNIO-1 task-92] r.c.a.e.r.SubjectMapper.allSubject       : <==      Total: 1
2020-07-15 16:56:51.038 DEBUG 19944 --- [XNIO-1 task-93] r.c.a.e.r.ExamPaperMapper.page_COUNT     : ==>  Preparing: SELECT count(0) FROM t_exam_paper WHERE deleted = 0 
2020-07-15 16:56:51.039 DEBUG 19944 --- [XNIO-1 task-93] r.c.a.e.r.ExamPaperMapper.page_COUNT     : ==> Parameters: 
2020-07-15 16:56:51.039 DEBUG 19944 --- [XNIO-1 task-93] r.c.a.e.r.ExamPaperMapper.page_COUNT     : <==      Total: 1
2020-07-15 16:56:51.040 DEBUG 19944 --- [XNIO-1 task-93] r.c.a.e.repository.ExamPaperMapper.page  : ==>  Preparing: SELECT id, name, subject_id, paper_type, grade_level, score, question_count, suggest_time, limit_start_time, limit_end_time, frame_text_content_id, create_user, create_time, deleted, task_exam_id FROM t_exam_paper WHERE deleted = 0 order by id desc LIMIT ? 
2020-07-15 16:56:51.040 DEBUG 19944 --- [XNIO-1 task-93] r.c.a.e.repository.ExamPaperMapper.page  : ==> Parameters: 10(Integer)
2020-07-15 16:56:51.043 DEBUG 19944 --- [XNIO-1 task-93] r.c.a.e.repository.ExamPaperMapper.page  : <==      Total: 3
