2020-07-14 11:09:14.613  INFO 14616 --- [restartedMain] com.alvis.exam.ExamApplication           : Starting ExamApplication on LAPTOP-DA32CNEO with PID 14616 (E:\uexam_project\uexam\source\exam\source\exam\target\classes started by 10983 in E:\uexam_project\uexam\source\exam\source\exam)
2020-07-14 11:09:14.615  INFO 14616 --- [restartedMain] com.alvis.exam.ExamApplication           : The following profiles are active: dev
2020-07-14 11:09:14.677  INFO 14616 --- [restartedMain] .e.DevToolsPropertyDefaultsPostProcessor : Devtools property defaults active! Set 'spring.devtools.add-properties' to 'false' to disable
2020-07-14 11:09:14.677  INFO 14616 --- [restartedMain] .e.DevToolsPropertyDefaultsPostProcessor : For additional web related logging consider setting the 'logging.level.web' property to 'DEBUG'
2020-07-14 11:09:15.378  INFO 14616 --- [restartedMain] .s.d.r.c.RepositoryConfigurationDelegate : Multiple Spring Data modules found, entering strict repository configuration mode!
2020-07-14 11:09:15.380  INFO 14616 --- [restartedMain] .s.d.r.c.RepositoryConfigurationDelegate : Bootstrapping Spring Data repositories in DEFAULT mode.
2020-07-14 11:09:15.422  INFO 14616 --- [restartedMain] .s.d.r.c.RepositoryConfigurationDelegate : Finished Spring Data repository scanning in 33ms. Found 0 repository interfaces.
2020-07-14 11:09:15.744  INFO 14616 --- [restartedMain] trationDelegate$BeanPostProcessorChecker : Bean 'cacheConfig' of type [com.alvis.exam.configuration.spring.cache.CacheConfig$$EnhancerBySpringCGLIB$$f3812931] is not eligible for getting processed by all BeanPostProcessors (for example: not eligible for auto-proxying)
2020-07-14 11:09:15.751  INFO 14616 --- [restartedMain] trationDelegate$BeanPostProcessorChecker : Bean 'org.springframework.transaction.annotation.ProxyTransactionManagementConfiguration' of type [org.springframework.transaction.annotation.ProxyTransactionManagementConfiguration$$EnhancerBySpringCGLIB$$8b5d7474] is not eligible for getting processed by all BeanPostProcessors (for example: not eligible for auto-proxying)
2020-07-14 11:09:16.010  WARN 14616 --- [restartedMain] io.undertow.websockets.jsr               : UT026010: Buffer pool was not set on WebSocketDeploymentInfo, the default pool will be used
2020-07-14 11:09:16.030  INFO 14616 --- [restartedMain] io.undertow.servlet                      : Initializing Spring embedded WebApplicationContext
2020-07-14 11:09:16.031  INFO 14616 --- [restartedMain] o.s.web.context.ContextLoader            : Root WebApplicationContext: initialization completed in 1345 ms
2020-07-14 11:09:17.061  INFO 14616 --- [restartedMain] o.s.s.web.DefaultSecurityFilterChain     : Creating filter chain: any request, [org.springframework.security.web.context.request.async.WebAsyncManagerIntegrationFilter@73a42c08, org.springframework.security.web.context.SecurityContextPersistenceFilter@779233a, org.springframework.security.web.header.HeaderWriterFilter@6cf44aee, org.springframework.web.filter.CorsFilter@d68610e, org.springframework.security.web.authentication.logout.LogoutFilter@49f86317, com.alvis.exam.configuration.spring.security.RestLoginAuthenticationFilter@7e55caad, org.springframework.security.web.authentication.UsernamePasswordAuthenticationFilter@400ff2de, org.springframework.security.web.savedrequest.RequestCacheAwareFilter@2107de7b, org.springframework.security.web.servletapi.SecurityContextHolderAwareRequestFilter@15c7cf65, org.springframework.security.web.authentication.rememberme.RememberMeAuthenticationFilter@d4b0e6e, org.springframework.security.web.authentication.AnonymousAuthenticationFilter@4ceb78d5, org.springframework.security.web.session.SessionManagementFilter@6d6659f5, org.springframework.security.web.access.ExceptionTranslationFilter@39898ec1, org.springframework.security.web.access.intercept.FilterSecurityInterceptor@48557235]
2020-07-14 11:09:17.434  INFO 14616 --- [restartedMain] io.lettuce.core.EpollProvider            : Starting without optional epoll library
2020-07-14 11:09:17.436  INFO 14616 --- [restartedMain] io.lettuce.core.KqueueProvider           : Starting without optional kqueue library
2020-07-14 11:09:17.931  INFO 14616 --- [restartedMain] o.s.b.d.a.OptionalLiveReloadServer       : LiveReload server is running on port 35729
2020-07-14 11:09:18.502  INFO 14616 --- [restartedMain] s.a.ScheduledAnnotationBeanPostProcessor : No TaskScheduler/ScheduledExecutorService bean found for scheduled processing
2020-07-14 11:09:18.532  INFO 14616 --- [restartedMain] org.xnio                                 : XNIO version 3.3.8.Final
2020-07-14 11:09:18.541  INFO 14616 --- [restartedMain] org.xnio.nio                             : XNIO NIO Implementation Version 3.3.8.Final
2020-07-14 11:09:18.580  INFO 14616 --- [restartedMain] o.s.b.w.e.u.UndertowServletWebServer     : Undertow started on port(s) 8000 (http) with context path ''
2020-07-14 11:09:18.582  INFO 14616 --- [restartedMain] com.alvis.exam.ExamApplication           : Started ExamApplication in 4.28 seconds (JVM running for 5.056)
2020-07-14 11:09:58.389  INFO 14616 --- [XNIO-1 task-1] io.undertow.servlet                      : Initializing Spring DispatcherServlet 'dispatcherServlet'
2020-07-14 11:09:58.389  INFO 14616 --- [XNIO-1 task-1] o.s.web.servlet.DispatcherServlet        : Initializing Servlet 'dispatcherServlet'
2020-07-14 11:09:58.399  INFO 14616 --- [XNIO-1 task-1] o.s.web.servlet.DispatcherServlet        : Completed initialization in 10 ms
2020-07-14 11:10:12.369  INFO 14616 --- [XNIO-1 task-57] com.zaxxer.hikari.HikariDataSource       : HikariPool-1 - Starting...
2020-07-14 11:10:12.485  INFO 14616 --- [XNIO-1 task-57] com.zaxxer.hikari.HikariDataSource       : HikariPool-1 - Start completed.
2020-07-14 11:10:12.491 DEBUG 14616 --- [XNIO-1 task-57] r.c.a.e.r.UserMapper.getUserByUserName   : ==>  Preparing: select id, user_uuid, user_name, password, real_name, age, sex, birth_day, user_level, phone, role, status, image_path, create_time, modify_time, last_active_time, deleted, wx_open_id from t_user where deleted=0 and user_name=? limit 1 
2020-07-14 11:10:12.513 DEBUG 14616 --- [XNIO-1 task-57] r.c.a.e.r.UserMapper.getUserByUserName   : ==> Parameters: admin(String)
2020-07-14 11:10:12.532 DEBUG 14616 --- [XNIO-1 task-57] r.c.a.e.r.UserMapper.getUserByUserName   : <==      Total: 1
2020-07-14 11:10:12.840 DEBUG 14616 --- [XNIO-1 task-57] r.c.a.e.r.U.insertSelective              : ==>  Preparing: insert into t_user_event_log ( user_id, user_name, real_name, content, create_time ) values ( ?, ?, ?, ?, ? ) 
2020-07-14 11:10:12.842 DEBUG 14616 --- [XNIO-1 task-57] r.c.a.e.r.U.insertSelective              : ==> Parameters: 2(Integer), admin(String), 管理员(String), admin 登录了学之思考试系统(String), 2020-07-14 11:10:12.825(Timestamp)
2020-07-14 11:10:12.853 DEBUG 14616 --- [XNIO-1 task-57] r.c.a.e.r.U.insertSelective              : <==    Updates: 1
2020-07-14 11:10:12.973 DEBUG 14616 --- [XNIO-1 task-58] r.c.a.e.r.E.selectAllCount               : ==>  Preparing: SELECT count(*) from t_exam_paper where deleted=0 
2020-07-14 11:10:12.973 DEBUG 14616 --- [XNIO-1 task-58] r.c.a.e.r.E.selectAllCount               : ==> Parameters: 
2020-07-14 11:10:12.978 DEBUG 14616 --- [XNIO-1 task-58] r.c.a.e.r.E.selectAllCount               : <==      Total: 1
2020-07-14 11:10:12.979 DEBUG 14616 --- [XNIO-1 task-58] r.c.a.e.r.QuestionMapper.selectAllCount  : ==>  Preparing: SELECT count(*) from t_question where deleted=0 
2020-07-14 11:10:12.980 DEBUG 14616 --- [XNIO-1 task-58] r.c.a.e.r.QuestionMapper.selectAllCount  : ==> Parameters: 
2020-07-14 11:10:12.983 DEBUG 14616 --- [XNIO-1 task-58] r.c.a.e.r.QuestionMapper.selectAllCount  : <==      Total: 1
2020-07-14 11:10:12.984 DEBUG 14616 --- [XNIO-1 task-58] r.c.a.e.r.E.selectAllCount               : ==>  Preparing: SELECT count(*) from t_exam_paper_answer 
2020-07-14 11:10:12.985 DEBUG 14616 --- [XNIO-1 task-58] r.c.a.e.r.E.selectAllCount               : ==> Parameters: 
2020-07-14 11:10:12.990 DEBUG 14616 --- [XNIO-1 task-58] r.c.a.e.r.E.selectAllCount               : <==      Total: 1
2020-07-14 11:10:12.991 DEBUG 14616 --- [XNIO-1 task-58] r.c.a.e.r.E.selectAllCount               : ==>  Preparing: SELECT count(*) from t_exam_paper_question_customer_answer 
2020-07-14 11:10:12.992 DEBUG 14616 --- [XNIO-1 task-58] r.c.a.e.r.E.selectAllCount               : ==> Parameters: 
2020-07-14 11:10:12.998 DEBUG 14616 --- [XNIO-1 task-58] r.c.a.e.r.E.selectAllCount               : <==      Total: 1
2020-07-14 11:10:13.002 DEBUG 14616 --- [XNIO-1 task-58] r.c.a.e.r.U.selectCountByDate            : ==>  Preparing: SELECT create_time as name,COUNT(create_time) as value from ( SELECT DATE_FORMAT(create_time,'%Y-%m-%d') as create_time from t_user_event_log WHERE create_time between ? and ? ) a GROUP BY create_time 
2020-07-14 11:10:13.003 DEBUG 14616 --- [XNIO-1 task-58] r.c.a.e.r.U.selectCountByDate            : ==> Parameters: 2020-07-01 00:00:00.0(Timestamp), 2020-07-31 23:59:59.0(Timestamp)
2020-07-14 11:10:13.005 DEBUG 14616 --- [XNIO-1 task-58] r.c.a.e.r.U.selectCountByDate            : <==      Total: 3
2020-07-14 11:10:13.008 DEBUG 14616 --- [XNIO-1 task-58] r.c.a.e.r.E.selectCountByDate            : ==>  Preparing: SELECT create_time as name,COUNT(create_time) as value from ( SELECT DATE_FORMAT(create_time,'%Y-%m-%d') as create_time from t_exam_paper_question_customer_answer WHERE create_time between ? and ? ) a GROUP BY create_time 
2020-07-14 11:10:13.008 DEBUG 14616 --- [XNIO-1 task-58] r.c.a.e.r.E.selectCountByDate            : ==> Parameters: 2020-07-01 00:00:00.0(Timestamp), 2020-07-31 23:59:59.0(Timestamp)
2020-07-14 11:10:13.010 DEBUG 14616 --- [XNIO-1 task-58] r.c.a.e.r.E.selectCountByDate            : <==      Total: 0
2020-07-14 11:10:27.375 DEBUG 14616 --- [XNIO-1 task-59] r.c.a.e.r.SubjectMapper.allSubject       : ==>  Preparing: select id, name, level, level_name, item_order, deleted from t_subject WHERE deleted=0 
2020-07-14 11:10:27.376 DEBUG 14616 --- [XNIO-1 task-59] r.c.a.e.r.SubjectMapper.allSubject       : ==> Parameters: 
2020-07-14 11:10:27.381 DEBUG 14616 --- [XNIO-1 task-59] r.c.a.e.r.SubjectMapper.allSubject       : <==      Total: 1
2020-07-14 11:10:27.419 DEBUG 14616 --- [XNIO-1 task-60] r.c.a.e.r.ExamPaperMapper.page_COUNT     : ==>  Preparing: SELECT count(0) FROM t_exam_paper WHERE deleted = 0 
2020-07-14 11:10:27.419 DEBUG 14616 --- [XNIO-1 task-60] r.c.a.e.r.ExamPaperMapper.page_COUNT     : ==> Parameters: 
2020-07-14 11:10:27.421 DEBUG 14616 --- [XNIO-1 task-60] r.c.a.e.r.ExamPaperMapper.page_COUNT     : <==      Total: 1
2020-07-14 11:10:44.269 DEBUG 14616 --- [XNIO-1 task-61] r.c.a.e.r.SubjectMapper.allSubject       : ==>  Preparing: select id, name, level, level_name, item_order, deleted from t_subject WHERE deleted=0 
2020-07-14 11:10:44.270 DEBUG 14616 --- [XNIO-1 task-61] r.c.a.e.r.SubjectMapper.allSubject       : ==> Parameters: 
2020-07-14 11:10:44.271 DEBUG 14616 --- [XNIO-1 task-61] r.c.a.e.r.SubjectMapper.allSubject       : <==      Total: 1
2020-07-14 11:10:44.274 DEBUG 14616 --- [XNIO-1 task-62] r.c.a.e.r.QuestionMapper.page_COUNT      : ==>  Preparing: SELECT count(0) FROM t_question WHERE deleted = 0 
2020-07-14 11:10:44.275 DEBUG 14616 --- [XNIO-1 task-62] r.c.a.e.r.QuestionMapper.page_COUNT      : ==> Parameters: 
2020-07-14 11:10:44.276 DEBUG 14616 --- [XNIO-1 task-62] r.c.a.e.r.QuestionMapper.page_COUNT      : <==      Total: 1
2020-07-14 11:10:49.565 DEBUG 14616 --- [XNIO-1 task-63] r.c.a.e.r.SubjectMapper.allSubject       : ==>  Preparing: select id, name, level, level_name, item_order, deleted from t_subject WHERE deleted=0 
2020-07-14 11:10:49.565 DEBUG 14616 --- [XNIO-1 task-63] r.c.a.e.r.SubjectMapper.allSubject       : ==> Parameters: 
2020-07-14 11:10:49.568 DEBUG 14616 --- [XNIO-1 task-64] r.c.a.e.r.ExamPaperMapper.page_COUNT     : ==>  Preparing: SELECT count(0) FROM t_exam_paper WHERE deleted = 0 
2020-07-14 11:10:49.568 DEBUG 14616 --- [XNIO-1 task-63] r.c.a.e.r.SubjectMapper.allSubject       : <==      Total: 1
2020-07-14 11:10:49.568 DEBUG 14616 --- [XNIO-1 task-64] r.c.a.e.r.ExamPaperMapper.page_COUNT     : ==> Parameters: 
2020-07-14 11:10:49.569 DEBUG 14616 --- [XNIO-1 task-64] r.c.a.e.r.ExamPaperMapper.page_COUNT     : <==      Total: 1
2020-07-14 11:10:51.874 DEBUG 14616 --- [XNIO-1 task-65] r.c.a.e.r.SubjectMapper.allSubject       : ==>  Preparing: select id, name, level, level_name, item_order, deleted from t_subject WHERE deleted=0 
2020-07-14 11:10:51.874 DEBUG 14616 --- [XNIO-1 task-65] r.c.a.e.r.SubjectMapper.allSubject       : ==> Parameters: 
2020-07-14 11:10:51.876 DEBUG 14616 --- [XNIO-1 task-65] r.c.a.e.r.SubjectMapper.allSubject       : <==      Total: 1
2020-07-14 11:24:00.101  WARN 14616 --- [HikariPool-1 housekeeper] com.zaxxer.hikari.pool.HikariPool        : HikariPool-1 - Thread starvation or clock leap detected (housekeeper delta=5m17s495ms645µs).
2020-07-14 11:40:05.948 DEBUG 14616 --- [XNIO-1 task-66] r.c.a.e.r.TaskExamMapper.page_COUNT      : ==>  Preparing: SELECT count(0) FROM t_task_exam WHERE deleted = 0 
2020-07-14 11:40:05.949 DEBUG 14616 --- [XNIO-1 task-66] r.c.a.e.r.TaskExamMapper.page_COUNT      : ==> Parameters: 
2020-07-14 11:40:05.954 DEBUG 14616 --- [XNIO-1 task-66] r.c.a.e.r.TaskExamMapper.page_COUNT      : <==      Total: 1
2020-07-14 11:40:08.996 DEBUG 14616 --- [XNIO-1 task-67] r.c.a.e.r.SubjectMapper.allSubject       : ==>  Preparing: select id, name, level, level_name, item_order, deleted from t_subject WHERE deleted=0 
2020-07-14 11:40:08.997 DEBUG 14616 --- [XNIO-1 task-67] r.c.a.e.r.SubjectMapper.allSubject       : ==> Parameters: 
2020-07-14 11:40:08.999 DEBUG 14616 --- [XNIO-1 task-67] r.c.a.e.r.SubjectMapper.allSubject       : <==      Total: 1
2020-07-14 11:40:16.333 DEBUG 14616 --- [XNIO-1 task-68] r.c.a.e.r.E.taskExamPage_COUNT           : ==>  Preparing: SELECT count(0) FROM t_exam_paper WHERE deleted = 0 
2020-07-14 11:40:16.333 DEBUG 14616 --- [XNIO-1 task-68] r.c.a.e.r.E.taskExamPage_COUNT           : ==> Parameters: 
2020-07-14 11:40:16.334 DEBUG 14616 --- [XNIO-1 task-68] r.c.a.e.r.E.taskExamPage_COUNT           : <==      Total: 1
2020-07-14 11:40:45.819 DEBUG 14616 --- [XNIO-1 task-69] r.c.a.e.r.E.taskExamPage_COUNT           : ==>  Preparing: SELECT count(0) FROM t_exam_paper WHERE deleted = 0 
2020-07-14 11:40:45.819 DEBUG 14616 --- [XNIO-1 task-69] r.c.a.e.r.E.taskExamPage_COUNT           : ==> Parameters: 
2020-07-14 11:40:45.820 DEBUG 14616 --- [XNIO-1 task-69] r.c.a.e.r.E.taskExamPage_COUNT           : <==      Total: 1
2020-07-14 11:41:56.031 DEBUG 14616 --- [XNIO-1 task-70] r.c.a.e.r.SubjectMapper.allSubject       : ==>  Preparing: select id, name, level, level_name, item_order, deleted from t_subject WHERE deleted=0 
2020-07-14 11:41:56.031 DEBUG 14616 --- [XNIO-1 task-70] r.c.a.e.r.SubjectMapper.allSubject       : ==> Parameters: 
2020-07-14 11:41:56.034 DEBUG 14616 --- [XNIO-1 task-71] r.c.a.e.r.ExamPaperMapper.page_COUNT     : ==>  Preparing: SELECT count(0) FROM t_exam_paper WHERE deleted = 0 
2020-07-14 11:41:56.034 DEBUG 14616 --- [XNIO-1 task-70] r.c.a.e.r.SubjectMapper.allSubject       : <==      Total: 1
2020-07-14 11:41:56.034 DEBUG 14616 --- [XNIO-1 task-71] r.c.a.e.r.ExamPaperMapper.page_COUNT     : ==> Parameters: 
2020-07-14 11:41:56.037 DEBUG 14616 --- [XNIO-1 task-71] r.c.a.e.r.ExamPaperMapper.page_COUNT     : <==      Total: 1
2020-07-14 11:41:57.782 DEBUG 14616 --- [XNIO-1 task-72] r.c.a.e.r.SubjectMapper.allSubject       : ==>  Preparing: select id, name, level, level_name, item_order, deleted from t_subject WHERE deleted=0 
2020-07-14 11:41:57.782 DEBUG 14616 --- [XNIO-1 task-72] r.c.a.e.r.SubjectMapper.allSubject       : ==> Parameters: 
2020-07-14 11:41:57.783 DEBUG 14616 --- [XNIO-1 task-72] r.c.a.e.r.SubjectMapper.allSubject       : <==      Total: 1
2020-07-14 12:55:16.471  WARN 14616 --- [HikariPool-1 housekeeper] com.zaxxer.hikari.pool.HikariPool        : HikariPool-1 - Thread starvation or clock leap detected (housekeeper delta=11m16s211ms224µs400ns).
2020-07-14 13:19:59.412 DEBUG 14616 --- [XNIO-1 task-75] r.c.a.e.r.E.selectAllCount               : ==>  Preparing: SELECT count(*) from t_exam_paper where deleted=0 
2020-07-14 13:19:59.412 DEBUG 14616 --- [XNIO-1 task-75] r.c.a.e.r.E.selectAllCount               : ==> Parameters: 
2020-07-14 13:19:59.414 DEBUG 14616 --- [XNIO-1 task-75] r.c.a.e.r.E.selectAllCount               : <==      Total: 1
2020-07-14 13:19:59.415 DEBUG 14616 --- [XNIO-1 task-75] r.c.a.e.r.QuestionMapper.selectAllCount  : ==>  Preparing: SELECT count(*) from t_question where deleted=0 
2020-07-14 13:19:59.415 DEBUG 14616 --- [XNIO-1 task-75] r.c.a.e.r.QuestionMapper.selectAllCount  : ==> Parameters: 
2020-07-14 13:19:59.416 DEBUG 14616 --- [XNIO-1 task-75] r.c.a.e.r.QuestionMapper.selectAllCount  : <==      Total: 1
2020-07-14 13:19:59.417 DEBUG 14616 --- [XNIO-1 task-75] r.c.a.e.r.E.selectAllCount               : ==>  Preparing: SELECT count(*) from t_exam_paper_answer 
2020-07-14 13:19:59.417 DEBUG 14616 --- [XNIO-1 task-75] r.c.a.e.r.E.selectAllCount               : ==> Parameters: 
2020-07-14 13:19:59.418 DEBUG 14616 --- [XNIO-1 task-75] r.c.a.e.r.E.selectAllCount               : <==      Total: 1
2020-07-14 13:19:59.419 DEBUG 14616 --- [XNIO-1 task-75] r.c.a.e.r.E.selectAllCount               : ==>  Preparing: SELECT count(*) from t_exam_paper_question_customer_answer 
2020-07-14 13:19:59.419 DEBUG 14616 --- [XNIO-1 task-75] r.c.a.e.r.E.selectAllCount               : ==> Parameters: 
2020-07-14 13:19:59.420 DEBUG 14616 --- [XNIO-1 task-75] r.c.a.e.r.E.selectAllCount               : <==      Total: 1
2020-07-14 13:19:59.421 DEBUG 14616 --- [XNIO-1 task-75] r.c.a.e.r.U.selectCountByDate            : ==>  Preparing: SELECT create_time as name,COUNT(create_time) as value from ( SELECT DATE_FORMAT(create_time,'%Y-%m-%d') as create_time from t_user_event_log WHERE create_time between ? and ? ) a GROUP BY create_time 
2020-07-14 13:19:59.422 DEBUG 14616 --- [XNIO-1 task-75] r.c.a.e.r.U.selectCountByDate            : ==> Parameters: 2020-07-01 00:00:00.0(Timestamp), 2020-07-31 23:59:59.0(Timestamp)
2020-07-14 13:19:59.423 DEBUG 14616 --- [XNIO-1 task-75] r.c.a.e.r.U.selectCountByDate            : <==      Total: 3
2020-07-14 13:19:59.424 DEBUG 14616 --- [XNIO-1 task-75] r.c.a.e.r.E.selectCountByDate            : ==>  Preparing: SELECT create_time as name,COUNT(create_time) as value from ( SELECT DATE_FORMAT(create_time,'%Y-%m-%d') as create_time from t_exam_paper_question_customer_answer WHERE create_time between ? and ? ) a GROUP BY create_time 
2020-07-14 13:19:59.425 DEBUG 14616 --- [XNIO-1 task-75] r.c.a.e.r.E.selectCountByDate            : ==> Parameters: 2020-07-01 00:00:00.0(Timestamp), 2020-07-31 23:59:59.0(Timestamp)
2020-07-14 13:19:59.426 DEBUG 14616 --- [XNIO-1 task-75] r.c.a.e.r.E.selectCountByDate            : <==      Total: 0
2020-07-14 13:20:09.785 DEBUG 14616 --- [XNIO-1 task-76] r.c.a.e.r.SubjectMapper.allSubject       : ==>  Preparing: select id, name, level, level_name, item_order, deleted from t_subject WHERE deleted=0 
2020-07-14 13:20:09.786 DEBUG 14616 --- [XNIO-1 task-76] r.c.a.e.r.SubjectMapper.allSubject       : ==> Parameters: 
2020-07-14 13:20:09.787 DEBUG 14616 --- [XNIO-1 task-76] r.c.a.e.r.SubjectMapper.allSubject       : <==      Total: 1
2020-07-14 13:20:09.792 DEBUG 14616 --- [XNIO-1 task-77] r.c.a.e.r.QuestionMapper.page_COUNT      : ==>  Preparing: SELECT count(0) FROM t_question WHERE deleted = 0 
2020-07-14 13:20:09.792 DEBUG 14616 --- [XNIO-1 task-77] r.c.a.e.r.QuestionMapper.page_COUNT      : ==> Parameters: 
2020-07-14 13:20:09.793 DEBUG 14616 --- [XNIO-1 task-77] r.c.a.e.r.QuestionMapper.page_COUNT      : <==      Total: 1
2020-07-14 13:20:24.064 DEBUG 14616 --- [XNIO-1 task-78] r.c.a.e.r.SubjectMapper.allSubject       : ==>  Preparing: select id, name, level, level_name, item_order, deleted from t_subject WHERE deleted=0 
2020-07-14 13:20:24.064 DEBUG 14616 --- [XNIO-1 task-78] r.c.a.e.r.SubjectMapper.allSubject       : ==> Parameters: 
2020-07-14 13:20:24.065 DEBUG 14616 --- [XNIO-1 task-78] r.c.a.e.r.SubjectMapper.allSubject       : <==      Total: 1
2020-07-14 13:21:38.842 DEBUG 14616 --- [XNIO-1 task-93] r.c.a.e.r.S.selectByPrimaryKey           : ==>  Preparing: select id, name, level, level_name, item_order, deleted from t_subject where id = ? 
2020-07-14 13:21:38.842 DEBUG 14616 --- [XNIO-1 task-93] r.c.a.e.r.S.selectByPrimaryKey           : ==> Parameters: 1(Integer)
2020-07-14 13:21:38.843 DEBUG 14616 --- [XNIO-1 task-93] r.c.a.e.r.S.selectByPrimaryKey           : <==      Total: 1
2020-07-14 13:21:38.849 DEBUG 14616 --- [XNIO-1 task-93] r.c.a.e.r.T.insertSelective              : ==>  Preparing: insert into t_text_content ( content, create_time ) values ( ?, ? ) 
2020-07-14 13:21:38.850 DEBUG 14616 --- [XNIO-1 task-93] r.c.a.e.r.T.insertSelective              : ==> Parameters: {"titleContent":"你说是不是","analyze":"当然是啦","questionItemObjects":[{"prefix":"A","content":"是","score":null},{"prefix":"B","content":"yes","score":null},{"prefix":"C","content":"不是","score":null},{"prefix":"D","content":"no","score":null}],"correct":"A"}(String), 2020-07-14 13:21:38.84(Timestamp)
2020-07-14 13:21:38.864 DEBUG 14616 --- [XNIO-1 task-93] r.c.a.e.r.T.insertSelective              : <==    Updates: 1
2020-07-14 13:21:38.866 DEBUG 14616 --- [XNIO-1 task-93] r.c.a.e.r.Q.insertSelective              : ==>  Preparing: insert into t_question ( question_type, subject_id, score, grade_level, difficult, correct, info_text_content_id, create_user, status, create_time, deleted ) values ( ?, ?, ?, ?, ?, ?, ?, ?, ?, ?, ? ) 
2020-07-14 13:21:38.868 DEBUG 14616 --- [XNIO-1 task-93] r.c.a.e.r.Q.insertSelective              : ==> Parameters: 1(Integer), 1(Integer), 10(Integer), 1(Integer), 1(Integer), A(String), 1(Integer), 2(Integer), 1(Integer), 2020-07-14 13:21:38.84(Timestamp), false(Boolean)
2020-07-14 13:21:38.869 DEBUG 14616 --- [XNIO-1 task-93] r.c.a.e.r.Q.insertSelective              : <==    Updates: 1
2020-07-14 13:21:39.513 DEBUG 14616 --- [XNIO-1 task-94] r.c.a.e.r.SubjectMapper.allSubject       : ==>  Preparing: select id, name, level, level_name, item_order, deleted from t_subject WHERE deleted=0 
2020-07-14 13:21:39.513 DEBUG 14616 --- [XNIO-1 task-94] r.c.a.e.r.SubjectMapper.allSubject       : ==> Parameters: 
2020-07-14 13:21:39.514 DEBUG 14616 --- [XNIO-1 task-94] r.c.a.e.r.SubjectMapper.allSubject       : <==      Total: 1
2020-07-14 13:21:39.515 DEBUG 14616 --- [XNIO-1 task-95] r.c.a.e.r.QuestionMapper.page_COUNT      : ==>  Preparing: SELECT count(0) FROM t_question WHERE deleted = 0 
2020-07-14 13:21:39.516 DEBUG 14616 --- [XNIO-1 task-95] r.c.a.e.r.QuestionMapper.page_COUNT      : ==> Parameters: 
2020-07-14 13:21:39.516 DEBUG 14616 --- [XNIO-1 task-95] r.c.a.e.r.QuestionMapper.page_COUNT      : <==      Total: 1
2020-07-14 13:21:39.520 DEBUG 14616 --- [XNIO-1 task-95] r.c.a.e.repository.QuestionMapper.page   : ==>  Preparing: SELECT id, question_type, subject_id, score, grade_level, difficult, correct, info_text_content_id, create_user, status, create_time, deleted FROM t_question WHERE deleted = 0 order by id desc LIMIT ? 
2020-07-14 13:21:39.521 DEBUG 14616 --- [XNIO-1 task-95] r.c.a.e.repository.QuestionMapper.page   : ==> Parameters: 10(Integer)
2020-07-14 13:21:39.524 DEBUG 14616 --- [XNIO-1 task-95] r.c.a.e.repository.QuestionMapper.page   : <==      Total: 1
2020-07-14 13:21:39.557 DEBUG 14616 --- [XNIO-1 task-95] r.c.a.e.r.T.selectByPrimaryKey           : ==>  Preparing: select id, content, create_time from t_text_content where id = ? 
2020-07-14 13:21:39.558 DEBUG 14616 --- [XNIO-1 task-95] r.c.a.e.r.T.selectByPrimaryKey           : ==> Parameters: 1(Integer)
2020-07-14 13:21:39.559 DEBUG 14616 --- [XNIO-1 task-95] r.c.a.e.r.T.selectByPrimaryKey           : <==      Total: 1
2020-07-14 14:33:05.920  WARN 14616 --- [HikariPool-1 housekeeper] com.zaxxer.hikari.pool.HikariPool        : HikariPool-1 - Thread starvation or clock leap detected (housekeeper delta=2m49s274ms818µs200ns).
2020-07-14 14:34:22.643 DEBUG 14616 --- [XNIO-1 task-96] r.c.a.e.r.Q.selectByPrimaryKey           : ==>  Preparing: select id, question_type, subject_id, score, grade_level, difficult, correct, info_text_content_id, create_user, status, create_time, deleted from t_question where id = ? 
2020-07-14 14:34:22.643 DEBUG 14616 --- [XNIO-1 task-96] r.c.a.e.r.Q.selectByPrimaryKey           : ==> Parameters: 1(Integer)
2020-07-14 14:34:22.645 DEBUG 14616 --- [XNIO-1 task-96] r.c.a.e.r.Q.selectByPrimaryKey           : <==      Total: 1
2020-07-14 14:35:06.731 DEBUG 14616 --- [XNIO-1 task-97] r.c.a.e.r.SubjectMapper.allSubject       : ==>  Preparing: select id, name, level, level_name, item_order, deleted from t_subject WHERE deleted=0 
2020-07-14 14:35:06.731 DEBUG 14616 --- [XNIO-1 task-97] r.c.a.e.r.SubjectMapper.allSubject       : ==> Parameters: 
2020-07-14 14:35:06.732 DEBUG 14616 --- [XNIO-1 task-97] r.c.a.e.r.SubjectMapper.allSubject       : <==      Total: 1
2020-07-14 14:36:00.933 DEBUG 14616 --- [XNIO-1 task-104] r.c.a.e.r.S.selectByPrimaryKey           : ==>  Preparing: select id, name, level, level_name, item_order, deleted from t_subject where id = ? 
2020-07-14 14:36:00.933 DEBUG 14616 --- [XNIO-1 task-104] r.c.a.e.r.S.selectByPrimaryKey           : ==> Parameters: 1(Integer)
2020-07-14 14:36:00.934 DEBUG 14616 --- [XNIO-1 task-104] r.c.a.e.r.S.selectByPrimaryKey           : <==      Total: 1
2020-07-14 14:36:00.936 DEBUG 14616 --- [XNIO-1 task-104] r.c.a.e.r.T.insertSelective              : ==>  Preparing: insert into t_text_content ( content, create_time ) values ( ?, ? ) 
2020-07-14 14:36:00.936 DEBUG 14616 --- [XNIO-1 task-104] r.c.a.e.r.T.insertSelective              : ==> Parameters: {"titleContent":"come on？","analyze":"44444","questionItemObjects":[{"prefix":"A","content":"111111","score":null},{"prefix":"B","content":"22222","score":null},{"prefix":"C","content":"33333","score":null},{"prefix":"D","content":"55555","score":null}],"correct":"A"}(String), 2020-07-14 14:36:00.932(Timestamp)
2020-07-14 14:36:00.938 DEBUG 14616 --- [XNIO-1 task-104] r.c.a.e.r.T.insertSelective              : <==    Updates: 1
2020-07-14 14:36:00.939 DEBUG 14616 --- [XNIO-1 task-104] r.c.a.e.r.Q.insertSelective              : ==>  Preparing: insert into t_question ( question_type, subject_id, score, grade_level, difficult, correct, info_text_content_id, create_user, status, create_time, deleted ) values ( ?, ?, ?, ?, ?, ?, ?, ?, ?, ?, ? ) 
2020-07-14 14:36:00.940 DEBUG 14616 --- [XNIO-1 task-104] r.c.a.e.r.Q.insertSelective              : ==> Parameters: 1(Integer), 1(Integer), 10(Integer), 1(Integer), 5(Integer), A(String), 2(Integer), 2(Integer), 1(Integer), 2020-07-14 14:36:00.932(Timestamp), false(Boolean)
2020-07-14 14:36:00.941 DEBUG 14616 --- [XNIO-1 task-104] r.c.a.e.r.Q.insertSelective              : <==    Updates: 1
2020-07-14 14:36:01.572 DEBUG 14616 --- [XNIO-1 task-105] r.c.a.e.r.SubjectMapper.allSubject       : ==>  Preparing: select id, name, level, level_name, item_order, deleted from t_subject WHERE deleted=0 
2020-07-14 14:36:01.573 DEBUG 14616 --- [XNIO-1 task-105] r.c.a.e.r.SubjectMapper.allSubject       : ==> Parameters: 
2020-07-14 14:36:01.574 DEBUG 14616 --- [XNIO-1 task-105] r.c.a.e.r.SubjectMapper.allSubject       : <==      Total: 1
2020-07-14 14:36:01.575 DEBUG 14616 --- [XNIO-1 task-106] r.c.a.e.r.QuestionMapper.page_COUNT      : ==>  Preparing: SELECT count(0) FROM t_question WHERE deleted = 0 
2020-07-14 14:36:01.575 DEBUG 14616 --- [XNIO-1 task-106] r.c.a.e.r.QuestionMapper.page_COUNT      : ==> Parameters: 
2020-07-14 14:36:01.576 DEBUG 14616 --- [XNIO-1 task-106] r.c.a.e.r.QuestionMapper.page_COUNT      : <==      Total: 1
2020-07-14 14:36:01.577 DEBUG 14616 --- [XNIO-1 task-106] r.c.a.e.repository.QuestionMapper.page   : ==>  Preparing: SELECT id, question_type, subject_id, score, grade_level, difficult, correct, info_text_content_id, create_user, status, create_time, deleted FROM t_question WHERE deleted = 0 order by id desc LIMIT ? 
2020-07-14 14:36:01.578 DEBUG 14616 --- [XNIO-1 task-106] r.c.a.e.repository.QuestionMapper.page   : ==> Parameters: 10(Integer)
2020-07-14 14:36:01.579 DEBUG 14616 --- [XNIO-1 task-106] r.c.a.e.repository.QuestionMapper.page   : <==      Total: 2
2020-07-14 14:36:01.581 DEBUG 14616 --- [XNIO-1 task-106] r.c.a.e.r.T.selectByPrimaryKey           : ==>  Preparing: select id, content, create_time from t_text_content where id = ? 
2020-07-14 14:36:01.582 DEBUG 14616 --- [XNIO-1 task-106] r.c.a.e.r.T.selectByPrimaryKey           : ==> Parameters: 2(Integer)
2020-07-14 14:36:01.582 DEBUG 14616 --- [XNIO-1 task-106] r.c.a.e.r.T.selectByPrimaryKey           : <==      Total: 1
2020-07-14 14:36:04.379 DEBUG 14616 --- [XNIO-1 task-107] r.c.a.e.r.Q.selectByPrimaryKey           : ==>  Preparing: select id, question_type, subject_id, score, grade_level, difficult, correct, info_text_content_id, create_user, status, create_time, deleted from t_question where id = ? 
2020-07-14 14:36:04.379 DEBUG 14616 --- [XNIO-1 task-107] r.c.a.e.r.Q.selectByPrimaryKey           : ==> Parameters: 1(Integer)
2020-07-14 14:36:04.380 DEBUG 14616 --- [XNIO-1 task-107] r.c.a.e.r.Q.selectByPrimaryKey           : <==      Total: 1
2020-07-14 14:36:09.044 DEBUG 14616 --- [XNIO-1 task-108] r.c.a.e.r.Q.selectByPrimaryKey           : ==>  Preparing: select id, question_type, subject_id, score, grade_level, difficult, correct, info_text_content_id, create_user, status, create_time, deleted from t_question where id = ? 
2020-07-14 14:36:09.045 DEBUG 14616 --- [XNIO-1 task-108] r.c.a.e.r.Q.selectByPrimaryKey           : ==> Parameters: 2(Integer)
2020-07-14 14:36:09.046 DEBUG 14616 --- [XNIO-1 task-108] r.c.a.e.r.Q.selectByPrimaryKey           : <==      Total: 1
2020-07-14 14:36:20.869 DEBUG 14616 --- [XNIO-1 task-109] r.c.a.e.r.SubjectMapper.allSubject       : ==>  Preparing: select id, name, level, level_name, item_order, deleted from t_subject WHERE deleted=0 
2020-07-14 14:36:20.869 DEBUG 14616 --- [XNIO-1 task-109] r.c.a.e.r.SubjectMapper.allSubject       : ==> Parameters: 
2020-07-14 14:36:20.870 DEBUG 14616 --- [XNIO-1 task-109] r.c.a.e.r.SubjectMapper.allSubject       : <==      Total: 1
2020-07-14 14:36:20.872 DEBUG 14616 --- [XNIO-1 task-110] r.c.a.e.r.Q.selectByPrimaryKey           : ==>  Preparing: select id, question_type, subject_id, score, grade_level, difficult, correct, info_text_content_id, create_user, status, create_time, deleted from t_question where id = ? 
2020-07-14 14:36:20.872 DEBUG 14616 --- [XNIO-1 task-110] r.c.a.e.r.Q.selectByPrimaryKey           : ==> Parameters: 1(Integer)
2020-07-14 14:36:20.874 DEBUG 14616 --- [XNIO-1 task-110] r.c.a.e.r.Q.selectByPrimaryKey           : <==      Total: 1
2020-07-14 14:36:31.317 ERROR 14616 --- [XNIO-1 task-111] c.a.e.c.s.exception.ExceptionHandle      : Request method 'GET' not supported

org.springframework.web.HttpRequestMethodNotSupportedException: Request method 'GET' not supported
	at org.springframework.web.servlet.mvc.method.RequestMappingInfoHandlerMapping.handleNoMatch(RequestMappingInfoHandlerMapping.java:200)
	at org.springframework.web.servlet.handler.AbstractHandlerMethodMapping.lookupHandlerMethod(AbstractHandlerMethodMapping.java:419)
	at org.springframework.web.servlet.handler.AbstractHandlerMethodMapping.getHandlerInternal(AbstractHandlerMethodMapping.java:365)
	at org.springframework.web.servlet.handler.AbstractHandlerMethodMapping.getHandlerInternal(AbstractHandlerMethodMapping.java:65)
	at org.springframework.web.servlet.handler.AbstractHandlerMapping.getHandler(AbstractHandlerMapping.java:401)
	at org.springframework.web.servlet.DispatcherServlet.getHandler(DispatcherServlet.java:1232)
	at org.springframework.web.servlet.DispatcherServlet.doDispatch(DispatcherServlet.java:1015)
	at org.springframework.web.servlet.DispatcherServlet.doService(DispatcherServlet.java:942)
	at org.springframework.web.servlet.FrameworkServlet.processRequest(FrameworkServlet.java:1005)
	at org.springframework.web.servlet.FrameworkServlet.doGet(FrameworkServlet.java:897)
	at javax.servlet.http.HttpServlet.service(HttpServlet.java:645)
	at org.springframework.web.servlet.FrameworkServlet.service(FrameworkServlet.java:882)
	at javax.servlet.http.HttpServlet.service(HttpServlet.java:750)
	at io.undertow.servlet.handlers.ServletHandler.handleRequest(ServletHandler.java:74)
	at io.undertow.servlet.handlers.FilterHandler$FilterChainImpl.doFilter(FilterHandler.java:129)
	at org.springframework.security.web.authentication.AbstractAuthenticationProcessingFilter.doFilter(AbstractAuthenticationProcessingFilter.java:200)
	at io.undertow.servlet.core.ManagedFilter.doFilter(ManagedFilter.java:61)
	at io.undertow.servlet.handlers.FilterHandler$FilterChainImpl.doFilter(FilterHandler.java:131)
	at org.springframework.security.web.FilterChainProxy$VirtualFilterChain.doFilter(FilterChainProxy.java:320)
	at org.springframework.security.web.access.intercept.FilterSecurityInterceptor.invoke(FilterSecurityInterceptor.java:127)
	at org.springframework.security.web.access.intercept.FilterSecurityInterceptor.doFilter(FilterSecurityInterceptor.java:91)
	at org.springframework.security.web.FilterChainProxy$VirtualFilterChain.doFilter(FilterChainProxy.java:334)
	at org.springframework.security.web.access.ExceptionTranslationFilter.doFilter(ExceptionTranslationFilter.java:119)
	at org.springframework.security.web.FilterChainProxy$VirtualFilterChain.doFilter(FilterChainProxy.java:334)
	at org.springframework.security.web.session.SessionManagementFilter.doFilter(SessionManagementFilter.java:137)
	at org.springframework.security.web.FilterChainProxy$VirtualFilterChain.doFilter(FilterChainProxy.java:334)
	at org.springframework.security.web.authentication.AnonymousAuthenticationFilter.doFilter(AnonymousAuthenticationFilter.java:111)
	at org.springframework.security.web.FilterChainProxy$VirtualFilterChain.doFilter(FilterChainProxy.java:334)
	at org.springframework.security.web.authentication.rememberme.RememberMeAuthenticationFilter.doFilter(RememberMeAuthenticationFilter.java:158)
	at org.springframework.security.web.FilterChainProxy$VirtualFilterChain.doFilter(FilterChainProxy.java:334)
	at org.springframework.security.web.servletapi.SecurityContextHolderAwareRequestFilter.doFilter(SecurityContextHolderAwareRequestFilter.java:170)
	at org.springframework.security.web.FilterChainProxy$VirtualFilterChain.doFilter(FilterChainProxy.java:334)
	at org.springframework.security.web.savedrequest.RequestCacheAwareFilter.doFilter(RequestCacheAwareFilter.java:63)
	at org.springframework.security.web.FilterChainProxy$VirtualFilterChain.doFilter(FilterChainProxy.java:334)
	at org.springframework.security.web.authentication.AbstractAuthenticationProcessingFilter.doFilter(AbstractAuthenticationProcessingFilter.java:200)
	at org.springframework.security.web.FilterChainProxy$VirtualFilterChain.doFilter(FilterChainProxy.java:334)
	at org.springframework.security.web.authentication.AbstractAuthenticationProcessingFilter.doFilter(AbstractAuthenticationProcessingFilter.java:200)
	at org.springframework.security.web.FilterChainProxy$VirtualFilterChain.doFilter(FilterChainProxy.java:334)
	at org.springframework.security.web.authentication.logout.LogoutFilter.doFilter(LogoutFilter.java:116)
	at org.springframework.security.web.FilterChainProxy$VirtualFilterChain.doFilter(FilterChainProxy.java:334)
	at org.springframework.web.filter.CorsFilter.doFilterInternal(CorsFilter.java:96)
	at org.springframework.web.filter.OncePerRequestFilter.doFilter(OncePerRequestFilter.java:109)
	at org.springframework.security.web.FilterChainProxy$VirtualFilterChain.doFilter(FilterChainProxy.java:334)
	at org.springframework.security.web.header.HeaderWriterFilter.doFilterInternal(HeaderWriterFilter.java:74)
	at org.springframework.web.filter.OncePerRequestFilter.doFilter(OncePerRequestFilter.java:109)
	at org.springframework.security.web.FilterChainProxy$VirtualFilterChain.doFilter(FilterChainProxy.java:334)
	at org.springframework.security.web.context.SecurityContextPersistenceFilter.doFilter(SecurityContextPersistenceFilter.java:105)
	at org.springframework.security.web.FilterChainProxy$VirtualFilterChain.doFilter(FilterChainProxy.java:334)
	at org.springframework.security.web.context.request.async.WebAsyncManagerIntegrationFilter.doFilterInternal(WebAsyncManagerIntegrationFilter.java:56)
	at org.springframework.web.filter.OncePerRequestFilter.doFilter(OncePerRequestFilter.java:109)
	at org.springframework.security.web.FilterChainProxy$VirtualFilterChain.doFilter(FilterChainProxy.java:334)
	at org.springframework.security.web.FilterChainProxy.doFilterInternal(FilterChainProxy.java:215)
	at org.springframework.security.web.FilterChainProxy.doFilter(FilterChainProxy.java:178)
	at org.springframework.web.filter.DelegatingFilterProxy.invokeDelegate(DelegatingFilterProxy.java:357)
	at org.springframework.web.filter.DelegatingFilterProxy.doFilter(DelegatingFilterProxy.java:270)
	at io.undertow.servlet.core.ManagedFilter.doFilter(ManagedFilter.java:61)
	at io.undertow.servlet.handlers.FilterHandler$FilterChainImpl.doFilter(FilterHandler.java:131)
	at org.springframework.session.web.http.SessionRepositoryFilter.doFilterInternal(SessionRepositoryFilter.java:151)
	at org.springframework.session.web.http.OncePerRequestFilter.doFilter(OncePerRequestFilter.java:85)
	at io.undertow.servlet.core.ManagedFilter.doFilter(ManagedFilter.java:61)
	at io.undertow.servlet.handlers.FilterHandler$FilterChainImpl.doFilter(FilterHandler.java:131)
	at org.springframework.web.filter.CharacterEncodingFilter.doFilterInternal(CharacterEncodingFilter.java:200)
	at org.springframework.web.filter.OncePerRequestFilter.doFilter(OncePerRequestFilter.java:109)
	at io.undertow.servlet.core.ManagedFilter.doFilter(ManagedFilter.java:61)
	at io.undertow.servlet.handlers.FilterHandler$FilterChainImpl.doFilter(FilterHandler.java:131)
	at io.undertow.servlet.handlers.FilterHandler.handleRequest(FilterHandler.java:84)
	at io.undertow.servlet.handlers.security.ServletSecurityRoleHandler.handleRequest(ServletSecurityRoleHandler.java:62)
	at io.undertow.servlet.handlers.ServletChain$1.handleRequest(ServletChain.java:68)
	at io.undertow.servlet.handlers.ServletDispatchingHandler.handleRequest(ServletDispatchingHandler.java:36)
	at io.undertow.servlet.handlers.security.SSLInformationAssociationHandler.handleRequest(SSLInformationAssociationHandler.java:132)
	at io.undertow.servlet.handlers.security.ServletAuthenticationCallHandler.handleRequest(ServletAuthenticationCallHandler.java:57)
	at io.undertow.server.handlers.PredicateHandler.handleRequest(PredicateHandler.java:43)
	at io.undertow.security.handlers.AbstractConfidentialityHandler.handleRequest(AbstractConfidentialityHandler.java:46)
	at io.undertow.servlet.handlers.security.ServletConfidentialityConstraintHandler.handleRequest(ServletConfidentialityConstraintHandler.java:64)
	at io.undertow.security.handlers.AuthenticationMechanismsHandler.handleRequest(AuthenticationMechanismsHandler.java:60)
	at io.undertow.servlet.handlers.security.CachedAuthenticatedSessionHandler.handleRequest(CachedAuthenticatedSessionHandler.java:77)
	at io.undertow.security.handlers.AbstractSecurityContextAssociationHandler.handleRequest(AbstractSecurityContextAssociationHandler.java:43)
	at io.undertow.server.handlers.PredicateHandler.handleRequest(PredicateHandler.java:43)
	at io.undertow.server.handlers.PredicateHandler.handleRequest(PredicateHandler.java:43)
	at io.undertow.servlet.handlers.SessionRestoringHandler.handleRequest(SessionRestoringHandler.java:119)
	at io.undertow.servlet.handlers.ServletInitialHandler.handleFirstRequest(ServletInitialHandler.java:292)
	at io.undertow.servlet.handlers.ServletInitialHandler.access$100(ServletInitialHandler.java:81)
	at io.undertow.servlet.handlers.ServletInitialHandler$2.call(ServletInitialHandler.java:138)
	at io.undertow.servlet.handlers.ServletInitialHandler$2.call(ServletInitialHandler.java:135)
	at io.undertow.servlet.core.ServletRequestContextThreadSetupAction$1.call(ServletRequestContextThreadSetupAction.java:48)
	at io.undertow.servlet.core.ContextClassLoaderSetupAction$1.call(ContextClassLoaderSetupAction.java:43)
	at io.undertow.servlet.handlers.ServletInitialHandler.dispatchRequest(ServletInitialHandler.java:272)
	at io.undertow.servlet.handlers.ServletInitialHandler.access$000(ServletInitialHandler.java:81)
	at io.undertow.servlet.handlers.ServletInitialHandler$1.handleRequest(ServletInitialHandler.java:104)
	at io.undertow.server.Connectors.executeRootHandler(Connectors.java:364)
	at io.undertow.server.HttpServerExchange$1.run(HttpServerExchange.java:830)
	at java.util.concurrent.ThreadPoolExecutor.runWorker(ThreadPoolExecutor.java:1149)
	at java.util.concurrent.ThreadPoolExecutor$Worker.run(ThreadPoolExecutor.java:624)
	at java.lang.Thread.run(Thread.java:748)

2020-07-14 14:37:45.607 DEBUG 14616 --- [XNIO-1 task-113] r.c.a.e.r.SubjectMapper.allSubject       : ==>  Preparing: select id, name, level, level_name, item_order, deleted from t_subject WHERE deleted=0 
2020-07-14 14:37:45.607 DEBUG 14616 --- [XNIO-1 task-113] r.c.a.e.r.SubjectMapper.allSubject       : ==> Parameters: 
2020-07-14 14:37:45.610 DEBUG 14616 --- [XNIO-1 task-114] r.c.a.e.r.QuestionMapper.page_COUNT      : ==>  Preparing: SELECT count(0) FROM t_question WHERE deleted = 0 
2020-07-14 14:37:45.611 DEBUG 14616 --- [XNIO-1 task-114] r.c.a.e.r.QuestionMapper.page_COUNT      : ==> Parameters: 
2020-07-14 14:37:45.611 DEBUG 14616 --- [XNIO-1 task-113] r.c.a.e.r.SubjectMapper.allSubject       : <==      Total: 1
2020-07-14 14:37:45.611 DEBUG 14616 --- [XNIO-1 task-114] r.c.a.e.r.QuestionMapper.page_COUNT      : <==      Total: 1
2020-07-14 14:37:45.612 DEBUG 14616 --- [XNIO-1 task-114] r.c.a.e.repository.QuestionMapper.page   : ==>  Preparing: SELECT id, question_type, subject_id, score, grade_level, difficult, correct, info_text_content_id, create_user, status, create_time, deleted FROM t_question WHERE deleted = 0 order by id desc LIMIT ? 
2020-07-14 14:37:45.613 DEBUG 14616 --- [XNIO-1 task-114] r.c.a.e.repository.QuestionMapper.page   : ==> Parameters: 10(Integer)
2020-07-14 14:37:45.615 DEBUG 14616 --- [XNIO-1 task-114] r.c.a.e.repository.QuestionMapper.page   : <==      Total: 2
2020-07-14 14:37:48.793 DEBUG 14616 --- [XNIO-1 task-115] r.c.a.e.r.SubjectMapper.allSubject       : ==>  Preparing: select id, name, level, level_name, item_order, deleted from t_subject WHERE deleted=0 
2020-07-14 14:37:48.794 DEBUG 14616 --- [XNIO-1 task-115] r.c.a.e.r.SubjectMapper.allSubject       : ==> Parameters: 
2020-07-14 14:37:48.795 DEBUG 14616 --- [XNIO-1 task-115] r.c.a.e.r.SubjectMapper.allSubject       : <==      Total: 1
2020-07-14 14:37:48.795 DEBUG 14616 --- [XNIO-1 task-116] r.c.a.e.r.Q.selectByPrimaryKey           : ==>  Preparing: select id, question_type, subject_id, score, grade_level, difficult, correct, info_text_content_id, create_user, status, create_time, deleted from t_question where id = ? 
2020-07-14 14:37:48.795 DEBUG 14616 --- [XNIO-1 task-116] r.c.a.e.r.Q.selectByPrimaryKey           : ==> Parameters: 2(Integer)
2020-07-14 14:37:48.797 DEBUG 14616 --- [XNIO-1 task-116] r.c.a.e.r.Q.selectByPrimaryKey           : <==      Total: 1
2020-07-14 14:38:21.845 DEBUG 14616 --- [XNIO-1 task-117] r.c.a.e.r.SubjectMapper.allSubject       : ==>  Preparing: select id, name, level, level_name, item_order, deleted from t_subject WHERE deleted=0 
2020-07-14 14:38:21.845 DEBUG 14616 --- [XNIO-1 task-117] r.c.a.e.r.SubjectMapper.allSubject       : ==> Parameters: 
2020-07-14 14:38:21.846 DEBUG 14616 --- [XNIO-1 task-117] r.c.a.e.r.SubjectMapper.allSubject       : <==      Total: 1
2020-07-14 14:38:21.847 DEBUG 14616 --- [XNIO-1 task-118] r.c.a.e.r.ExamPaperMapper.page_COUNT     : ==>  Preparing: SELECT count(0) FROM t_exam_paper WHERE deleted = 0 
2020-07-14 14:38:21.847 DEBUG 14616 --- [XNIO-1 task-118] r.c.a.e.r.ExamPaperMapper.page_COUNT     : ==> Parameters: 
2020-07-14 14:38:21.848 DEBUG 14616 --- [XNIO-1 task-118] r.c.a.e.r.ExamPaperMapper.page_COUNT     : <==      Total: 1
2020-07-14 14:39:06.891 DEBUG 14616 --- [XNIO-1 task-119] r.c.a.e.r.SubjectMapper.allSubject       : ==>  Preparing: select id, name, level, level_name, item_order, deleted from t_subject WHERE deleted=0 
2020-07-14 14:39:06.891 DEBUG 14616 --- [XNIO-1 task-119] r.c.a.e.r.SubjectMapper.allSubject       : ==> Parameters: 
2020-07-14 14:39:06.892 DEBUG 14616 --- [XNIO-1 task-119] r.c.a.e.r.SubjectMapper.allSubject       : <==      Total: 1
2020-07-14 14:40:56.369 DEBUG 14616 --- [XNIO-1 task-120] r.c.a.e.r.QuestionMapper.page_COUNT      : ==>  Preparing: SELECT count(0) FROM t_question WHERE deleted = 0 AND subject_id = ? 
2020-07-14 14:40:56.369 DEBUG 14616 --- [XNIO-1 task-120] r.c.a.e.r.QuestionMapper.page_COUNT      : ==> Parameters: 1(Integer)
2020-07-14 14:40:56.370 DEBUG 14616 --- [XNIO-1 task-120] r.c.a.e.r.QuestionMapper.page_COUNT      : <==      Total: 1
2020-07-14 14:40:56.372 DEBUG 14616 --- [XNIO-1 task-120] r.c.a.e.repository.QuestionMapper.page   : ==>  Preparing: SELECT id, question_type, subject_id, score, grade_level, difficult, correct, info_text_content_id, create_user, status, create_time, deleted FROM t_question WHERE deleted = 0 AND subject_id = ? order by id desc LIMIT ? 
2020-07-14 14:40:56.372 DEBUG 14616 --- [XNIO-1 task-120] r.c.a.e.repository.QuestionMapper.page   : ==> Parameters: 1(Integer), 5(Integer)
2020-07-14 14:40:56.373 DEBUG 14616 --- [XNIO-1 task-120] r.c.a.e.repository.QuestionMapper.page   : <==      Total: 2
2020-07-14 14:41:03.368 DEBUG 14616 --- [XNIO-1 task-121] r.c.a.e.r.Q.selectByPrimaryKey           : ==>  Preparing: select id, question_type, subject_id, score, grade_level, difficult, correct, info_text_content_id, create_user, status, create_time, deleted from t_question where id = ? 
2020-07-14 14:41:03.368 DEBUG 14616 --- [XNIO-1 task-121] r.c.a.e.r.Q.selectByPrimaryKey           : ==> Parameters: 2(Integer)
2020-07-14 14:41:03.369 DEBUG 14616 --- [XNIO-1 task-121] r.c.a.e.r.Q.selectByPrimaryKey           : <==      Total: 1
2020-07-14 14:41:03.371 DEBUG 14616 --- [XNIO-1 task-122] r.c.a.e.r.Q.selectByPrimaryKey           : ==>  Preparing: select id, question_type, subject_id, score, grade_level, difficult, correct, info_text_content_id, create_user, status, create_time, deleted from t_question where id = ? 
2020-07-14 14:41:03.371 DEBUG 14616 --- [XNIO-1 task-122] r.c.a.e.r.Q.selectByPrimaryKey           : ==> Parameters: 1(Integer)
2020-07-14 14:41:03.373 DEBUG 14616 --- [XNIO-1 task-122] r.c.a.e.r.Q.selectByPrimaryKey           : <==      Total: 1
2020-07-14 14:41:31.889 DEBUG 14616 --- [XNIO-1 task-123] r.c.a.e.r.T.insertSelective              : ==>  Preparing: insert into t_text_content ( content, create_time ) values ( ?, ? ) 
2020-07-14 14:41:31.889 DEBUG 14616 --- [XNIO-1 task-123] r.c.a.e.r.T.insertSelective              : ==> Parameters: [{"name":"单选","questionItems":[{"id":2,"itemOrder":1},{"id":1,"itemOrder":2}]}](String), 2020-07-14 14:41:31.882(Timestamp)
2020-07-14 14:41:31.891 DEBUG 14616 --- [XNIO-1 task-123] r.c.a.e.r.T.insertSelective              : <==    Updates: 1
2020-07-14 14:41:31.892 DEBUG 14616 --- [XNIO-1 task-123] r.c.a.e.r.S.selectByPrimaryKey           : ==>  Preparing: select id, name, level, level_name, item_order, deleted from t_subject where id = ? 
2020-07-14 14:41:31.892 DEBUG 14616 --- [XNIO-1 task-123] r.c.a.e.r.S.selectByPrimaryKey           : ==> Parameters: 1(Integer)
2020-07-14 14:41:31.893 DEBUG 14616 --- [XNIO-1 task-123] r.c.a.e.r.S.selectByPrimaryKey           : <==      Total: 1
2020-07-14 14:41:31.907 DEBUG 14616 --- [XNIO-1 task-123] r.c.a.e.r.E.insertSelective              : ==>  Preparing: insert into t_exam_paper ( name, subject_id, paper_type, grade_level, score, question_count, suggest_time, limit_start_time, limit_end_time, frame_text_content_id, create_user, create_time, deleted ) values ( ?, ?, ?, ?, ?, ?, ?, ?, ?, ?, ?, ?, ? ) 
2020-07-14 14:41:31.908 DEBUG 14616 --- [XNIO-1 task-123] r.c.a.e.r.E.insertSelective              : ==> Parameters: test1(String), 1(Integer), 4(Integer), 1(Integer), 20(Integer), 2(Integer), 60(Integer), 2020-07-14 00:00:00.0(Timestamp), 2020-07-16 00:00:00.0(Timestamp), 3(Integer), 2(Integer), 2020-07-14 14:41:31.882(Timestamp), false(Boolean)
2020-07-14 14:41:31.910 DEBUG 14616 --- [XNIO-1 task-123] r.c.a.e.r.E.insertSelective              : <==    Updates: 1
2020-07-14 14:41:31.915 DEBUG 14616 --- [XNIO-1 task-123] r.c.a.e.r.E.selectByPrimaryKey           : ==>  Preparing: select id, name, subject_id, paper_type, grade_level, score, question_count, suggest_time, limit_start_time, limit_end_time, frame_text_content_id, create_user, create_time, deleted, task_exam_id from t_exam_paper where id = ? 
2020-07-14 14:41:31.915 DEBUG 14616 --- [XNIO-1 task-123] r.c.a.e.r.E.selectByPrimaryKey           : ==> Parameters: 1(Integer)
2020-07-14 14:41:31.916 DEBUG 14616 --- [XNIO-1 task-123] r.c.a.e.r.E.selectByPrimaryKey           : <==      Total: 1
2020-07-14 14:41:31.919 DEBUG 14616 --- [XNIO-1 task-123] r.c.a.e.r.T.selectByPrimaryKey           : ==>  Preparing: select id, content, create_time from t_text_content where id = ? 
2020-07-14 14:41:31.919 DEBUG 14616 --- [XNIO-1 task-123] r.c.a.e.r.T.selectByPrimaryKey           : ==> Parameters: 3(Integer)
2020-07-14 14:41:31.920 DEBUG 14616 --- [XNIO-1 task-123] r.c.a.e.r.T.selectByPrimaryKey           : <==      Total: 1
2020-07-14 14:41:31.926 DEBUG 14616 --- [XNIO-1 task-123] r.c.a.e.r.QuestionMapper.selectByIds     : ==>  Preparing: SELECT id, question_type, subject_id, score, grade_level, difficult, correct, info_text_content_id, create_user, status, create_time, deleted FROM t_question where id in ( ? , ? ) 
2020-07-14 14:41:31.927 DEBUG 14616 --- [XNIO-1 task-123] r.c.a.e.r.QuestionMapper.selectByIds     : ==> Parameters: 2(Integer), 1(Integer)
2020-07-14 14:41:31.929 DEBUG 14616 --- [XNIO-1 task-123] r.c.a.e.r.QuestionMapper.selectByIds     : <==      Total: 2
2020-07-14 14:41:32.553 DEBUG 14616 --- [XNIO-1 task-124] r.c.a.e.r.SubjectMapper.allSubject       : ==>  Preparing: select id, name, level, level_name, item_order, deleted from t_subject WHERE deleted=0 
2020-07-14 14:41:32.554 DEBUG 14616 --- [XNIO-1 task-124] r.c.a.e.r.SubjectMapper.allSubject       : ==> Parameters: 
2020-07-14 14:41:32.554 DEBUG 14616 --- [XNIO-1 task-124] r.c.a.e.r.SubjectMapper.allSubject       : <==      Total: 1
2020-07-14 14:41:32.555 DEBUG 14616 --- [XNIO-1 task-125] r.c.a.e.r.ExamPaperMapper.page_COUNT     : ==>  Preparing: SELECT count(0) FROM t_exam_paper WHERE deleted = 0 
2020-07-14 14:41:32.555 DEBUG 14616 --- [XNIO-1 task-125] r.c.a.e.r.ExamPaperMapper.page_COUNT     : ==> Parameters: 
2020-07-14 14:41:32.556 DEBUG 14616 --- [XNIO-1 task-125] r.c.a.e.r.ExamPaperMapper.page_COUNT     : <==      Total: 1
2020-07-14 14:41:32.559 DEBUG 14616 --- [XNIO-1 task-125] r.c.a.e.repository.ExamPaperMapper.page  : ==>  Preparing: SELECT id, name, subject_id, paper_type, grade_level, score, question_count, suggest_time, limit_start_time, limit_end_time, frame_text_content_id, create_user, create_time, deleted, task_exam_id FROM t_exam_paper WHERE deleted = 0 order by id desc LIMIT ? 
2020-07-14 14:41:32.559 DEBUG 14616 --- [XNIO-1 task-125] r.c.a.e.repository.ExamPaperMapper.page  : ==> Parameters: 10(Integer)
2020-07-14 14:41:32.560 DEBUG 14616 --- [XNIO-1 task-125] r.c.a.e.repository.ExamPaperMapper.page  : <==      Total: 1
2020-07-14 14:51:02.852 DEBUG 14616 --- [XNIO-1 task-126] r.c.a.e.r.SubjectMapper.allSubject       : ==>  Preparing: select id, name, level, level_name, item_order, deleted from t_subject WHERE deleted=0 
2020-07-14 14:51:02.853 DEBUG 14616 --- [XNIO-1 task-126] r.c.a.e.r.SubjectMapper.allSubject       : ==> Parameters: 
2020-07-14 14:51:02.854 DEBUG 14616 --- [XNIO-1 task-126] r.c.a.e.r.SubjectMapper.allSubject       : <==      Total: 1
2020-07-14 14:51:02.854 DEBUG 14616 --- [XNIO-1 task-127] r.c.a.e.r.QuestionMapper.page_COUNT      : ==>  Preparing: SELECT count(0) FROM t_question WHERE deleted = 0 
2020-07-14 14:51:02.854 DEBUG 14616 --- [XNIO-1 task-127] r.c.a.e.r.QuestionMapper.page_COUNT      : ==> Parameters: 
2020-07-14 14:51:02.855 DEBUG 14616 --- [XNIO-1 task-127] r.c.a.e.r.QuestionMapper.page_COUNT      : <==      Total: 1
2020-07-14 14:51:02.856 DEBUG 14616 --- [XNIO-1 task-127] r.c.a.e.repository.QuestionMapper.page   : ==>  Preparing: SELECT id, question_type, subject_id, score, grade_level, difficult, correct, info_text_content_id, create_user, status, create_time, deleted FROM t_question WHERE deleted = 0 order by id desc LIMIT ? 
2020-07-14 14:51:02.857 DEBUG 14616 --- [XNIO-1 task-127] r.c.a.e.repository.QuestionMapper.page   : ==> Parameters: 10(Integer)
2020-07-14 14:51:02.858 DEBUG 14616 --- [XNIO-1 task-127] r.c.a.e.repository.QuestionMapper.page   : <==      Total: 2
2020-07-14 14:51:06.091 DEBUG 14616 --- [XNIO-1 task-128] r.c.a.e.r.SubjectMapper.allSubject       : ==>  Preparing: select id, name, level, level_name, item_order, deleted from t_subject WHERE deleted=0 
2020-07-14 14:51:06.092 DEBUG 14616 --- [XNIO-1 task-128] r.c.a.e.r.SubjectMapper.allSubject       : ==> Parameters: 
2020-07-14 14:51:06.092 DEBUG 14616 --- [XNIO-1 task-128] r.c.a.e.r.SubjectMapper.allSubject       : <==      Total: 1
2020-07-14 14:51:15.449 DEBUG 14616 --- [XNIO-1 task-129] r.c.a.e.r.SubjectMapper.allSubject       : ==>  Preparing: select id, name, level, level_name, item_order, deleted from t_subject WHERE deleted=0 
2020-07-14 14:51:15.449 DEBUG 14616 --- [XNIO-1 task-129] r.c.a.e.r.SubjectMapper.allSubject       : ==> Parameters: 
2020-07-14 14:51:15.450 DEBUG 14616 --- [XNIO-1 task-129] r.c.a.e.r.SubjectMapper.allSubject       : <==      Total: 1
2020-07-14 14:51:15.450 DEBUG 14616 --- [XNIO-1 task-130] r.c.a.e.r.Q.selectByPrimaryKey           : ==>  Preparing: select id, question_type, subject_id, score, grade_level, difficult, correct, info_text_content_id, create_user, status, create_time, deleted from t_question where id = ? 
2020-07-14 14:51:15.450 DEBUG 14616 --- [XNIO-1 task-130] r.c.a.e.r.Q.selectByPrimaryKey           : ==> Parameters: 2(Integer)
2020-07-14 14:51:15.452 DEBUG 14616 --- [XNIO-1 task-130] r.c.a.e.r.Q.selectByPrimaryKey           : <==      Total: 1
2020-07-14 14:51:19.043 DEBUG 14616 --- [XNIO-1 task-131] r.c.a.e.r.SubjectMapper.allSubject       : ==>  Preparing: select id, name, level, level_name, item_order, deleted from t_subject WHERE deleted=0 
2020-07-14 14:51:19.043 DEBUG 14616 --- [XNIO-1 task-131] r.c.a.e.r.SubjectMapper.allSubject       : ==> Parameters: 
2020-07-14 14:51:19.044 DEBUG 14616 --- [XNIO-1 task-131] r.c.a.e.r.SubjectMapper.allSubject       : <==      Total: 1
2020-07-14 14:52:57.500 DEBUG 14616 --- [XNIO-1 task-138] r.c.a.e.r.SubjectMapper.allSubject       : ==>  Preparing: select id, name, level, level_name, item_order, deleted from t_subject WHERE deleted=0 
2020-07-14 14:52:57.500 DEBUG 14616 --- [XNIO-1 task-138] r.c.a.e.r.SubjectMapper.allSubject       : ==> Parameters: 
2020-07-14 14:52:57.501 DEBUG 14616 --- [XNIO-1 task-138] r.c.a.e.r.SubjectMapper.allSubject       : <==      Total: 1
2020-07-14 14:52:57.503 DEBUG 14616 --- [XNIO-1 task-139] r.c.a.e.r.ExamPaperMapper.page_COUNT     : ==>  Preparing: SELECT count(0) FROM t_exam_paper WHERE deleted = 0 
2020-07-14 14:52:57.504 DEBUG 14616 --- [XNIO-1 task-139] r.c.a.e.r.ExamPaperMapper.page_COUNT     : ==> Parameters: 
2020-07-14 14:52:57.505 DEBUG 14616 --- [XNIO-1 task-139] r.c.a.e.r.ExamPaperMapper.page_COUNT     : <==      Total: 1
2020-07-14 14:52:57.506 DEBUG 14616 --- [XNIO-1 task-139] r.c.a.e.repository.ExamPaperMapper.page  : ==>  Preparing: SELECT id, name, subject_id, paper_type, grade_level, score, question_count, suggest_time, limit_start_time, limit_end_time, frame_text_content_id, create_user, create_time, deleted, task_exam_id FROM t_exam_paper WHERE deleted = 0 order by id desc LIMIT ? 
2020-07-14 14:52:57.506 DEBUG 14616 --- [XNIO-1 task-139] r.c.a.e.repository.ExamPaperMapper.page  : ==> Parameters: 10(Integer)
2020-07-14 14:52:57.507 DEBUG 14616 --- [XNIO-1 task-139] r.c.a.e.repository.ExamPaperMapper.page  : <==      Total: 1
2020-07-14 14:53:01.956 DEBUG 14616 --- [XNIO-1 task-140] r.c.a.e.r.SubjectMapper.allSubject       : ==>  Preparing: select id, name, level, level_name, item_order, deleted from t_subject WHERE deleted=0 
2020-07-14 14:53:01.957 DEBUG 14616 --- [XNIO-1 task-140] r.c.a.e.r.SubjectMapper.allSubject       : ==> Parameters: 
2020-07-14 14:53:01.957 DEBUG 14616 --- [XNIO-1 task-140] r.c.a.e.r.SubjectMapper.allSubject       : <==      Total: 1
2020-07-14 14:53:01.959 DEBUG 14616 --- [XNIO-1 task-141] r.c.a.e.r.QuestionMapper.page_COUNT      : ==>  Preparing: SELECT count(0) FROM t_question WHERE deleted = 0 
2020-07-14 14:53:01.959 DEBUG 14616 --- [XNIO-1 task-141] r.c.a.e.r.QuestionMapper.page_COUNT      : ==> Parameters: 
2020-07-14 14:53:01.960 DEBUG 14616 --- [XNIO-1 task-141] r.c.a.e.r.QuestionMapper.page_COUNT      : <==      Total: 1
2020-07-14 14:53:01.962 DEBUG 14616 --- [XNIO-1 task-141] r.c.a.e.repository.QuestionMapper.page   : ==>  Preparing: SELECT id, question_type, subject_id, score, grade_level, difficult, correct, info_text_content_id, create_user, status, create_time, deleted FROM t_question WHERE deleted = 0 order by id desc LIMIT ? 
2020-07-14 14:53:01.962 DEBUG 14616 --- [XNIO-1 task-141] r.c.a.e.repository.QuestionMapper.page   : ==> Parameters: 10(Integer)
2020-07-14 14:53:01.963 DEBUG 14616 --- [XNIO-1 task-141] r.c.a.e.repository.QuestionMapper.page   : <==      Total: 2
2020-07-14 14:53:05.669 DEBUG 14616 --- [XNIO-1 task-142] r.c.a.e.r.SubjectMapper.allSubject       : ==>  Preparing: select id, name, level, level_name, item_order, deleted from t_subject WHERE deleted=0 
2020-07-14 14:53:05.669 DEBUG 14616 --- [XNIO-1 task-142] r.c.a.e.r.SubjectMapper.allSubject       : ==> Parameters: 
2020-07-14 14:53:05.670 DEBUG 14616 --- [XNIO-1 task-142] r.c.a.e.r.SubjectMapper.allSubject       : <==      Total: 1
2020-07-14 14:56:14.225 DEBUG 14616 --- [XNIO-1 task-162] r.c.a.e.r.S.selectByPrimaryKey           : ==>  Preparing: select id, name, level, level_name, item_order, deleted from t_subject where id = ? 
2020-07-14 14:56:14.225 DEBUG 14616 --- [XNIO-1 task-162] r.c.a.e.r.S.selectByPrimaryKey           : ==> Parameters: 1(Integer)
2020-07-14 14:56:14.226 DEBUG 14616 --- [XNIO-1 task-162] r.c.a.e.r.S.selectByPrimaryKey           : <==      Total: 1
2020-07-14 14:56:14.228 DEBUG 14616 --- [XNIO-1 task-162] r.c.a.e.r.T.insertSelective              : ==>  Preparing: insert into t_text_content ( content, create_time ) values ( ?, ? ) 
2020-07-14 14:56:14.228 DEBUG 14616 --- [XNIO-1 task-162] r.c.a.e.r.T.insertSelective              : ==> Parameters: {"titleContent":"这是一个多选题","analyze":"有两个正确","questionItemObjects":[{"prefix":"A","content":"选项1","score":null},{"prefix":"B","content":"选项2","score":null},{"prefix":"C","content":"答案3","score":null},{"prefix":"D","content":"答案4","score":null}],"correct":""}(String), 2020-07-14 14:56:14.225(Timestamp)
2020-07-14 14:56:14.229 DEBUG 14616 --- [XNIO-1 task-162] r.c.a.e.r.T.insertSelective              : <==    Updates: 1
2020-07-14 14:56:14.231 DEBUG 14616 --- [XNIO-1 task-162] r.c.a.e.r.Q.insertSelective              : ==>  Preparing: insert into t_question ( question_type, subject_id, score, grade_level, difficult, correct, info_text_content_id, create_user, status, create_time, deleted ) values ( ?, ?, ?, ?, ?, ?, ?, ?, ?, ?, ? ) 
2020-07-14 14:56:14.233 DEBUG 14616 --- [XNIO-1 task-162] r.c.a.e.r.Q.insertSelective              : ==> Parameters: 2(Integer), 1(Integer), 10(Integer), 1(Integer), 5(Integer), C,D(String), 4(Integer), 2(Integer), 1(Integer), 2020-07-14 14:56:14.225(Timestamp), false(Boolean)
2020-07-14 14:56:14.233 DEBUG 14616 --- [XNIO-1 task-162] r.c.a.e.r.Q.insertSelective              : <==    Updates: 1
2020-07-14 14:56:14.883 DEBUG 14616 --- [XNIO-1 task-163] r.c.a.e.r.SubjectMapper.allSubject       : ==>  Preparing: select id, name, level, level_name, item_order, deleted from t_subject WHERE deleted=0 
2020-07-14 14:56:14.884 DEBUG 14616 --- [XNIO-1 task-163] r.c.a.e.r.SubjectMapper.allSubject       : ==> Parameters: 
2020-07-14 14:56:14.884 DEBUG 14616 --- [XNIO-1 task-163] r.c.a.e.r.SubjectMapper.allSubject       : <==      Total: 1
2020-07-14 14:56:14.886 DEBUG 14616 --- [XNIO-1 task-164] r.c.a.e.r.QuestionMapper.page_COUNT      : ==>  Preparing: SELECT count(0) FROM t_question WHERE deleted = 0 
2020-07-14 14:56:14.886 DEBUG 14616 --- [XNIO-1 task-164] r.c.a.e.r.QuestionMapper.page_COUNT      : ==> Parameters: 
2020-07-14 14:56:14.887 DEBUG 14616 --- [XNIO-1 task-164] r.c.a.e.r.QuestionMapper.page_COUNT      : <==      Total: 1
2020-07-14 14:56:14.888 DEBUG 14616 --- [XNIO-1 task-164] r.c.a.e.repository.QuestionMapper.page   : ==>  Preparing: SELECT id, question_type, subject_id, score, grade_level, difficult, correct, info_text_content_id, create_user, status, create_time, deleted FROM t_question WHERE deleted = 0 order by id desc LIMIT ? 
2020-07-14 14:56:14.889 DEBUG 14616 --- [XNIO-1 task-164] r.c.a.e.repository.QuestionMapper.page   : ==> Parameters: 10(Integer)
2020-07-14 14:56:14.890 DEBUG 14616 --- [XNIO-1 task-164] r.c.a.e.repository.QuestionMapper.page   : <==      Total: 3
2020-07-14 14:56:14.893 DEBUG 14616 --- [XNIO-1 task-164] r.c.a.e.r.T.selectByPrimaryKey           : ==>  Preparing: select id, content, create_time from t_text_content where id = ? 
2020-07-14 14:56:14.893 DEBUG 14616 --- [XNIO-1 task-164] r.c.a.e.r.T.selectByPrimaryKey           : ==> Parameters: 4(Integer)
2020-07-14 14:56:14.894 DEBUG 14616 --- [XNIO-1 task-164] r.c.a.e.r.T.selectByPrimaryKey           : <==      Total: 1
2020-07-14 15:40:18.126 DEBUG 14616 --- [XNIO-1 task-165] r.c.a.e.r.Q.selectByPrimaryKey           : ==>  Preparing: select id, question_type, subject_id, score, grade_level, difficult, correct, info_text_content_id, create_user, status, create_time, deleted from t_question where id = ? 
2020-07-14 15:40:18.126 DEBUG 14616 --- [XNIO-1 task-165] r.c.a.e.r.Q.selectByPrimaryKey           : ==> Parameters: 3(Integer)
2020-07-14 15:40:18.127 DEBUG 14616 --- [XNIO-1 task-165] r.c.a.e.r.Q.selectByPrimaryKey           : <==      Total: 1
2020-07-14 15:40:21.907 DEBUG 14616 --- [XNIO-1 task-166] r.c.a.e.r.SubjectMapper.allSubject       : ==>  Preparing: select id, name, level, level_name, item_order, deleted from t_subject WHERE deleted=0 
2020-07-14 15:40:21.907 DEBUG 14616 --- [XNIO-1 task-166] r.c.a.e.r.SubjectMapper.allSubject       : ==> Parameters: 
2020-07-14 15:40:21.908 DEBUG 14616 --- [XNIO-1 task-166] r.c.a.e.r.SubjectMapper.allSubject       : <==      Total: 1
2020-07-14 15:40:21.909 DEBUG 14616 --- [XNIO-1 task-167] r.c.a.e.r.Q.selectByPrimaryKey           : ==>  Preparing: select id, question_type, subject_id, score, grade_level, difficult, correct, info_text_content_id, create_user, status, create_time, deleted from t_question where id = ? 
2020-07-14 15:40:21.909 DEBUG 14616 --- [XNIO-1 task-167] r.c.a.e.r.Q.selectByPrimaryKey           : ==> Parameters: 3(Integer)
2020-07-14 15:40:21.910 DEBUG 14616 --- [XNIO-1 task-167] r.c.a.e.r.Q.selectByPrimaryKey           : <==      Total: 1
2020-07-14 15:43:30.708 DEBUG 14616 --- [XNIO-1 task-171] r.c.a.e.r.S.selectByPrimaryKey           : ==>  Preparing: select id, name, level, level_name, item_order, deleted from t_subject where id = ? 
2020-07-14 15:43:30.709 DEBUG 14616 --- [XNIO-1 task-171] r.c.a.e.r.S.selectByPrimaryKey           : ==> Parameters: 1(Integer)
2020-07-14 15:43:30.710 DEBUG 14616 --- [XNIO-1 task-171] r.c.a.e.r.S.selectByPrimaryKey           : <==      Total: 1
2020-07-14 15:43:30.710 DEBUG 14616 --- [XNIO-1 task-171] r.c.a.e.r.Q.selectByPrimaryKey           : ==>  Preparing: select id, question_type, subject_id, score, grade_level, difficult, correct, info_text_content_id, create_user, status, create_time, deleted from t_question where id = ? 
2020-07-14 15:43:30.711 DEBUG 14616 --- [XNIO-1 task-171] r.c.a.e.r.Q.selectByPrimaryKey           : ==> Parameters: 3(Integer)
2020-07-14 15:43:30.711 DEBUG 14616 --- [XNIO-1 task-171] r.c.a.e.r.Q.selectByPrimaryKey           : <==      Total: 1
2020-07-14 15:43:30.712 DEBUG 14616 --- [XNIO-1 task-171] r.c.a.e.r.Q.updateByPrimaryKeySelective  : ==>  Preparing: update t_question SET question_type = ?, subject_id = ?, score = ?, grade_level = ?, difficult = ?, correct = ?, info_text_content_id = ?, create_user = ?, status = ?, create_time = ?, deleted = ? where id = ? 
2020-07-14 15:43:30.713 DEBUG 14616 --- [XNIO-1 task-171] r.c.a.e.r.Q.updateByPrimaryKeySelective  : ==> Parameters: 2(Integer), 1(Integer), 10(Integer), 1(Integer), 5(Integer), B,C,D(String), 4(Integer), 2(Integer), 1(Integer), 2020-07-14 14:56:14.0(Timestamp), false(Boolean), 3(Integer)
2020-07-14 15:43:30.714 DEBUG 14616 --- [XNIO-1 task-171] r.c.a.e.r.Q.updateByPrimaryKeySelective  : <==    Updates: 1
2020-07-14 15:43:30.717 DEBUG 14616 --- [XNIO-1 task-171] r.c.a.e.r.T.updateByPrimaryKeySelective  : ==>  Preparing: update t_text_content SET content = ?, create_time = ? where id = ? 
2020-07-14 15:43:30.717 DEBUG 14616 --- [XNIO-1 task-171] r.c.a.e.r.T.updateByPrimaryKeySelective  : ==> Parameters: {"titleContent":"这是第二个多选题","analyze":"有两个正确","questionItemObjects":[{"prefix":"A","content":"选项1","score":null},{"prefix":"B","content":"答案2","score":null},{"prefix":"C","content":"答案3","score":null},{"prefix":"D","content":"答案4","score":null}],"correct":"C,D"}(String), 2020-07-14 14:56:14.0(Timestamp), 4(Integer)
2020-07-14 15:43:30.719 DEBUG 14616 --- [XNIO-1 task-171] r.c.a.e.r.T.updateByPrimaryKeySelective  : <==    Updates: 1
2020-07-14 15:43:31.344 DEBUG 14616 --- [XNIO-1 task-172] r.c.a.e.r.SubjectMapper.allSubject       : ==>  Preparing: select id, name, level, level_name, item_order, deleted from t_subject WHERE deleted=0 
2020-07-14 15:43:31.344 DEBUG 14616 --- [XNIO-1 task-172] r.c.a.e.r.SubjectMapper.allSubject       : ==> Parameters: 
2020-07-14 15:43:31.344 DEBUG 14616 --- [XNIO-1 task-172] r.c.a.e.r.SubjectMapper.allSubject       : <==      Total: 1
2020-07-14 15:43:31.346 DEBUG 14616 --- [XNIO-1 task-173] r.c.a.e.r.QuestionMapper.page_COUNT      : ==>  Preparing: SELECT count(0) FROM t_question WHERE deleted = 0 
2020-07-14 15:43:31.346 DEBUG 14616 --- [XNIO-1 task-173] r.c.a.e.r.QuestionMapper.page_COUNT      : ==> Parameters: 
2020-07-14 15:43:31.347 DEBUG 14616 --- [XNIO-1 task-173] r.c.a.e.r.QuestionMapper.page_COUNT      : <==      Total: 1
2020-07-14 15:43:31.348 DEBUG 14616 --- [XNIO-1 task-173] r.c.a.e.repository.QuestionMapper.page   : ==>  Preparing: SELECT id, question_type, subject_id, score, grade_level, difficult, correct, info_text_content_id, create_user, status, create_time, deleted FROM t_question WHERE deleted = 0 order by id desc LIMIT ? 
2020-07-14 15:43:31.348 DEBUG 14616 --- [XNIO-1 task-173] r.c.a.e.repository.QuestionMapper.page   : ==> Parameters: 10(Integer)
2020-07-14 15:43:31.349 DEBUG 14616 --- [XNIO-1 task-173] r.c.a.e.repository.QuestionMapper.page   : <==      Total: 3
2020-07-14 15:43:31.351 DEBUG 14616 --- [XNIO-1 task-173] r.c.a.e.r.T.selectByPrimaryKey           : ==>  Preparing: select id, content, create_time from t_text_content where id = ? 
2020-07-14 15:43:31.351 DEBUG 14616 --- [XNIO-1 task-173] r.c.a.e.r.T.selectByPrimaryKey           : ==> Parameters: 4(Integer)
2020-07-14 15:43:31.352 DEBUG 14616 --- [XNIO-1 task-173] r.c.a.e.r.T.selectByPrimaryKey           : <==      Total: 1
2020-07-14 15:45:40.336 DEBUG 14616 --- [XNIO-1 task-174] r.c.a.e.r.SubjectMapper.allSubject       : ==>  Preparing: select id, name, level, level_name, item_order, deleted from t_subject WHERE deleted=0 
2020-07-14 15:45:40.336 DEBUG 14616 --- [XNIO-1 task-174] r.c.a.e.r.SubjectMapper.allSubject       : ==> Parameters: 
2020-07-14 15:45:40.337 DEBUG 14616 --- [XNIO-1 task-174] r.c.a.e.r.SubjectMapper.allSubject       : <==      Total: 1
2020-07-14 15:46:44.522 DEBUG 14616 --- [XNIO-1 task-181] r.c.a.e.r.S.selectByPrimaryKey           : ==>  Preparing: select id, name, level, level_name, item_order, deleted from t_subject where id = ? 
2020-07-14 15:46:44.522 DEBUG 14616 --- [XNIO-1 task-181] r.c.a.e.r.S.selectByPrimaryKey           : ==> Parameters: 1(Integer)
2020-07-14 15:46:44.522 DEBUG 14616 --- [XNIO-1 task-181] r.c.a.e.r.S.selectByPrimaryKey           : <==      Total: 1
2020-07-14 15:46:44.523 DEBUG 14616 --- [XNIO-1 task-181] r.c.a.e.r.T.insertSelective              : ==>  Preparing: insert into t_text_content ( content, create_time ) values ( ?, ? ) 
2020-07-14 15:46:44.524 DEBUG 14616 --- [XNIO-1 task-181] r.c.a.e.r.T.insertSelective              : ==> Parameters: {"titleContent":"这是第一个多选题","analyze":"啊扩大解放螺丝钉","questionItemObjects":[{"prefix":"A","content":"答案1","score":null},{"prefix":"B","content":"答案2","score":null},{"prefix":"C","content":"选项1","score":null},{"prefix":"D","content":"选项2","score":null}],"correct":""}(String), 2020-07-14 15:46:44.521(Timestamp)
2020-07-14 15:46:44.525 DEBUG 14616 --- [XNIO-1 task-181] r.c.a.e.r.T.insertSelective              : <==    Updates: 1
2020-07-14 15:46:44.526 DEBUG 14616 --- [XNIO-1 task-181] r.c.a.e.r.Q.insertSelective              : ==>  Preparing: insert into t_question ( question_type, subject_id, score, grade_level, difficult, correct, info_text_content_id, create_user, status, create_time, deleted ) values ( ?, ?, ?, ?, ?, ?, ?, ?, ?, ?, ? ) 
2020-07-14 15:46:44.528 DEBUG 14616 --- [XNIO-1 task-181] r.c.a.e.r.Q.insertSelective              : ==> Parameters: 2(Integer), 1(Integer), 10(Integer), 1(Integer), 3(Integer), A,B(String), 5(Integer), 2(Integer), 1(Integer), 2020-07-14 15:46:44.521(Timestamp), false(Boolean)
2020-07-14 15:46:44.528 DEBUG 14616 --- [XNIO-1 task-181] r.c.a.e.r.Q.insertSelective              : <==    Updates: 1
2020-07-14 15:46:45.164 DEBUG 14616 --- [XNIO-1 task-182] r.c.a.e.r.SubjectMapper.allSubject       : ==>  Preparing: select id, name, level, level_name, item_order, deleted from t_subject WHERE deleted=0 
2020-07-14 15:46:45.164 DEBUG 14616 --- [XNIO-1 task-182] r.c.a.e.r.SubjectMapper.allSubject       : ==> Parameters: 
2020-07-14 15:46:45.165 DEBUG 14616 --- [XNIO-1 task-182] r.c.a.e.r.SubjectMapper.allSubject       : <==      Total: 1
2020-07-14 15:46:45.167 DEBUG 14616 --- [XNIO-1 task-183] r.c.a.e.r.QuestionMapper.page_COUNT      : ==>  Preparing: SELECT count(0) FROM t_question WHERE deleted = 0 
2020-07-14 15:46:45.167 DEBUG 14616 --- [XNIO-1 task-183] r.c.a.e.r.QuestionMapper.page_COUNT      : ==> Parameters: 
2020-07-14 15:46:45.168 DEBUG 14616 --- [XNIO-1 task-183] r.c.a.e.r.QuestionMapper.page_COUNT      : <==      Total: 1
2020-07-14 15:46:45.169 DEBUG 14616 --- [XNIO-1 task-183] r.c.a.e.repository.QuestionMapper.page   : ==>  Preparing: SELECT id, question_type, subject_id, score, grade_level, difficult, correct, info_text_content_id, create_user, status, create_time, deleted FROM t_question WHERE deleted = 0 order by id desc LIMIT ? 
2020-07-14 15:46:45.169 DEBUG 14616 --- [XNIO-1 task-183] r.c.a.e.repository.QuestionMapper.page   : ==> Parameters: 10(Integer)
2020-07-14 15:46:45.170 DEBUG 14616 --- [XNIO-1 task-183] r.c.a.e.repository.QuestionMapper.page   : <==      Total: 4
2020-07-14 15:46:45.171 DEBUG 14616 --- [XNIO-1 task-183] r.c.a.e.r.T.selectByPrimaryKey           : ==>  Preparing: select id, content, create_time from t_text_content where id = ? 
2020-07-14 15:46:45.172 DEBUG 14616 --- [XNIO-1 task-183] r.c.a.e.r.T.selectByPrimaryKey           : ==> Parameters: 5(Integer)
2020-07-14 15:46:45.172 DEBUG 14616 --- [XNIO-1 task-183] r.c.a.e.r.T.selectByPrimaryKey           : <==      Total: 1
2020-07-14 15:54:43.142 DEBUG 14616 --- [XNIO-1 task-184] r.c.a.e.r.SubjectMapper.allSubject       : ==>  Preparing: select id, name, level, level_name, item_order, deleted from t_subject WHERE deleted=0 
2020-07-14 15:54:43.142 DEBUG 14616 --- [XNIO-1 task-184] r.c.a.e.r.SubjectMapper.allSubject       : ==> Parameters: 
2020-07-14 15:54:43.143 DEBUG 14616 --- [XNIO-1 task-184] r.c.a.e.r.SubjectMapper.allSubject       : <==      Total: 1
2020-07-14 15:54:43.145 DEBUG 14616 --- [XNIO-1 task-185] r.c.a.e.r.Q.selectByPrimaryKey           : ==>  Preparing: select id, question_type, subject_id, score, grade_level, difficult, correct, info_text_content_id, create_user, status, create_time, deleted from t_question where id = ? 
2020-07-14 15:54:43.145 DEBUG 14616 --- [XNIO-1 task-185] r.c.a.e.r.Q.selectByPrimaryKey           : ==> Parameters: 4(Integer)
2020-07-14 15:54:43.146 DEBUG 14616 --- [XNIO-1 task-185] r.c.a.e.r.Q.selectByPrimaryKey           : <==      Total: 1
2020-07-14 16:32:00.438 DEBUG 14616 --- [XNIO-1 task-186] r.c.a.e.r.SubjectMapper.allSubject       : ==>  Preparing: select id, name, level, level_name, item_order, deleted from t_subject WHERE deleted=0 
2020-07-14 16:32:00.438 DEBUG 14616 --- [XNIO-1 task-186] r.c.a.e.r.SubjectMapper.allSubject       : ==> Parameters: 
2020-07-14 16:32:00.439 DEBUG 14616 --- [XNIO-1 task-186] r.c.a.e.r.SubjectMapper.allSubject       : <==      Total: 1
2020-07-14 16:32:00.444 DEBUG 14616 --- [XNIO-1 task-187] r.c.a.e.r.QuestionMapper.page_COUNT      : ==>  Preparing: SELECT count(0) FROM t_question WHERE deleted = 0 
2020-07-14 16:32:00.444 DEBUG 14616 --- [XNIO-1 task-187] r.c.a.e.r.QuestionMapper.page_COUNT      : ==> Parameters: 
2020-07-14 16:32:00.445 DEBUG 14616 --- [XNIO-1 task-187] r.c.a.e.r.QuestionMapper.page_COUNT      : <==      Total: 1
2020-07-14 16:32:00.446 DEBUG 14616 --- [XNIO-1 task-187] r.c.a.e.repository.QuestionMapper.page   : ==>  Preparing: SELECT id, question_type, subject_id, score, grade_level, difficult, correct, info_text_content_id, create_user, status, create_time, deleted FROM t_question WHERE deleted = 0 order by id desc LIMIT ? 
2020-07-14 16:32:00.446 DEBUG 14616 --- [XNIO-1 task-187] r.c.a.e.repository.QuestionMapper.page   : ==> Parameters: 10(Integer)
2020-07-14 16:32:00.447 DEBUG 14616 --- [XNIO-1 task-187] r.c.a.e.repository.QuestionMapper.page   : <==      Total: 4
2020-07-14 16:32:04.014 DEBUG 14616 --- [XNIO-1 task-188] r.c.a.e.r.E.selectAllCount               : ==>  Preparing: SELECT count(*) from t_exam_paper where deleted=0 
2020-07-14 16:32:04.014 DEBUG 14616 --- [XNIO-1 task-188] r.c.a.e.r.E.selectAllCount               : ==> Parameters: 
2020-07-14 16:32:04.015 DEBUG 14616 --- [XNIO-1 task-188] r.c.a.e.r.E.selectAllCount               : <==      Total: 1
2020-07-14 16:32:04.016 DEBUG 14616 --- [XNIO-1 task-188] r.c.a.e.r.QuestionMapper.selectAllCount  : ==>  Preparing: SELECT count(*) from t_question where deleted=0 
2020-07-14 16:32:04.016 DEBUG 14616 --- [XNIO-1 task-188] r.c.a.e.r.QuestionMapper.selectAllCount  : ==> Parameters: 
2020-07-14 16:32:04.017 DEBUG 14616 --- [XNIO-1 task-188] r.c.a.e.r.QuestionMapper.selectAllCount  : <==      Total: 1
2020-07-14 16:32:04.017 DEBUG 14616 --- [XNIO-1 task-188] r.c.a.e.r.E.selectAllCount               : ==>  Preparing: SELECT count(*) from t_exam_paper_answer 
2020-07-14 16:32:04.017 DEBUG 14616 --- [XNIO-1 task-188] r.c.a.e.r.E.selectAllCount               : ==> Parameters: 
2020-07-14 16:32:04.018 DEBUG 14616 --- [XNIO-1 task-188] r.c.a.e.r.E.selectAllCount               : <==      Total: 1
2020-07-14 16:32:04.019 DEBUG 14616 --- [XNIO-1 task-188] r.c.a.e.r.E.selectAllCount               : ==>  Preparing: SELECT count(*) from t_exam_paper_question_customer_answer 
2020-07-14 16:32:04.019 DEBUG 14616 --- [XNIO-1 task-188] r.c.a.e.r.E.selectAllCount               : ==> Parameters: 
2020-07-14 16:32:04.020 DEBUG 14616 --- [XNIO-1 task-188] r.c.a.e.r.E.selectAllCount               : <==      Total: 1
2020-07-14 16:32:04.020 DEBUG 14616 --- [XNIO-1 task-188] r.c.a.e.r.U.selectCountByDate            : ==>  Preparing: SELECT create_time as name,COUNT(create_time) as value from ( SELECT DATE_FORMAT(create_time,'%Y-%m-%d') as create_time from t_user_event_log WHERE create_time between ? and ? ) a GROUP BY create_time 
2020-07-14 16:32:04.021 DEBUG 14616 --- [XNIO-1 task-188] r.c.a.e.r.U.selectCountByDate            : ==> Parameters: 2020-07-01 00:00:00.0(Timestamp), 2020-07-31 23:59:59.0(Timestamp)
2020-07-14 16:32:04.022 DEBUG 14616 --- [XNIO-1 task-188] r.c.a.e.r.U.selectCountByDate            : <==      Total: 3
2020-07-14 16:32:04.023 DEBUG 14616 --- [XNIO-1 task-188] r.c.a.e.r.E.selectCountByDate            : ==>  Preparing: SELECT create_time as name,COUNT(create_time) as value from ( SELECT DATE_FORMAT(create_time,'%Y-%m-%d') as create_time from t_exam_paper_question_customer_answer WHERE create_time between ? and ? ) a GROUP BY create_time 
2020-07-14 16:32:04.023 DEBUG 14616 --- [XNIO-1 task-188] r.c.a.e.r.E.selectCountByDate            : ==> Parameters: 2020-07-01 00:00:00.0(Timestamp), 2020-07-31 23:59:59.0(Timestamp)
2020-07-14 16:32:04.024 DEBUG 14616 --- [XNIO-1 task-188] r.c.a.e.r.E.selectCountByDate            : <==      Total: 0
2020-07-14 16:39:35.694  WARN 14616 --- [HikariPool-1 housekeeper] com.zaxxer.hikari.pool.HikariPool        : HikariPool-1 - Thread starvation or clock leap detected (housekeeper delta=1m59s525ms709µs200ns).
2020-07-14 16:42:37.792 DEBUG 14616 --- [XNIO-1 task-189] r.c.a.e.r.SubjectMapper.allSubject       : ==>  Preparing: select id, name, level, level_name, item_order, deleted from t_subject WHERE deleted=0 
2020-07-14 16:42:37.792 DEBUG 14616 --- [XNIO-1 task-189] r.c.a.e.r.SubjectMapper.allSubject       : ==> Parameters: 
2020-07-14 16:42:37.794 DEBUG 14616 --- [XNIO-1 task-189] r.c.a.e.r.SubjectMapper.allSubject       : <==      Total: 1
2020-07-14 16:42:37.794 DEBUG 14616 --- [XNIO-1 task-190] r.c.a.e.r.ExamPaperMapper.page_COUNT     : ==>  Preparing: SELECT count(0) FROM t_exam_paper WHERE deleted = 0 
2020-07-14 16:42:37.795 DEBUG 14616 --- [XNIO-1 task-190] r.c.a.e.r.ExamPaperMapper.page_COUNT     : ==> Parameters: 
2020-07-14 16:42:37.795 DEBUG 14616 --- [XNIO-1 task-190] r.c.a.e.r.ExamPaperMapper.page_COUNT     : <==      Total: 1
2020-07-14 16:42:37.797 DEBUG 14616 --- [XNIO-1 task-190] r.c.a.e.repository.ExamPaperMapper.page  : ==>  Preparing: SELECT id, name, subject_id, paper_type, grade_level, score, question_count, suggest_time, limit_start_time, limit_end_time, frame_text_content_id, create_user, create_time, deleted, task_exam_id FROM t_exam_paper WHERE deleted = 0 order by id desc LIMIT ? 
2020-07-14 16:42:37.797 DEBUG 14616 --- [XNIO-1 task-190] r.c.a.e.repository.ExamPaperMapper.page  : ==> Parameters: 10(Integer)
2020-07-14 16:42:37.798 DEBUG 14616 --- [XNIO-1 task-190] r.c.a.e.repository.ExamPaperMapper.page  : <==      Total: 1
2020-07-14 16:42:44.818 DEBUG 14616 --- [XNIO-1 task-191] r.c.a.e.r.E.selectByPrimaryKey           : ==>  Preparing: select id, name, subject_id, paper_type, grade_level, score, question_count, suggest_time, limit_start_time, limit_end_time, frame_text_content_id, create_user, create_time, deleted, task_exam_id from t_exam_paper where id = ? 
2020-07-14 16:42:44.818 DEBUG 14616 --- [XNIO-1 task-191] r.c.a.e.r.E.selectByPrimaryKey           : ==> Parameters: 1(Integer)
2020-07-14 16:42:44.819 DEBUG 14616 --- [XNIO-1 task-191] r.c.a.e.r.E.selectByPrimaryKey           : <==      Total: 1
2020-07-14 16:42:44.820 DEBUG 14616 --- [XNIO-1 task-191] r.c.a.e.r.E.updateByPrimaryKeySelective  : ==>  Preparing: update t_exam_paper SET name = ?, subject_id = ?, paper_type = ?, grade_level = ?, score = ?, question_count = ?, suggest_time = ?, limit_start_time = ?, limit_end_time = ?, frame_text_content_id = ?, create_user = ?, create_time = ?, deleted = ? where id = ? 
2020-07-14 16:42:44.821 DEBUG 14616 --- [XNIO-1 task-191] r.c.a.e.r.E.updateByPrimaryKeySelective  : ==> Parameters: test1(String), 1(Integer), 4(Integer), 1(Integer), 20(Integer), 2(Integer), 60(Integer), 2020-07-14 00:00:00.0(Timestamp), 2020-07-16 00:00:00.0(Timestamp), 3(Integer), 2(Integer), 2020-07-14 14:41:32.0(Timestamp), true(Boolean), 1(Integer)
2020-07-14 16:42:44.832 DEBUG 14616 --- [XNIO-1 task-191] r.c.a.e.r.E.updateByPrimaryKeySelective  : <==    Updates: 1
2020-07-14 16:42:44.850 DEBUG 14616 --- [XNIO-1 task-192] r.c.a.e.r.ExamPaperMapper.page_COUNT     : ==>  Preparing: SELECT count(0) FROM t_exam_paper WHERE deleted = 0 
2020-07-14 16:42:44.850 DEBUG 14616 --- [XNIO-1 task-192] r.c.a.e.r.ExamPaperMapper.page_COUNT     : ==> Parameters: 
2020-07-14 16:42:44.851 DEBUG 14616 --- [XNIO-1 task-192] r.c.a.e.r.ExamPaperMapper.page_COUNT     : <==      Total: 1
2020-07-14 17:01:33.314  WARN 14616 --- [HikariPool-1 housekeeper] com.zaxxer.hikari.pool.HikariPool        : HikariPool-1 - Thread starvation or clock leap detected (housekeeper delta=1m57s578ms768µs400ns).
